[0] : (bedaeaaefb -> [Materie: Mizerie, Ore_curs: 3, Ore_lab: 3, Credit: 2, Teme: 3])
[1] :
[2] :
[3] :
[4] :
[5] :
[6] : (bebdeafcbb -> [Materie: FIZICA, Ore_curs: 2, Ore_lab: 5, Credit: 2, Teme: 4])
[7] :
[8] :
[9] :
[0] : (bedaeaaefb -> [Materie: Mizerie, Ore_curs: 3, Ore_lab: 3, Credit: 2, Teme: 3]) (fdfcddbbad -> [Materie: EComm, Ore_curs: 4, Ore_lab: 6, Credit: 2, Teme: 1])
[1] :
[2] :
[3] : (cdacecbbcd -> [Nume: Tammara, Grupa: 318cb, Medie: 9.00, Varsta: 28]) (cfafebdedb -> [Materie: EEA, Ore_curs: 2, Ore_lab: 6, Credit: 3, Teme: 4])
[4] :
[5] :
[6] : (bebdeafcbb -> [Materie: FIZICA, Ore_curs: 2, Ore_lab: 5, Credit: 2, Teme: 4])
[7] :
[8] :
[9] :
[0] : (bedaeaaefb -> [Materie: Mizerie, Ore_curs: 3, Ore_lab: 3, Credit: 2, Teme: 3]) (fdfcddbbad -> [Materie: EComm, Ore_curs: 4, Ore_lab: 6, Credit: 2, Teme: 1])
[1] :
[2] :
[3] : (cdacecbbcd -> [Nume: Tammara, Grupa: 318cb, Medie: 9.00, Varsta: 28]) (cfafebdedb -> [Materie: EEA, Ore_curs: 2, Ore_lab: 6, Credit: 3, Teme: 4]) (cbdddebdae -> [Nume: Malena, Grupa: 313cf, Medie: 8.00, Varsta: 23])
[4] :
[5] :
[6] : (bebdeafcbb -> [Materie: FIZICA, Ore_curs: 2, Ore_lab: 5, Credit: 2, Teme: 4])
[7] : (efafddabed -> [Nume: Celestine, Grupa: 313ce, Medie: 6.90, Varsta: 23])
[8] :
[9] :
