[0] :
[1] :
[2] :
[3] :
[4] :
[5] :
[6] :
[7] :
[8] :
[9] :
[10] :
[11] :
[12] :
[13] :
[14] :
[15] : (6550 -> [Nume: Leora, Grupa: 319cf, Medie: 7.50, Varsta: 20])
[16] :
[17] :
[18] :
[19] : (273 -> [Nume: Santana, Grupa: 317ce, Medie: 6.30, Varsta: 21])
[20] :
[21] :
[22] :
[23] :
[24] :
[0] :
[1] :
[2] : (466 -> [Nume: Linda, Grupa: 316cf, Medie: 6.20, Varsta: 20])
[3] :
[4] :
[5] :
[6] :
[7] :
[8] :
[9] :
[10] :
[11] :
[12] :
[13] : (4660 -> [Materie: SO, Ore_curs: 2, Ore_lab: 5, Credit: 2, Teme: 2])
[14] :
[15] : (6550 -> [Nume: Leora, Grupa: 319cf, Medie: 7.50, Varsta: 20]) (1589 -> [Nume: Belva, Grupa: 311cb, Medie: 7.30, Varsta: 27])
[16] :
[17] :
[18] :
[19] : (273 -> [Nume: Santana, Grupa: 317ce, Medie: 6.30, Varsta: 21])
[20] :
[21] :
[22] :
[23] :
[24] :
[0] :
[1] :
[2] : (466 -> [Nume: Linda, Grupa: 316cf, Medie: 6.20, Varsta: 20])
[3] :
[4] :
[5] :
[6] :
[7] : (8899 -> [Materie: PM, Ore_curs: 4, Ore_lab: 2, Credit: 2, Teme: 1])
[8] : (3943 -> [Nume: Malena, Grupa: 314ca, Medie: 9.20, Varsta: 20])
[9] :
[10] :
[11] :
[12] : (3160 -> [Materie: PL, Ore_curs: 4, Ore_lab: 1, Credit: 2, Teme: 3])
[13] : (4660 -> [Materie: SO, Ore_curs: 2, Ore_lab: 5, Credit: 2, Teme: 2])
[14] : (8398 -> [Materie: EGC, Ore_curs: 2, Ore_lab: 5, Credit: 3, Teme: 5])
[15] : (6550 -> [Nume: Leora, Grupa: 319cf, Medie: 7.50, Varsta: 20]) (1589 -> [Nume: Belva, Grupa: 311cb, Medie: 7.30, Varsta: 27])
[16] :
[17] :
[18] :
[19] : (273 -> [Nume: Santana, Grupa: 317ce, Medie: 6.30, Varsta: 21])
[20] :
[21] :
[22] :
[23] :
[24] :
[0] :
[1] :
[2] : (466 -> [Nume: Linda, Grupa: 316cf, Medie: 6.20, Varsta: 20])
[3] :
[4] :
[5] :
[6] : (2138 -> [Materie: PP, Ore_curs: 2, Ore_lab: 2, Credit: 2, Teme: 4])
[7] : (8899 -> [Materie: PM, Ore_curs: 4, Ore_lab: 2, Credit: 2, Teme: 1])
[8] : (3943 -> [Nume: Malena, Grupa: 314ca, Medie: 9.20, Varsta: 20]) (9204 -> [Materie: PA, Ore_curs: 2, Ore_lab: 1, Credit: 2, Teme: 2])
[9] :
[10] :
[11] :
[12] : (3160 -> [Materie: PL, Ore_curs: 4, Ore_lab: 1, Credit: 2, Teme: 3])
[13] : (4660 -> [Materie: SO, Ore_curs: 2, Ore_lab: 5, Credit: 2, Teme: 2]) (9003 -> [Nume: Erwin, Grupa: 319cb, Medie: 6.30, Varsta: 28])
[14] : (8398 -> [Materie: EGC, Ore_curs: 2, Ore_lab: 5, Credit: 3, Teme: 5])
[15] : (6550 -> [Nume: Leora, Grupa: 319cf, Medie: 7.50, Varsta: 20]) (1589 -> [Nume: Belva, Grupa: 311cb, Medie: 7.30, Varsta: 27])
[16] :
[17] : (4868 -> [Materie: MN, Ore_curs: 1, Ore_lab: 5, Credit: 3, Teme: 6])
[18] :
[19] : (273 -> [Nume: Santana, Grupa: 317ce, Medie: 6.30, Varsta: 21])
[20] : (374 -> [Materie: MN, Ore_curs: 1, Ore_lab: 1, Credit: 3, Teme: 5])
[21] :
[22] :
[23] :
[24] :
[0] :
[1] :
[2] : (466 -> [Nume: Linda, Grupa: 316cf, Medie: 6.20, Varsta: 20])
[3] :
[4] :
[5] :
[6] : (2138 -> [Materie: PP, Ore_curs: 2, Ore_lab: 2, Credit: 2, Teme: 4])
[7] : (8899 -> [Materie: PM, Ore_curs: 4, Ore_lab: 2, Credit: 2, Teme: 1])
[8] : (3943 -> [Nume: Malena, Grupa: 314ca, Medie: 9.20, Varsta: 20]) (9204 -> [Materie: PA, Ore_curs: 2, Ore_lab: 1, Credit: 2, Teme: 2])
[9] :
[10] :
[11] :
[12] : (3160 -> [Materie: PL, Ore_curs: 4, Ore_lab: 1, Credit: 2, Teme: 3])
[13] : (4660 -> [Materie: SO, Ore_curs: 2, Ore_lab: 5, Credit: 2, Teme: 2]) (9003 -> [Nume: Erwin, Grupa: 319cb, Medie: 6.30, Varsta: 28])
[14] : (8398 -> [Materie: EGC, Ore_curs: 2, Ore_lab: 5, Credit: 3, Teme: 5])
[15] : (6550 -> [Nume: Leora, Grupa: 319cf, Medie: 7.50, Varsta: 20]) (1589 -> [Nume: Belva, Grupa: 311cb, Medie: 7.30, Varsta: 27])
[16] :
[17] : (4868 -> [Materie: MN, Ore_curs: 1, Ore_lab: 5, Credit: 3, Teme: 6])
[18] :
[19] : (273 -> [Nume: Santana, Grupa: 317ce, Medie: 6.30, Varsta: 21])
[20] : (374 -> [Materie: MN, Ore_curs: 1, Ore_lab: 1, Credit: 3, Teme: 5])
[21] :
[22] :
[23] :
[24] :
[0] :
[1] :
[2] : (466 -> [Nume: Linda, Grupa: 316cf, Medie: 6.20, Varsta: 20])
[3] : (1348 -> [Materie: CPL, Ore_curs: 3, Ore_lab: 2, Credit: 2, Teme: 4])
[4] :
[5] :
[6] : (2138 -> [Materie: PP, Ore_curs: 2, Ore_lab: 2, Credit: 2, Teme: 4])
[7] : (8899 -> [Materie: PM, Ore_curs: 4, Ore_lab: 2, Credit: 2, Teme: 1])
[8] : (3943 -> [Nume: Malena, Grupa: 314ca, Medie: 9.20, Varsta: 20]) (9204 -> [Materie: PA, Ore_curs: 2, Ore_lab: 1, Credit: 2, Teme: 2])
[9] :
[10] :
[11] :
[12] : (3160 -> [Materie: PL, Ore_curs: 4, Ore_lab: 1, Credit: 2, Teme: 3])
[13] : (4660 -> [Materie: SO, Ore_curs: 2, Ore_lab: 5, Credit: 2, Teme: 2]) (9003 -> [Nume: Erwin, Grupa: 319cb, Medie: 6.30, Varsta: 28])
[14] : (8398 -> [Materie: EGC, Ore_curs: 2, Ore_lab: 5, Credit: 3, Teme: 5])
[15] : (6550 -> [Nume: Leora, Grupa: 319cf, Medie: 7.50, Varsta: 20]) (1589 -> [Nume: Belva, Grupa: 311cb, Medie: 7.30, Varsta: 27])
[16] :
[17] : (4868 -> [Materie: MN, Ore_curs: 1, Ore_lab: 5, Credit: 3, Teme: 6])
[18] :
[19] : (273 -> [Nume: Santana, Grupa: 317ce, Medie: 6.30, Varsta: 21])
[20] : (374 -> [Materie: MN, Ore_curs: 1, Ore_lab: 1, Credit: 3, Teme: 5])
[21] :
[22] :
[23] :
[24] :
[0] :
[1] : (6147 -> [Nume: Bryce, Grupa: 319ca, Medie: 8.10, Varsta: 22])
[2] : (466 -> [Nume: Linda, Grupa: 316cf, Medie: 6.20, Varsta: 20])
[3] : (1348 -> [Materie: CPL, Ore_curs: 3, Ore_lab: 2, Credit: 2, Teme: 4])
[4] :
[5] :
[6] : (2138 -> [Materie: PP, Ore_curs: 2, Ore_lab: 2, Credit: 2, Teme: 4]) (360 -> [Materie: Ghinion, Ore_curs: 3, Ore_lab: 5, Credit: 2, Teme: 1])
[7] : (8899 -> [Materie: PM, Ore_curs: 4, Ore_lab: 2, Credit: 2, Teme: 1])
[8] : (3943 -> [Nume: Malena, Grupa: 314ca, Medie: 9.20, Varsta: 20]) (9204 -> [Materie: PA, Ore_curs: 2, Ore_lab: 1, Credit: 2, Teme: 2])
[9] :
[10] :
[11] :
[12] : (3160 -> [Materie: PL, Ore_curs: 4, Ore_lab: 1, Credit: 2, Teme: 3])
[13] : (4660 -> [Materie: SO, Ore_curs: 2, Ore_lab: 5, Credit: 2, Teme: 2]) (9003 -> [Nume: Erwin, Grupa: 319cb, Medie: 6.30, Varsta: 28])
[14] : (8398 -> [Materie: EGC, Ore_curs: 2, Ore_lab: 5, Credit: 3, Teme: 5])
[15] : (6550 -> [Nume: Leora, Grupa: 319cf, Medie: 7.50, Varsta: 20]) (1589 -> [Nume: Belva, Grupa: 311cb, Medie: 7.30, Varsta: 27])
[16] :
[17] : (4868 -> [Materie: MN, Ore_curs: 1, Ore_lab: 5, Credit: 3, Teme: 6])
[18] :
[19] : (273 -> [Nume: Santana, Grupa: 317ce, Medie: 6.30, Varsta: 21])
[20] : (374 -> [Materie: MN, Ore_curs: 1, Ore_lab: 1, Credit: 3, Teme: 5])
[21] :
[22] :
[23] :
[24] :
[0] :
[1] : (6147 -> [Nume: Bryce, Grupa: 319ca, Medie: 8.10, Varsta: 22])
[2] : (466 -> [Nume: Linda, Grupa: 316cf, Medie: 6.20, Varsta: 20])
[3] : (1348 -> [Materie: CPL, Ore_curs: 3, Ore_lab: 2, Credit: 2, Teme: 4])
[4] :
[5] :
[6] : (2138 -> [Materie: PP, Ore_curs: 2, Ore_lab: 2, Credit: 2, Teme: 4]) (360 -> [Materie: Ghinion, Ore_curs: 3, Ore_lab: 5, Credit: 2, Teme: 1])
[7] : (8899 -> [Materie: PM, Ore_curs: 4, Ore_lab: 2, Credit: 2, Teme: 1])
[8] : (3943 -> [Nume: Malena, Grupa: 314ca, Medie: 9.20, Varsta: 20]) (9204 -> [Materie: PA, Ore_curs: 2, Ore_lab: 1, Credit: 2, Teme: 2])
[9] :
[10] :
[11] :
[12] : (3160 -> [Materie: PL, Ore_curs: 4, Ore_lab: 1, Credit: 2, Teme: 3])
[13] : (4660 -> [Materie: SO, Ore_curs: 2, Ore_lab: 5, Credit: 2, Teme: 2]) (9003 -> [Nume: Erwin, Grupa: 319cb, Medie: 6.30, Varsta: 28])
[14] : (8398 -> [Materie: EGC, Ore_curs: 2, Ore_lab: 5, Credit: 3, Teme: 5])
[15] : (6550 -> [Nume: Leora, Grupa: 319cf, Medie: 7.50, Varsta: 20]) (1589 -> [Nume: Belva, Grupa: 311cb, Medie: 7.30, Varsta: 27]) (6440 -> [Materie: SO, Ore_curs: 1, Ore_lab: 6, Credit: 2, Teme: 4])
[16] :
[17] : (4868 -> [Materie: MN, Ore_curs: 1, Ore_lab: 5, Credit: 3, Teme: 6])
[18] :
[19] : (273 -> [Nume: Santana, Grupa: 317ce, Medie: 6.30, Varsta: 21])
[20] : (374 -> [Materie: MN, Ore_curs: 1, Ore_lab: 1, Credit: 3, Teme: 5])
[21] :
[22] :
[23] :
[24] :
[0] :
[1] : (6147 -> [Nume: Bryce, Grupa: 319ca, Medie: 8.10, Varsta: 22])
[2] : (466 -> [Nume: Linda, Grupa: 316cf, Medie: 6.20, Varsta: 20])
[3] :
[4] :
[5] :
[6] : (2138 -> [Materie: PP, Ore_curs: 2, Ore_lab: 2, Credit: 2, Teme: 4]) (360 -> [Materie: Ghinion, Ore_curs: 3, Ore_lab: 5, Credit: 2, Teme: 1]) (4678 -> [Materie: MPS, Ore_curs: 3, Ore_lab: 3, Credit: 2, Teme: 2])
[7] : (8899 -> [Materie: PM, Ore_curs: 4, Ore_lab: 2, Credit: 2, Teme: 1])
[8] : (9204 -> [Materie: PA, Ore_curs: 2, Ore_lab: 1, Credit: 2, Teme: 2])
[9] :
[10] :
[11] :
[12] : (3160 -> [Materie: PL, Ore_curs: 4, Ore_lab: 1, Credit: 2, Teme: 3])
[13] : (9003 -> [Nume: Erwin, Grupa: 319cb, Medie: 6.30, Varsta: 28])
[14] : (8398 -> [Materie: EGC, Ore_curs: 2, Ore_lab: 5, Credit: 3, Teme: 5])
[15] : (1589 -> [Nume: Belva, Grupa: 311cb, Medie: 7.30, Varsta: 27])
[16] :
[17] :
[18] :
[19] : (273 -> [Nume: Santana, Grupa: 317ce, Medie: 6.30, Varsta: 21]) (3735 -> [Nume: Lucille, Grupa: 318cc, Medie: 9.80, Varsta: 25])
[20] : (374 -> [Materie: MN, Ore_curs: 1, Ore_lab: 1, Credit: 3, Teme: 5])
[21] :
[22] :
[23] :
[24] :
[25] :
[26] :
[27] :
[28] : (1348 -> [Materie: CPL, Ore_curs: 3, Ore_lab: 2, Credit: 2, Teme: 4])
[29] :
[30] :
[31] :
[32] :
[33] : (3943 -> [Nume: Malena, Grupa: 314ca, Medie: 9.20, Varsta: 20]) (4451 -> [Materie: CN2, Ore_curs: 2, Ore_lab: 5, Credit: 3, Teme: 1])
[34] :
[35] :
[36] :
[37] :
[38] : (4660 -> [Materie: SO, Ore_curs: 2, Ore_lab: 5, Credit: 2, Teme: 2])
[39] :
[40] : (6550 -> [Nume: Leora, Grupa: 319cf, Medie: 7.50, Varsta: 20]) (6440 -> [Materie: SO, Ore_curs: 1, Ore_lab: 6, Credit: 2, Teme: 4])
[41] :
[42] : (4868 -> [Materie: MN, Ore_curs: 1, Ore_lab: 5, Credit: 3, Teme: 6])
[43] :
[44] :
[45] :
[46] :
[47] :
[48] :
[49] :
