[0] :
[1] :
[2] :
[3] :
[4] :
[5] : (edecbffcdb -> [Materie: CN1, Ore_curs: 2, Ore_lab: 5, Credit: 2, Teme: 6]) (cbddcfdfce -> [Nume: Leora, Grupa: 313cc, Medie: 6.20, Varsta: 24])
[6] :
[7] : (abfcfacadb -> [Materie: TS, Ore_curs: 2, Ore_lab: 1, Credit: 3, Teme: 3])
[8] :
[9] :
[10] :
[11] :
[12] :
[13] :
[14] :
[15] :
[16] :
[17] :
[18] :
[19] :
[20] :
[21] :
[22] :
[23] :
[24] :
[25] :
[26] : (fceddebbfe -> [Materie: IOC, Ore_curs: 1, Ore_lab: 4, Credit: 2, Teme: 1])
[27] :
[28] :
[29] :
[30] :
[31] :
[32] : (dccbceacab -> [Materie: FIZICA, Ore_curs: 1, Ore_lab: 5, Credit: 2, Teme: 3])
[33] :
[34] : (dacfafeaad -> [Materie: CN1, Ore_curs: 2, Ore_lab: 2, Credit: 3, Teme: 6])
[35] :
[36] :
[37] : (afcfcedeef -> [Materie: Ghinion, Ore_curs: 4, Ore_lab: 3, Credit: 2, Teme: 5])
[38] :
[39] :
[40] :
[41] :
[42] :
[43] :
[44] :
[45] :
[46] :
[47] :
[48] :
[49] :
[0] :
[1] :
[2] :
[3] :
[4] : (fccecdfddc -> [Materie: EGC, Ore_curs: 1, Ore_lab: 2, Credit: 2, Teme: 4]) (fcacdbbadd -> [Nume: Denna, Grupa: 314cb, Medie: 6.20, Varsta: 23])
[5] : (edecbffcdb -> [Materie: CN1, Ore_curs: 2, Ore_lab: 5, Credit: 2, Teme: 6]) (cbddcfdfce -> [Nume: Leora, Grupa: 313cc, Medie: 6.20, Varsta: 24])
[6] :
[7] : (abfcfacadb -> [Materie: TS, Ore_curs: 2, Ore_lab: 1, Credit: 3, Teme: 3]) (ceccfbfaaf -> [Nume: Felicita, Grupa: 317cd, Medie: 6.40, Varsta: 23])
[8] :
[9] :
[10] :
[11] :
[12] :
[13] :
[14] :
[15] :
[16] :
[17] :
[18] :
[19] :
[20] :
[21] :
[22] :
[23] :
[24] :
[25] :
[26] : (fceddebbfe -> [Materie: IOC, Ore_curs: 1, Ore_lab: 4, Credit: 2, Teme: 1])
[27] :
[28] :
[29] :
[30] :
[31] :
[32] : (dccbceacab -> [Materie: FIZICA, Ore_curs: 1, Ore_lab: 5, Credit: 2, Teme: 3])
[33] :
[34] : (dacfafeaad -> [Materie: CN1, Ore_curs: 2, Ore_lab: 2, Credit: 3, Teme: 6])
[35] :
[36] :
[37] : (afcfcedeef -> [Materie: Ghinion, Ore_curs: 4, Ore_lab: 3, Credit: 2, Teme: 5])
[38] :
[39] :
[40] :
[41] :
[42] :
[43] :
[44] :
[45] :
[46] :
[47] :
[48] :
[49] :
[0] :
[1] :
[2] :
[3] :
[4] : (fccecdfddc -> [Materie: EGC, Ore_curs: 1, Ore_lab: 2, Credit: 2, Teme: 4]) (fcacdbbadd -> [Nume: Denna, Grupa: 314cb, Medie: 6.20, Varsta: 23])
[5] : (edecbffcdb -> [Materie: CN1, Ore_curs: 2, Ore_lab: 5, Credit: 2, Teme: 6]) (cbddcfdfce -> [Nume: Leora, Grupa: 313cc, Medie: 6.20, Varsta: 24])
[6] :
[7] : (abfcfacadb -> [Materie: TS, Ore_curs: 2, Ore_lab: 1, Credit: 3, Teme: 3]) (ceccfbfaaf -> [Nume: Felicita, Grupa: 317cd, Medie: 6.40, Varsta: 23])
[8] :
[9] :
[10] : (fffdeaefed -> [Nume: Felicita, Grupa: 313cb, Medie: 8.10, Varsta: 26])
[11] :
[12] :
[13] :
[14] :
[15] :
[16] :
[17] :
[18] :
[19] :
[20] :
[21] :
[22] :
[23] :
[24] :
[25] :
[26] : (fceddebbfe -> [Materie: IOC, Ore_curs: 1, Ore_lab: 4, Credit: 2, Teme: 1])
[27] :
[28] :
[29] :
[30] :
[31] :
[32] : (dccbceacab -> [Materie: FIZICA, Ore_curs: 1, Ore_lab: 5, Credit: 2, Teme: 3])
[33] :
[34] : (dacfafeaad -> [Materie: CN1, Ore_curs: 2, Ore_lab: 2, Credit: 3, Teme: 6])
[35] :
[36] :
[37] : (afcfcedeef -> [Materie: Ghinion, Ore_curs: 4, Ore_lab: 3, Credit: 2, Teme: 5])
[38] :
[39] :
[40] :
[41] :
[42] :
[43] :
[44] :
[45] :
[46] :
[47] :
[48] :
[49] :
[0] :
[1] :
[2] :
[3] :
[4] : (fccecdfddc -> [Materie: EGC, Ore_curs: 1, Ore_lab: 2, Credit: 2, Teme: 4]) (fcacdbbadd -> [Nume: Denna, Grupa: 314cb, Medie: 6.20, Varsta: 23])
[5] : (edecbffcdb -> [Materie: CN1, Ore_curs: 2, Ore_lab: 5, Credit: 2, Teme: 6]) (cbddcfdfce -> [Nume: Leora, Grupa: 313cc, Medie: 6.20, Varsta: 24])
[6] :
[7] : (abfcfacadb -> [Materie: TS, Ore_curs: 2, Ore_lab: 1, Credit: 3, Teme: 3]) (ceccfbfaaf -> [Nume: Felicita, Grupa: 317cd, Medie: 6.40, Varsta: 23])
[8] :
[9] :
[10] : (fffdeaefed -> [Nume: Felicita, Grupa: 313cb, Medie: 8.10, Varsta: 26])
[11] :
[12] : (dbfeccdcbc -> [Nume: Son, Grupa: 320ce, Medie: 8.80, Varsta: 26])
[13] :
[14] :
[15] :
[16] :
[17] :
[18] :
[19] :
[20] :
[21] :
[22] :
[23] :
[24] :
[25] :
[26] : (fceddebbfe -> [Materie: IOC, Ore_curs: 1, Ore_lab: 4, Credit: 2, Teme: 1]) (ddadbfcdac -> [Materie: MN, Ore_curs: 2, Ore_lab: 3, Credit: 3, Teme: 3])
[27] :
[28] :
[29] :
[30] :
[31] :
[32] : (dccbceacab -> [Materie: FIZICA, Ore_curs: 1, Ore_lab: 5, Credit: 2, Teme: 3]) (ddcbdedbbc -> [Materie: TS, Ore_curs: 2, Ore_lab: 1, Credit: 3, Teme: 4])
[33] :
[34] : (dacfafeaad -> [Materie: CN1, Ore_curs: 2, Ore_lab: 2, Credit: 3, Teme: 6])
[35] :
[36] : (bafaffedbe -> [Materie: Ghinion, Ore_curs: 4, Ore_lab: 6, Credit: 3, Teme: 2])
[37] : (afcfcedeef -> [Materie: Ghinion, Ore_curs: 4, Ore_lab: 3, Credit: 2, Teme: 5])
[38] :
[39] :
[40] :
[41] :
[42] :
[43] :
[44] :
[45] :
[46] :
[47] : (cdddffadae -> [Nume: Marceline, Grupa: 311cc, Medie: 6.60, Varsta: 18])
[48] : (dddcfbbabe -> [Nume: Elvira, Grupa: 317cb, Medie: 7.60, Varsta: 26])
[49] :
[0] :
[1] :
[2] :
[3] :
[4] : (fccecdfddc -> [Materie: EGC, Ore_curs: 1, Ore_lab: 2, Credit: 2, Teme: 4]) (fcacdbbadd -> [Nume: Denna, Grupa: 314cb, Medie: 6.20, Varsta: 23])
[5] : (edecbffcdb -> [Materie: CN1, Ore_curs: 2, Ore_lab: 5, Credit: 2, Teme: 6]) (cbddcfdfce -> [Nume: Leora, Grupa: 313cc, Medie: 6.20, Varsta: 24])
[6] :
[7] : (abfcfacadb -> [Materie: TS, Ore_curs: 2, Ore_lab: 1, Credit: 3, Teme: 3]) (ceccfbfaaf -> [Nume: Felicita, Grupa: 317cd, Medie: 6.40, Varsta: 23])
[8] :
[9] :
[10] : (fffdeaefed -> [Nume: Felicita, Grupa: 313cb, Medie: 8.10, Varsta: 26])
[11] :
[12] : (dbfeccdcbc -> [Nume: Son, Grupa: 320ce, Medie: 8.80, Varsta: 26])
[13] :
[14] :
[15] :
[16] :
[17] :
[18] :
[19] :
[20] :
[21] :
[22] :
[23] :
[24] :
[25] :
[26] : (fceddebbfe -> [Materie: IOC, Ore_curs: 1, Ore_lab: 4, Credit: 2, Teme: 1]) (ddadbfcdac -> [Materie: MN, Ore_curs: 2, Ore_lab: 3, Credit: 3, Teme: 3])
[27] :
[28] :
[29] :
[30] :
[31] :
[32] : (dccbceacab -> [Materie: FIZICA, Ore_curs: 1, Ore_lab: 5, Credit: 2, Teme: 3]) (ddcbdedbbc -> [Materie: TS, Ore_curs: 2, Ore_lab: 1, Credit: 3, Teme: 4])
[33] :
[34] : (dacfafeaad -> [Materie: CN1, Ore_curs: 2, Ore_lab: 2, Credit: 3, Teme: 6])
[35] :
[36] : (bafaffedbe -> [Materie: Ghinion, Ore_curs: 4, Ore_lab: 6, Credit: 3, Teme: 2])
[37] : (afcfcedeef -> [Materie: Ghinion, Ore_curs: 4, Ore_lab: 3, Credit: 2, Teme: 5])
[38] :
[39] :
[40] :
[41] :
[42] :
[43] :
[44] : (dafdcfcfba -> [Materie: PC, Ore_curs: 3, Ore_lab: 2, Credit: 3, Teme: 4])
[45] :
[46] :
[47] : (cdddffadae -> [Nume: Marceline, Grupa: 311cc, Medie: 6.60, Varsta: 18])
[48] : (dddcfbbabe -> [Nume: Elvira, Grupa: 317cb, Medie: 7.60, Varsta: 26])
[49] :
[0] :
[1] :
[2] :
[3] :
[4] : (fccecdfddc -> [Materie: EGC, Ore_curs: 1, Ore_lab: 2, Credit: 2, Teme: 4]) (fcacdbbadd -> [Nume: Denna, Grupa: 314cb, Medie: 6.20, Varsta: 23])
[5] : (edecbffcdb -> [Materie: CN1, Ore_curs: 2, Ore_lab: 5, Credit: 2, Teme: 6]) (cbddcfdfce -> [Nume: Leora, Grupa: 313cc, Medie: 6.20, Varsta: 24])
[6] : (feaddabddc -> [Materie: BD, Ore_curs: 3, Ore_lab: 3, Credit: 3, Teme: 2])
[7] : (abfcfacadb -> [Materie: TS, Ore_curs: 2, Ore_lab: 1, Credit: 3, Teme: 3]) (ceccfbfaaf -> [Nume: Felicita, Grupa: 317cd, Medie: 6.40, Varsta: 23])
[8] :
[9] :
[10] : (fffdeaefed -> [Nume: Felicita, Grupa: 313cb, Medie: 8.10, Varsta: 26])
[11] :
[12] : (dbfeccdcbc -> [Nume: Son, Grupa: 320ce, Medie: 8.80, Varsta: 26])
[13] :
[14] :
[15] :
[16] :
[17] :
[18] :
[19] :
[20] :
[21] :
[22] :
[23] :
[24] :
[25] :
[26] : (fceddebbfe -> [Materie: IOC, Ore_curs: 1, Ore_lab: 4, Credit: 2, Teme: 1]) (ddadbfcdac -> [Materie: MN, Ore_curs: 2, Ore_lab: 3, Credit: 3, Teme: 3])
[27] :
[28] :
[29] :
[30] :
[31] : (cedcebcbed -> [Materie: SPG, Ore_curs: 1, Ore_lab: 2, Credit: 2, Teme: 6])
[32] : (dccbceacab -> [Materie: FIZICA, Ore_curs: 1, Ore_lab: 5, Credit: 2, Teme: 3]) (ddcbdedbbc -> [Materie: TS, Ore_curs: 2, Ore_lab: 1, Credit: 3, Teme: 4])
[33] :
[34] : (dacfafeaad -> [Materie: CN1, Ore_curs: 2, Ore_lab: 2, Credit: 3, Teme: 6])
[35] :
[36] : (bafaffedbe -> [Materie: Ghinion, Ore_curs: 4, Ore_lab: 6, Credit: 3, Teme: 2])
[37] : (afcfcedeef -> [Materie: Ghinion, Ore_curs: 4, Ore_lab: 3, Credit: 2, Teme: 5])
[38] :
[39] :
[40] :
[41] :
[42] :
[43] :
[44] : (dafdcfcfba -> [Materie: PC, Ore_curs: 3, Ore_lab: 2, Credit: 3, Teme: 4])
[45] :
[46] :
[47] : (cdddffadae -> [Nume: Marceline, Grupa: 311cc, Medie: 6.60, Varsta: 18])
[48] : (dddcfbbabe -> [Nume: Elvira, Grupa: 317cb, Medie: 7.60, Varsta: 26])
[49] :
[0] :
[1] :
[2] :
[3] :
[4] : (fccecdfddc -> [Materie: EGC, Ore_curs: 1, Ore_lab: 2, Credit: 2, Teme: 4]) (fcacdbbadd -> [Nume: Denna, Grupa: 314cb, Medie: 6.20, Varsta: 23])
[5] : (edecbffcdb -> [Materie: CN1, Ore_curs: 2, Ore_lab: 5, Credit: 2, Teme: 6]) (cbddcfdfce -> [Nume: Leora, Grupa: 313cc, Medie: 6.20, Varsta: 24])
[6] : (feaddabddc -> [Materie: BD, Ore_curs: 3, Ore_lab: 3, Credit: 3, Teme: 2]) (fdceedcecb -> [Nume: Oneida, Grupa: 317cf, Medie: 8.30, Varsta: 26])
[7] : (abfcfacadb -> [Materie: TS, Ore_curs: 2, Ore_lab: 1, Credit: 3, Teme: 3]) (ceccfbfaaf -> [Nume: Felicita, Grupa: 317cd, Medie: 6.40, Varsta: 23])
[8] :
[9] :
[10] : (fffdeaefed -> [Nume: Felicita, Grupa: 313cb, Medie: 8.10, Varsta: 26])
[11] :
[12] : (dbfeccdcbc -> [Nume: Son, Grupa: 320ce, Medie: 8.80, Varsta: 26])
[13] :
[14] :
[15] :
[16] :
[17] :
[18] :
[19] :
[20] :
[21] :
[22] :
[23] :
[24] :
[25] :
[26] : (fceddebbfe -> [Materie: IOC, Ore_curs: 1, Ore_lab: 4, Credit: 2, Teme: 1]) (ddadbfcdac -> [Materie: MN, Ore_curs: 2, Ore_lab: 3, Credit: 3, Teme: 3])
[27] :
[28] :
[29] :
[30] : (debadeffae -> [Nume: Belva, Grupa: 316ca, Medie: 8.20, Varsta: 20])
[31] : (cedcebcbed -> [Materie: SPG, Ore_curs: 1, Ore_lab: 2, Credit: 2, Teme: 6])
[32] : (dccbceacab -> [Materie: FIZICA, Ore_curs: 1, Ore_lab: 5, Credit: 2, Teme: 3]) (ddcbdedbbc -> [Materie: TS, Ore_curs: 2, Ore_lab: 1, Credit: 3, Teme: 4])
[33] :
[34] : (dacfafeaad -> [Materie: CN1, Ore_curs: 2, Ore_lab: 2, Credit: 3, Teme: 6])
[35] :
[36] : (bafaffedbe -> [Materie: Ghinion, Ore_curs: 4, Ore_lab: 6, Credit: 3, Teme: 2])
[37] : (afcfcedeef -> [Materie: Ghinion, Ore_curs: 4, Ore_lab: 3, Credit: 2, Teme: 5])
[38] :
[39] :
[40] :
[41] :
[42] :
[43] : (cfbfaaeaaa -> [Nume: Cassie, Grupa: 318cb, Medie: 6.50, Varsta: 30])
[44] : (dafdcfcfba -> [Materie: PC, Ore_curs: 3, Ore_lab: 2, Credit: 3, Teme: 4])
[45] :
[46] :
[47] : (cdddffadae -> [Nume: Marceline, Grupa: 311cc, Medie: 6.60, Varsta: 18]) (acfedeaaef -> [Nume: Cassie, Grupa: 315cf, Medie: 7.10, Varsta: 30])
[48] : (dddcfbbabe -> [Nume: Elvira, Grupa: 317cb, Medie: 7.60, Varsta: 26])
[49] :
[0] :
[1] :
[2] :
[3] :
[4] : (fccecdfddc -> [Materie: EGC, Ore_curs: 1, Ore_lab: 2, Credit: 2, Teme: 4]) (fcacdbbadd -> [Nume: Denna, Grupa: 314cb, Medie: 6.20, Varsta: 23])
[5] : (edecbffcdb -> [Materie: CN1, Ore_curs: 2, Ore_lab: 5, Credit: 2, Teme: 6]) (cbddcfdfce -> [Nume: Leora, Grupa: 313cc, Medie: 6.20, Varsta: 24])
[6] : (feaddabddc -> [Materie: BD, Ore_curs: 3, Ore_lab: 3, Credit: 3, Teme: 2]) (fdceedcecb -> [Nume: Oneida, Grupa: 317cf, Medie: 8.30, Varsta: 26])
[7] : (abfcfacadb -> [Materie: TS, Ore_curs: 2, Ore_lab: 1, Credit: 3, Teme: 3]) (ceccfbfaaf -> [Nume: Felicita, Grupa: 317cd, Medie: 6.40, Varsta: 23])
[8] :
[9] :
[10] : (fffdeaefed -> [Nume: Felicita, Grupa: 313cb, Medie: 8.10, Varsta: 26])
[11] :
[12] : (dbfeccdcbc -> [Nume: Son, Grupa: 320ce, Medie: 8.80, Varsta: 26])
[13] :
[14] :
[15] :
[16] :
[17] :
[18] :
[19] :
[20] :
[21] :
[22] :
[23] :
[24] :
[25] :
[26] : (fceddebbfe -> [Materie: IOC, Ore_curs: 1, Ore_lab: 4, Credit: 2, Teme: 1]) (ddadbfcdac -> [Materie: MN, Ore_curs: 2, Ore_lab: 3, Credit: 3, Teme: 3])
[27] :
[28] :
[29] : (ecdabccdad -> [Nume: Bryce, Grupa: 312ca, Medie: 8.90, Varsta: 28])
[30] : (debadeffae -> [Nume: Belva, Grupa: 316ca, Medie: 8.20, Varsta: 20])
[31] : (cedcebcbed -> [Materie: SPG, Ore_curs: 1, Ore_lab: 2, Credit: 2, Teme: 6])
[32] : (dccbceacab -> [Materie: FIZICA, Ore_curs: 1, Ore_lab: 5, Credit: 2, Teme: 3]) (ddcbdedbbc -> [Materie: TS, Ore_curs: 2, Ore_lab: 1, Credit: 3, Teme: 4])
[33] :
[34] : (dacfafeaad -> [Materie: CN1, Ore_curs: 2, Ore_lab: 2, Credit: 3, Teme: 6])
[35] :
[36] : (bafaffedbe -> [Materie: Ghinion, Ore_curs: 4, Ore_lab: 6, Credit: 3, Teme: 2])
[37] : (afcfcedeef -> [Materie: Ghinion, Ore_curs: 4, Ore_lab: 3, Credit: 2, Teme: 5])
[38] :
[39] :
[40] :
[41] :
[42] :
[43] : (cfbfaaeaaa -> [Nume: Cassie, Grupa: 318cb, Medie: 6.50, Varsta: 30])
[44] : (dafdcfcfba -> [Materie: PC, Ore_curs: 3, Ore_lab: 2, Credit: 3, Teme: 4])
[45] :
[46] :
[47] : (cdddffadae -> [Nume: Marceline, Grupa: 311cc, Medie: 6.60, Varsta: 18]) (acfedeaaef -> [Nume: Cassie, Grupa: 315cf, Medie: 7.10, Varsta: 30])
[48] : (dddcfbbabe -> [Nume: Elvira, Grupa: 317cb, Medie: 7.60, Varsta: 26])
[49] :
[0] : (bbbecfbcda -> [Nume: Cassie, Grupa: 315ca, Medie: 9.50, Varsta: 29])
[1] :
[2] :
[3] :
[4] : (fccecdfddc -> [Materie: EGC, Ore_curs: 1, Ore_lab: 2, Credit: 2, Teme: 4]) (fcacdbbadd -> [Nume: Denna, Grupa: 314cb, Medie: 6.20, Varsta: 23])
[5] : (edecbffcdb -> [Materie: CN1, Ore_curs: 2, Ore_lab: 5, Credit: 2, Teme: 6]) (cbddcfdfce -> [Nume: Leora, Grupa: 313cc, Medie: 6.20, Varsta: 24])
[6] : (feaddabddc -> [Materie: BD, Ore_curs: 3, Ore_lab: 3, Credit: 3, Teme: 2]) (fdceedcecb -> [Nume: Oneida, Grupa: 317cf, Medie: 8.30, Varsta: 26])
[7] : (abfcfacadb -> [Materie: TS, Ore_curs: 2, Ore_lab: 1, Credit: 3, Teme: 3]) (ceccfbfaaf -> [Nume: Felicita, Grupa: 317cd, Medie: 6.40, Varsta: 23])
[8] :
[9] :
[10] : (fffdeaefed -> [Nume: Felicita, Grupa: 313cb, Medie: 8.10, Varsta: 26])
[11] :
[12] : (dbfeccdcbc -> [Nume: Son, Grupa: 320ce, Medie: 8.80, Varsta: 26])
[13] :
[14] : (bbebeeabad -> [Materie: PP, Ore_curs: 3, Ore_lab: 6, Credit: 3, Teme: 3])
[15] :
[16] :
[17] :
[18] :
[19] :
[20] :
[21] : (aeceffbfcd -> [Materie: CN2, Ore_curs: 1, Ore_lab: 4, Credit: 2, Teme: 1])
[22] :
[23] :
[24] :
[25] :
[26] : (fceddebbfe -> [Materie: IOC, Ore_curs: 1, Ore_lab: 4, Credit: 2, Teme: 1]) (ddadbfcdac -> [Materie: MN, Ore_curs: 2, Ore_lab: 3, Credit: 3, Teme: 3])
[27] :
[28] :
[29] : (ecdabccdad -> [Nume: Bryce, Grupa: 312ca, Medie: 8.90, Varsta: 28])
[30] : (debadeffae -> [Nume: Belva, Grupa: 316ca, Medie: 8.20, Varsta: 20]) (fcbccbdfac -> [Materie: IOC, Ore_curs: 1, Ore_lab: 5, Credit: 3, Teme: 4])
[31] : (cedcebcbed -> [Materie: SPG, Ore_curs: 1, Ore_lab: 2, Credit: 2, Teme: 6])
[32] : (dccbceacab -> [Materie: FIZICA, Ore_curs: 1, Ore_lab: 5, Credit: 2, Teme: 3]) (ddcbdedbbc -> [Materie: TS, Ore_curs: 2, Ore_lab: 1, Credit: 3, Teme: 4])
[33] :
[34] : (dacfafeaad -> [Materie: CN1, Ore_curs: 2, Ore_lab: 2, Credit: 3, Teme: 6])
[35] :
[36] : (bafaffedbe -> [Materie: Ghinion, Ore_curs: 4, Ore_lab: 6, Credit: 3, Teme: 2])
[37] : (afcfcedeef -> [Materie: Ghinion, Ore_curs: 4, Ore_lab: 3, Credit: 2, Teme: 5])
[38] :
[39] :
[40] : (dfeeaabecf -> [Nume: Erwin, Grupa: 313cb, Medie: 9.60, Varsta: 22])
[41] :
[42] :
[43] : (cfbfaaeaaa -> [Nume: Cassie, Grupa: 318cb, Medie: 6.50, Varsta: 30])
[44] : (dafdcfcfba -> [Materie: PC, Ore_curs: 3, Ore_lab: 2, Credit: 3, Teme: 4]) (ddefecfbee -> [Nume: Belva, Grupa: 319cc, Medie: 9.40, Varsta: 27])
[45] : (abefdcbcac -> [Nume: Roxanne, Grupa: 311ce, Medie: 7.00, Varsta: 19])
[46] : (bbebcbcbbb -> [Materie: AA, Ore_curs: 4, Ore_lab: 4, Credit: 3, Teme: 5])
[47] : (cdddffadae -> [Nume: Marceline, Grupa: 311cc, Medie: 6.60, Varsta: 18]) (acfedeaaef -> [Nume: Cassie, Grupa: 315cf, Medie: 7.10, Varsta: 30])
[48] : (dddcfbbabe -> [Nume: Elvira, Grupa: 317cb, Medie: 7.60, Varsta: 26])
[49] :
[0] : (bbbecfbcda -> [Nume: Cassie, Grupa: 315ca, Medie: 9.50, Varsta: 29])
[1] :
[2] :
[3] :
[4] : (fccecdfddc -> [Materie: EGC, Ore_curs: 1, Ore_lab: 2, Credit: 2, Teme: 4]) (fcacdbbadd -> [Nume: Denna, Grupa: 314cb, Medie: 6.20, Varsta: 23])
[5] : (edecbffcdb -> [Materie: CN1, Ore_curs: 2, Ore_lab: 5, Credit: 2, Teme: 6]) (cbddcfdfce -> [Nume: Leora, Grupa: 313cc, Medie: 6.20, Varsta: 24]) (afecdedbad -> [Materie: MN, Ore_curs: 3, Ore_lab: 2, Credit: 3, Teme: 3])
[6] : (feaddabddc -> [Materie: BD, Ore_curs: 3, Ore_lab: 3, Credit: 3, Teme: 2]) (fdceedcecb -> [Nume: Oneida, Grupa: 317cf, Medie: 8.30, Varsta: 26])
[7] : (abfcfacadb -> [Materie: TS, Ore_curs: 2, Ore_lab: 1, Credit: 3, Teme: 3]) (ceccfbfaaf -> [Nume: Felicita, Grupa: 317cd, Medie: 6.40, Varsta: 23])
[8] :
[9] :
[10] : (fffdeaefed -> [Nume: Felicita, Grupa: 313cb, Medie: 8.10, Varsta: 26])
[11] :
[12] : (dbfeccdcbc -> [Nume: Son, Grupa: 320ce, Medie: 8.80, Varsta: 26])
[13] :
[14] : (bbebeeabad -> [Materie: PP, Ore_curs: 3, Ore_lab: 6, Credit: 3, Teme: 3])
[15] :
[16] :
[17] :
[18] :
[19] :
[20] :
[21] : (aeceffbfcd -> [Materie: CN2, Ore_curs: 1, Ore_lab: 4, Credit: 2, Teme: 1])
[22] :
[23] :
[24] :
[25] :
[26] : (fceddebbfe -> [Materie: IOC, Ore_curs: 1, Ore_lab: 4, Credit: 2, Teme: 1]) (ddadbfcdac -> [Materie: MN, Ore_curs: 2, Ore_lab: 3, Credit: 3, Teme: 3])
[27] :
[28] :
[29] : (ecdabccdad -> [Nume: Bryce, Grupa: 312ca, Medie: 8.90, Varsta: 28]) (caebaaeebe -> [Nume: Laurinda, Grupa: 312ca, Medie: 6.30, Varsta: 19])
[30] : (debadeffae -> [Nume: Belva, Grupa: 316ca, Medie: 8.20, Varsta: 20]) (fcbccbdfac -> [Materie: IOC, Ore_curs: 1, Ore_lab: 5, Credit: 3, Teme: 4])
[31] : (cedcebcbed -> [Materie: SPG, Ore_curs: 1, Ore_lab: 2, Credit: 2, Teme: 6])
[32] : (dccbceacab -> [Materie: FIZICA, Ore_curs: 1, Ore_lab: 5, Credit: 2, Teme: 3]) (ddcbdedbbc -> [Materie: TS, Ore_curs: 2, Ore_lab: 1, Credit: 3, Teme: 4])
[33] :
[34] : (dacfafeaad -> [Materie: CN1, Ore_curs: 2, Ore_lab: 2, Credit: 3, Teme: 6])
[35] : (adfefcefba -> [Materie: Matematica3, Ore_curs: 1, Ore_lab: 2, Credit: 2, Teme: 4])
[36] : (bafaffedbe -> [Materie: Ghinion, Ore_curs: 4, Ore_lab: 6, Credit: 3, Teme: 2])
[37] : (afcfcedeef -> [Materie: Ghinion, Ore_curs: 4, Ore_lab: 3, Credit: 2, Teme: 5])
[38] :
[39] :
[40] : (dfeeaabecf -> [Nume: Erwin, Grupa: 313cb, Medie: 9.60, Varsta: 22])
[41] :
[42] : (dcdbecdbeb -> [Materie: EEA, Ore_curs: 2, Ore_lab: 1, Credit: 3, Teme: 6])
[43] : (cfbfaaeaaa -> [Nume: Cassie, Grupa: 318cb, Medie: 6.50, Varsta: 30])
[44] : (dafdcfcfba -> [Materie: PC, Ore_curs: 3, Ore_lab: 2, Credit: 3, Teme: 4]) (ddefecfbee -> [Nume: Belva, Grupa: 319cc, Medie: 9.40, Varsta: 27])
[45] : (abefdcbcac -> [Nume: Roxanne, Grupa: 311ce, Medie: 7.00, Varsta: 19])
[46] : (bbebcbcbbb -> [Materie: AA, Ore_curs: 4, Ore_lab: 4, Credit: 3, Teme: 5])
[47] : (cdddffadae -> [Nume: Marceline, Grupa: 311cc, Medie: 6.60, Varsta: 18]) (acfedeaaef -> [Nume: Cassie, Grupa: 315cf, Medie: 7.10, Varsta: 30])
[48] : (dddcfbbabe -> [Nume: Elvira, Grupa: 317cb, Medie: 7.60, Varsta: 26])
[49] :
