[0] :
[1] :
[2] :
[3] :
[4] :
[5] :
[6] :
[7] :
[8] : (fbcdcedfba -> [Nume: Jama, Grupa: 320cc, Medie: 6.70, Varsta: 24])
[9] :
[Nume: Jama, Grupa: 320cc, Medie: 6.70, Varsta: 24]
[Nume: Cassie, Grupa: 320cd, Medie: 8.70, Varsta: 27]
[Materie: IA, Ore_curs: 3, Ore_lab: 1, Credit: 2, Teme: 4]
[0] :
[1] :
[2] : (bffabcaebb -> [Materie: ASC, Ore_curs: 3, Ore_lab: 1, Credit: 3, Teme: 1])
[3] :
[4] :
[5] : (acdceabdaf -> [Nume: Cassie, Grupa: 320cd, Medie: 8.70, Varsta: 27])
[6] :
[7] : (efdceaddac -> [Materie: IA, Ore_curs: 3, Ore_lab: 1, Credit: 2, Teme: 4])
[8] : (fbcdcedfba -> [Nume: Jama, Grupa: 320cc, Medie: 6.70, Varsta: 24])
[9] : (cdfacacdfd -> [Nume: Jama, Grupa: 318cb, Medie: 9.60, Varsta: 24])
