Nu exista
Nu exista
Nu exista
[0] : (20 -> [Materie: IOC, Ore_curs: 4, Ore_lab: 1, Credit: 2, Teme: 5])
[1] :
[2] :
[3] :
[4] :
[5] :
[6] :
[7] :
[8] : (88 -> [Materie: MN, Ore_curs: 4, Ore_lab: 5, Credit: 2, Teme: 4])
[9] :
[10] : (50 -> [Materie: CPL, Ore_curs: 1, Ore_lab: 5, Credit: 3, Teme: 2])
[11] :
[12] :
[13] :
[14] :
[15] :
[16] : (36 -> [Nume: Erwin, Grupa: 318cb, Medie: 7.00, Varsta: 26])
[17] :
[18] :
[19] :
[Nume: Erwin, Grupa: 318cb, Medie: 7.00, Varsta: 26]
[Materie: CPL, Ore_curs: 1, Ore_lab: 5, Credit: 3, Teme: 2]
Nu exista
[Materie: MN, Ore_curs: 4, Ore_lab: 5, Credit: 2, Teme: 4]
[0] : (20 -> [Materie: IOC, Ore_curs: 4, Ore_lab: 1, Credit: 2, Teme: 5])
[1] :
[2] :
[3] :
[4] :
[5] :
[6] :
[7] :
[8] : (88 -> [Materie: MN, Ore_curs: 4, Ore_lab: 5, Credit: 2, Teme: 4])
[9] :
[10] : (50 -> [Materie: CPL, Ore_curs: 1, Ore_lab: 5, Credit: 3, Teme: 2])
[11] :
[12] :
[13] :
[14] :
[15] :
[16] : (36 -> [Nume: Erwin, Grupa: 318cb, Medie: 7.00, Varsta: 26])
[17] :
[18] :
[19] :
Nu exista
Nu exista
Nu exista
[Nume: Erwin, Grupa: 318cb, Medie: 7.00, Varsta: 26]
Nu exista
[Materie: MN, Ore_curs: 4, Ore_lab: 5, Credit: 2, Teme: 4]
[Materie: CPL, Ore_curs: 1, Ore_lab: 5, Credit: 3, Teme: 2]
[Materie: CPL, Ore_curs: 1, Ore_lab: 5, Credit: 3, Teme: 2]
Nu exista
[0] : (20 -> [Materie: IOC, Ore_curs: 4, Ore_lab: 1, Credit: 2, Teme: 5])
[1] :
[2] :
[3] :
[4] :
[5] :
[6] :
[7] :
[8] : (88 -> [Materie: MN, Ore_curs: 4, Ore_lab: 5, Credit: 2, Teme: 4])
[9] : (69 -> [Nume: Son, Grupa: 316cd, Medie: 6.40, Varsta: 30])
[10] : (50 -> [Materie: CPL, Ore_curs: 1, Ore_lab: 5, Credit: 3, Teme: 2])
[11] :
[12] :
[13] :
[14] :
[15] : (15 -> [Materie: MPS, Ore_curs: 2, Ore_lab: 2, Credit: 3, Teme: 6]) (95 -> [Materie: MN, Ore_curs: 1, Ore_lab: 6, Credit: 3, Teme: 4])
[16] : (36 -> [Nume: Erwin, Grupa: 318cb, Medie: 7.00, Varsta: 26])
[17] : (17 -> [Nume: Lucille, Grupa: 315cf, Medie: 7.30, Varsta: 19])
[18] :
[19] :
[Nume: Lucille, Grupa: 315cf, Medie: 7.30, Varsta: 19]
Nu exista
[Materie: MPS, Ore_curs: 2, Ore_lab: 2, Credit: 3, Teme: 6]
[0] : (20 -> [Materie: IOC, Ore_curs: 4, Ore_lab: 1, Credit: 2, Teme: 5])
[1] :
[2] :
[3] : (63 -> [Nume: Denna, Grupa: 312ce, Medie: 6.80, Varsta: 24])
[4] : (84 -> [Nume: Jama, Grupa: 317cb, Medie: 7.00, Varsta: 22])
[5] :
[6] :
[7] : (87 -> [Materie: IOC, Ore_curs: 2, Ore_lab: 6, Credit: 3, Teme: 6]) (7 -> [Materie: EGC, Ore_curs: 4, Ore_lab: 1, Credit: 2, Teme: 2])
[8] : (88 -> [Materie: MN, Ore_curs: 4, Ore_lab: 5, Credit: 2, Teme: 4])
[9] : (69 -> [Nume: Son, Grupa: 316cd, Medie: 6.40, Varsta: 30])
[10] : (50 -> [Materie: CPL, Ore_curs: 1, Ore_lab: 5, Credit: 3, Teme: 2])
[11] :
[12] : (52 -> [Materie: Ghinion, Ore_curs: 1, Ore_lab: 5, Credit: 2, Teme: 3])
[13] :
[14] :
[15] : (15 -> [Materie: MPS, Ore_curs: 2, Ore_lab: 2, Credit: 3, Teme: 6]) (95 -> [Materie: MN, Ore_curs: 1, Ore_lab: 6, Credit: 3, Teme: 4])
[16] : (36 -> [Nume: Erwin, Grupa: 318cb, Medie: 7.00, Varsta: 26]) (56 -> [Nume: Jannie, Grupa: 318ca, Medie: 6.50, Varsta: 29])
[17] : (17 -> [Nume: Lucille, Grupa: 315cf, Medie: 7.30, Varsta: 19])
[18] :
[19] :
[Nume: Jama, Grupa: 317cb, Medie: 7.00, Varsta: 22]
[0] : (20 -> [Materie: IOC, Ore_curs: 4, Ore_lab: 1, Credit: 2, Teme: 5])
[1] :
[2] :
[3] : (63 -> [Nume: Denna, Grupa: 312ce, Medie: 6.80, Varsta: 24])
[4] : (84 -> [Nume: Jama, Grupa: 317cb, Medie: 7.00, Varsta: 22])
[5] :
[6] :
[7] : (87 -> [Materie: IOC, Ore_curs: 2, Ore_lab: 6, Credit: 3, Teme: 6]) (7 -> [Materie: EGC, Ore_curs: 4, Ore_lab: 1, Credit: 2, Teme: 2])
[8] : (88 -> [Materie: MN, Ore_curs: 4, Ore_lab: 5, Credit: 2, Teme: 4])
[9] : (69 -> [Nume: Son, Grupa: 316cd, Medie: 6.40, Varsta: 30])
[10] : (50 -> [Materie: CPL, Ore_curs: 1, Ore_lab: 5, Credit: 3, Teme: 2])
[11] :
[12] : (52 -> [Materie: Ghinion, Ore_curs: 1, Ore_lab: 5, Credit: 2, Teme: 3])
[13] :
[14] :
[15] : (15 -> [Materie: MPS, Ore_curs: 2, Ore_lab: 2, Credit: 3, Teme: 6]) (95 -> [Materie: MN, Ore_curs: 1, Ore_lab: 6, Credit: 3, Teme: 4])
[16] : (36 -> [Nume: Erwin, Grupa: 318cb, Medie: 7.00, Varsta: 26]) (56 -> [Nume: Jannie, Grupa: 318ca, Medie: 6.50, Varsta: 29])
[17] : (17 -> [Nume: Lucille, Grupa: 315cf, Medie: 7.30, Varsta: 19])
[18] :
[19] :
Nu exista
[0] :
[1] :
[2] :
[3] :
[4] : (84 -> [Nume: Jama, Grupa: 317cb, Medie: 7.00, Varsta: 22])
[5] :
[6] :
[7] : (87 -> [Nume: Erwin, Grupa: 314cf, Medie: 9.30, Varsta: 30]) (7 -> [Materie: EGC, Ore_curs: 4, Ore_lab: 1, Credit: 2, Teme: 2])
[8] : (88 -> [Materie: MN, Ore_curs: 4, Ore_lab: 5, Credit: 2, Teme: 4])
[9] : (89 -> [Nume: Laurinda, Grupa: 315cd, Medie: 9.90, Varsta: 22])
[10] : (50 -> [Materie: CPL, Ore_curs: 1, Ore_lab: 5, Credit: 3, Teme: 2])
[11] :
[12] : (52 -> [Materie: Ghinion, Ore_curs: 1, Ore_lab: 5, Credit: 2, Teme: 3])
[13] :
[14] :
[15] : (15 -> [Materie: MPS, Ore_curs: 2, Ore_lab: 2, Credit: 3, Teme: 6]) (95 -> [Materie: MN, Ore_curs: 1, Ore_lab: 6, Credit: 3, Teme: 4])
[16] : (56 -> [Nume: Jannie, Grupa: 318ca, Medie: 6.50, Varsta: 29])
[17] : (17 -> [Nume: Lucille, Grupa: 315cf, Medie: 7.30, Varsta: 19])
[18] :
[19] :
[20] : (20 -> [Materie: IOC, Ore_curs: 4, Ore_lab: 1, Credit: 2, Teme: 5])
[21] :
[22] :
[23] : (63 -> [Nume: Denna, Grupa: 312ce, Medie: 6.80, Varsta: 24])
[24] :
[25] :
[26] :
[27] :
[28] :
[29] : (69 -> [Nume: Son, Grupa: 316cd, Medie: 6.40, Varsta: 30])
[30] :
[31] :
[32] :
[33] :
[34] :
[35] :
[36] : (36 -> [Nume: Erwin, Grupa: 318cb, Medie: 7.00, Varsta: 26])
[37] :
[38] :
[39] :
[0] :
[1] :
[2] :
[3] :
[4] : (84 -> [Nume: Jama, Grupa: 317cb, Medie: 7.00, Varsta: 22])
[5] :
[6] :
[7] : (87 -> [Nume: Erwin, Grupa: 314cf, Medie: 9.30, Varsta: 30]) (7 -> [Materie: EGC, Ore_curs: 4, Ore_lab: 1, Credit: 2, Teme: 2])
[8] : (88 -> [Materie: MN, Ore_curs: 4, Ore_lab: 5, Credit: 2, Teme: 4])
[9] : (89 -> [Nume: Laurinda, Grupa: 315cd, Medie: 9.90, Varsta: 22])
[10] : (50 -> [Materie: CPL, Ore_curs: 1, Ore_lab: 5, Credit: 3, Teme: 2])
[11] :
[12] : (52 -> [Materie: Ghinion, Ore_curs: 1, Ore_lab: 5, Credit: 2, Teme: 3])
[13] :
[14] :
[15] : (15 -> [Materie: MPS, Ore_curs: 2, Ore_lab: 2, Credit: 3, Teme: 6]) (95 -> [Materie: MN, Ore_curs: 1, Ore_lab: 6, Credit: 3, Teme: 4])
[16] : (56 -> [Nume: Jannie, Grupa: 318ca, Medie: 6.50, Varsta: 29])
[17] : (17 -> [Nume: Lucille, Grupa: 315cf, Medie: 7.30, Varsta: 19])
[18] :
[19] :
[20] : (20 -> [Materie: IOC, Ore_curs: 4, Ore_lab: 1, Credit: 2, Teme: 5])
[21] :
[22] :
[23] : (63 -> [Nume: Denna, Grupa: 312ce, Medie: 6.80, Varsta: 24])
[24] :
[25] :
[26] :
[27] :
[28] :
[29] : (69 -> [Nume: Son, Grupa: 316cd, Medie: 6.40, Varsta: 30])
[30] :
[31] :
[32] :
[33] :
[34] :
[35] :
[36] : (36 -> [Nume: Erwin, Grupa: 318cb, Medie: 7.00, Varsta: 26])
[37] :
[38] :
[39] :
[Nume: Laurinda, Grupa: 315cd, Medie: 9.90, Varsta: 22]
[Nume: Jannie, Grupa: 318ca, Medie: 6.50, Varsta: 29]
[Materie: EGC, Ore_curs: 4, Ore_lab: 1, Credit: 2, Teme: 2]
Nu exista
[Materie: MN, Ore_curs: 1, Ore_lab: 6, Credit: 3, Teme: 4]
[0] :
[1] :
[2] :
[3] :
[4] : (84 -> [Nume: Jama, Grupa: 317cb, Medie: 7.00, Varsta: 22])
[5] :
[6] :
[7] : (87 -> [Nume: Erwin, Grupa: 314cf, Medie: 9.30, Varsta: 30]) (7 -> [Materie: EGC, Ore_curs: 4, Ore_lab: 1, Credit: 2, Teme: 2])
[8] : (88 -> [Materie: MN, Ore_curs: 4, Ore_lab: 5, Credit: 2, Teme: 4])
[9] : (89 -> [Nume: Laurinda, Grupa: 315cd, Medie: 9.90, Varsta: 22])
[10] : (50 -> [Materie: CPL, Ore_curs: 1, Ore_lab: 5, Credit: 3, Teme: 2])
[11] :
[12] : (52 -> [Materie: Ghinion, Ore_curs: 1, Ore_lab: 5, Credit: 2, Teme: 3])
[13] :
[14] :
[15] : (15 -> [Materie: MPS, Ore_curs: 2, Ore_lab: 2, Credit: 3, Teme: 6]) (95 -> [Materie: MN, Ore_curs: 1, Ore_lab: 6, Credit: 3, Teme: 4])
[16] : (56 -> [Nume: Jannie, Grupa: 318ca, Medie: 6.50, Varsta: 29])
[17] : (17 -> [Nume: Lucille, Grupa: 315cf, Medie: 7.30, Varsta: 19])
[18] :
[19] :
[20] : (20 -> [Materie: IOC, Ore_curs: 4, Ore_lab: 1, Credit: 2, Teme: 5])
[21] :
[22] :
[23] : (63 -> [Nume: Denna, Grupa: 312ce, Medie: 6.80, Varsta: 24])
[24] :
[25] :
[26] :
[27] :
[28] :
[29] : (69 -> [Nume: Son, Grupa: 316cd, Medie: 6.40, Varsta: 30])
[30] :
[31] :
[32] : (32 -> [Nume: Roxanne, Grupa: 312cd, Medie: 6.50, Varsta: 24])
[33] :
[34] :
[35] :
[36] : (36 -> [Nume: Erwin, Grupa: 318cb, Medie: 7.00, Varsta: 26])
[37] :
[38] :
[39] :
[Nume: Son, Grupa: 316cd, Medie: 6.40, Varsta: 30]
[0] :
[1] :
[2] :
[3] :
[4] : (84 -> [Nume: Jama, Grupa: 317cb, Medie: 7.00, Varsta: 22])
[5] :
[6] :
[7] : (87 -> [Nume: Erwin, Grupa: 314cf, Medie: 9.30, Varsta: 30]) (7 -> [Materie: EGC, Ore_curs: 4, Ore_lab: 1, Credit: 2, Teme: 2])
[8] : (88 -> [Materie: MN, Ore_curs: 4, Ore_lab: 5, Credit: 2, Teme: 4])
[9] : (89 -> [Nume: Laurinda, Grupa: 315cd, Medie: 9.90, Varsta: 22])
[10] : (50 -> [Materie: CPL, Ore_curs: 1, Ore_lab: 5, Credit: 3, Teme: 2])
[11] :
[12] : (52 -> [Materie: Ghinion, Ore_curs: 1, Ore_lab: 5, Credit: 2, Teme: 3])
[13] :
[14] :
[15] : (15 -> [Materie: MPS, Ore_curs: 2, Ore_lab: 2, Credit: 3, Teme: 6]) (95 -> [Materie: MN, Ore_curs: 1, Ore_lab: 6, Credit: 3, Teme: 4])
[16] : (56 -> [Nume: Jannie, Grupa: 318ca, Medie: 6.50, Varsta: 29])
[17] : (17 -> [Nume: Lucille, Grupa: 315cf, Medie: 7.30, Varsta: 19]) (97 -> [Materie: SO, Ore_curs: 1, Ore_lab: 3, Credit: 3, Teme: 2])
[18] :
[19] :
[20] : (20 -> [Materie: IOC, Ore_curs: 4, Ore_lab: 1, Credit: 2, Teme: 5])
[21] :
[22] :
[23] : (63 -> [Nume: Denna, Grupa: 312ce, Medie: 6.80, Varsta: 24])
[24] :
[25] :
[26] :
[27] :
[28] :
[29] : (69 -> [Nume: Son, Grupa: 316cd, Medie: 6.40, Varsta: 30])
[30] :
[31] :
[32] : (32 -> [Nume: Roxanne, Grupa: 312cd, Medie: 6.50, Varsta: 24])
[33] :
[34] :
[35] :
[36] : (36 -> [Nume: Erwin, Grupa: 318cb, Medie: 7.00, Varsta: 26])
[37] :
[38] :
[39] :
[0] :
[1] :
[2] :
[3] :
[4] : (84 -> [Nume: Jama, Grupa: 317cb, Medie: 7.00, Varsta: 22])
[5] :
[6] :
[7] : (87 -> [Nume: Erwin, Grupa: 314cf, Medie: 9.30, Varsta: 30]) (7 -> [Materie: EGC, Ore_curs: 4, Ore_lab: 1, Credit: 2, Teme: 2])
[8] : (88 -> [Materie: MN, Ore_curs: 4, Ore_lab: 5, Credit: 2, Teme: 4])
[9] : (89 -> [Nume: Laurinda, Grupa: 315cd, Medie: 9.90, Varsta: 22])
[10] : (50 -> [Materie: CPL, Ore_curs: 1, Ore_lab: 5, Credit: 3, Teme: 2])
[11] :
[12] : (52 -> [Materie: Ghinion, Ore_curs: 1, Ore_lab: 5, Credit: 2, Teme: 3])
[13] :
[14] :
[15] : (15 -> [Materie: MPS, Ore_curs: 2, Ore_lab: 2, Credit: 3, Teme: 6]) (95 -> [Materie: MN, Ore_curs: 1, Ore_lab: 6, Credit: 3, Teme: 4])
[16] : (56 -> [Nume: Jannie, Grupa: 318ca, Medie: 6.50, Varsta: 29])
[17] : (17 -> [Nume: Lucille, Grupa: 315cf, Medie: 7.30, Varsta: 19]) (97 -> [Materie: SO, Ore_curs: 1, Ore_lab: 3, Credit: 3, Teme: 2])
[18] :
[19] :
[20] : (20 -> [Materie: IOC, Ore_curs: 4, Ore_lab: 1, Credit: 2, Teme: 5])
[21] :
[22] :
[23] : (63 -> [Nume: Denna, Grupa: 312ce, Medie: 6.80, Varsta: 24])
[24] :
[25] :
[26] :
[27] :
[28] :
[29] : (69 -> [Nume: Son, Grupa: 316cd, Medie: 6.40, Varsta: 30])
[30] :
[31] :
[32] : (32 -> [Nume: Roxanne, Grupa: 312cd, Medie: 6.50, Varsta: 24])
[33] :
[34] :
[35] :
[36] : (36 -> [Nume: Erwin, Grupa: 318cb, Medie: 7.00, Varsta: 26])
[37] :
[38] :
[39] :
[Nume: Jama, Grupa: 317cb, Medie: 7.00, Varsta: 22]
[Materie: Ghinion, Ore_curs: 1, Ore_lab: 5, Credit: 2, Teme: 3]
[0] :
[1] :
[2] :
[3] :
[4] : (84 -> [Nume: Jama, Grupa: 317cb, Medie: 7.00, Varsta: 22])
[5] :
[6] :
[7] : (87 -> [Nume: Erwin, Grupa: 314cf, Medie: 9.30, Varsta: 30]) (7 -> [Nume: Tammara, Grupa: 318cf, Medie: 7.20, Varsta: 20])
[8] : (88 -> [Materie: MN, Ore_curs: 4, Ore_lab: 5, Credit: 2, Teme: 4])
[9] : (89 -> [Nume: Laurinda, Grupa: 315cd, Medie: 9.90, Varsta: 22])
[10] : (50 -> [Materie: CPL, Ore_curs: 1, Ore_lab: 5, Credit: 3, Teme: 2])
[11] :
[12] : (52 -> [Materie: Ghinion, Ore_curs: 1, Ore_lab: 5, Credit: 2, Teme: 3])
[13] :
[14] :
[15] : (15 -> [Materie: MPS, Ore_curs: 2, Ore_lab: 2, Credit: 3, Teme: 6]) (95 -> [Materie: MN, Ore_curs: 1, Ore_lab: 6, Credit: 3, Teme: 4])
[16] : (56 -> [Nume: Jannie, Grupa: 318ca, Medie: 6.50, Varsta: 29])
[17] : (17 -> [Nume: Lucille, Grupa: 315cf, Medie: 7.30, Varsta: 19]) (97 -> [Materie: SO, Ore_curs: 1, Ore_lab: 3, Credit: 3, Teme: 2])
[18] :
[19] :
[20] : (20 -> [Materie: IOC, Ore_curs: 4, Ore_lab: 1, Credit: 2, Teme: 5])
[21] :
[22] :
[23] : (63 -> [Nume: Denna, Grupa: 312ce, Medie: 6.80, Varsta: 24])
[24] :
[25] :
[26] :
[27] :
[28] :
[29] : (69 -> [Nume: Son, Grupa: 316cd, Medie: 6.40, Varsta: 30])
[30] :
[31] :
[32] : (32 -> [Nume: Roxanne, Grupa: 312cd, Medie: 6.50, Varsta: 24])
[33] :
[34] :
[35] :
[36] : (36 -> [Nume: Erwin, Grupa: 318cb, Medie: 7.00, Varsta: 26])
[37] :
[38] :
[39] :
[0] :
[1] :
[2] :
[3] :
[4] : (84 -> [Nume: Jama, Grupa: 317cb, Medie: 7.00, Varsta: 22])
[5] :
[6] :
[7] : (87 -> [Nume: Erwin, Grupa: 314cf, Medie: 9.30, Varsta: 30]) (7 -> [Nume: Tammara, Grupa: 318cf, Medie: 7.20, Varsta: 20])
[8] : (88 -> [Materie: MN, Ore_curs: 4, Ore_lab: 5, Credit: 2, Teme: 4])
[9] : (89 -> [Nume: Laurinda, Grupa: 315cd, Medie: 9.90, Varsta: 22])
[10] : (50 -> [Materie: CPL, Ore_curs: 1, Ore_lab: 5, Credit: 3, Teme: 2])
[11] :
[12] : (52 -> [Materie: Ghinion, Ore_curs: 1, Ore_lab: 5, Credit: 2, Teme: 3])
[13] :
[14] :
[15] : (15 -> [Materie: MPS, Ore_curs: 2, Ore_lab: 2, Credit: 3, Teme: 6]) (95 -> [Materie: MN, Ore_curs: 1, Ore_lab: 6, Credit: 3, Teme: 4])
[16] : (56 -> [Nume: Jannie, Grupa: 318ca, Medie: 6.50, Varsta: 29])
[17] : (17 -> [Nume: Lucille, Grupa: 315cf, Medie: 7.30, Varsta: 19]) (97 -> [Materie: SO, Ore_curs: 1, Ore_lab: 3, Credit: 3, Teme: 2])
[18] :
[19] :
[20] : (20 -> [Materie: IOC, Ore_curs: 4, Ore_lab: 1, Credit: 2, Teme: 5])
[21] :
[22] :
[23] : (63 -> [Nume: Denna, Grupa: 312ce, Medie: 6.80, Varsta: 24]) (23 -> [Materie: IA, Ore_curs: 1, Ore_lab: 5, Credit: 3, Teme: 3])
[24] :
[25] :
[26] :
[27] :
[28] :
[29] : (69 -> [Nume: Son, Grupa: 316cd, Medie: 6.40, Varsta: 30])
[30] :
[31] :
[32] : (32 -> [Nume: Roxanne, Grupa: 312cd, Medie: 6.50, Varsta: 24])
[33] :
[34] :
[35] :
[36] : (36 -> [Nume: Erwin, Grupa: 318cb, Medie: 7.00, Varsta: 26])
[37] :
[38] :
[39] :
[Nume: Erwin, Grupa: 314cf, Medie: 9.30, Varsta: 30]
[Nume: Denna, Grupa: 320cf, Medie: 6.90, Varsta: 18]
[0] :
[1] :
[2] :
[3] :
[4] : (84 -> [Nume: Marceline, Grupa: 318cb, Medie: 9.50, Varsta: 30])
[5] :
[6] :
[7] : (87 -> [Nume: Erwin, Grupa: 314cf, Medie: 9.30, Varsta: 30]) (7 -> [Nume: Tammara, Grupa: 318cf, Medie: 7.20, Varsta: 20])
[8] : (88 -> [Materie: MN, Ore_curs: 4, Ore_lab: 5, Credit: 2, Teme: 4]) (48 -> [Nume: Denna, Grupa: 320cf, Medie: 6.90, Varsta: 18])
[9] : (89 -> [Nume: Laurinda, Grupa: 315cd, Medie: 9.90, Varsta: 22])
[10] : (50 -> [Materie: ML, Ore_curs: 2, Ore_lab: 5, Credit: 2, Teme: 2])
[11] :
[12] : (52 -> [Materie: Ghinion, Ore_curs: 1, Ore_lab: 5, Credit: 2, Teme: 3])
[13] :
[14] :
[15] : (15 -> [Materie: MPS, Ore_curs: 2, Ore_lab: 2, Credit: 3, Teme: 6]) (95 -> [Materie: MN, Ore_curs: 1, Ore_lab: 6, Credit: 3, Teme: 4])
[16] : (56 -> [Nume: Jannie, Grupa: 318ca, Medie: 6.50, Varsta: 29])
[17] : (17 -> [Nume: Lucille, Grupa: 315cf, Medie: 7.30, Varsta: 19]) (97 -> [Materie: SO, Ore_curs: 1, Ore_lab: 3, Credit: 3, Teme: 2])
[18] :
[19] :
[20] : (20 -> [Materie: IOC, Ore_curs: 4, Ore_lab: 1, Credit: 2, Teme: 5])
[21] :
[22] :
[23] : (63 -> [Nume: Marceline, Grupa: 311cd, Medie: 8.50, Varsta: 18]) (23 -> [Materie: IA, Ore_curs: 1, Ore_lab: 5, Credit: 3, Teme: 3])
[24] : (24 -> [Materie: PA, Ore_curs: 1, Ore_lab: 4, Credit: 3, Teme: 4])
[25] :
[26] :
[27] :
[28] :
[29] : (69 -> [Nume: Son, Grupa: 316cd, Medie: 6.40, Varsta: 30])
[30] : (30 -> [Nume: Sonia, Grupa: 311cb, Medie: 8.90, Varsta: 21])
[31] :
[32] : (32 -> [Nume: Roxanne, Grupa: 312cd, Medie: 6.50, Varsta: 24])
[33] :
[34] :
[35] :
[36] : (36 -> [Nume: Erwin, Grupa: 318cb, Medie: 7.00, Varsta: 26])
[37] :
[38] :
[39] :
Nu exista
[Materie: PA, Ore_curs: 1, Ore_lab: 4, Credit: 3, Teme: 4]
[Nume: Lucille, Grupa: 315cf, Medie: 7.30, Varsta: 19]
[Nume: Lucille, Grupa: 315cf, Medie: 7.30, Varsta: 19]
[Nume: Erwin, Grupa: 314cf, Medie: 9.30, Varsta: 30]
Nu exista
[Nume: Jannie, Grupa: 318ca, Medie: 6.50, Varsta: 29]
[0] :
[1] :
[2] :
[3] :
[4] : (84 -> [Nume: Elvira, Grupa: 319cb, Medie: 6.70, Varsta: 22])
[5] : (45 -> [Materie: ED, Ore_curs: 4, Ore_lab: 2, Credit: 2, Teme: 1])
[6] :
[7] : (87 -> [Nume: Erwin, Grupa: 314cf, Medie: 9.30, Varsta: 30]) (7 -> [Nume: Tammara, Grupa: 318cf, Medie: 7.20, Varsta: 20])
[8] : (88 -> [Materie: MN, Ore_curs: 4, Ore_lab: 5, Credit: 2, Teme: 4]) (48 -> [Nume: Denna, Grupa: 320cf, Medie: 6.90, Varsta: 18])
[9] : (89 -> [Nume: Laurinda, Grupa: 315cd, Medie: 9.90, Varsta: 22])
[10] : (50 -> [Materie: ML, Ore_curs: 2, Ore_lab: 5, Credit: 2, Teme: 2])
[11] :
[12] : (52 -> [Materie: Ghinion, Ore_curs: 1, Ore_lab: 5, Credit: 2, Teme: 3]) (12 -> [Nume: Marceline, Grupa: 316cc, Medie: 7.50, Varsta: 21])
[13] :
[14] : (54 -> [Materie: EGC, Ore_curs: 2, Ore_lab: 2, Credit: 3, Teme: 4])
[15] : (15 -> [Materie: MPS, Ore_curs: 2, Ore_lab: 2, Credit: 3, Teme: 6]) (95 -> [Materie: MN, Ore_curs: 1, Ore_lab: 6, Credit: 3, Teme: 4])
[16] : (56 -> [Nume: Jannie, Grupa: 318ca, Medie: 6.50, Varsta: 29])
[17] : (17 -> [Nume: Lucille, Grupa: 315cf, Medie: 7.30, Varsta: 19]) (97 -> [Materie: SO, Ore_curs: 1, Ore_lab: 3, Credit: 3, Teme: 2])
[18] :
[19] :
[20] : (20 -> [Materie: IOC, Ore_curs: 4, Ore_lab: 1, Credit: 2, Teme: 5]) (100 -> [Materie: USO, Ore_curs: 3, Ore_lab: 4, Credit: 3, Teme: 6])
[21] :
[22] :
[23] : (63 -> [Nume: Marceline, Grupa: 311cd, Medie: 8.50, Varsta: 18]) (23 -> [Materie: IA, Ore_curs: 1, Ore_lab: 5, Credit: 3, Teme: 3])
[24] : (24 -> [Materie: PA, Ore_curs: 1, Ore_lab: 4, Credit: 3, Teme: 4])
[25] :
[26] :
[27] : (27 -> [Nume: Brendan, Grupa: 319ce, Medie: 9.20, Varsta: 18])
[28] :
[29] : (69 -> [Nume: Son, Grupa: 316cd, Medie: 6.40, Varsta: 30])
[30] : (30 -> [Nume: Sonia, Grupa: 311cb, Medie: 8.90, Varsta: 21])
[31] :
[32] : (32 -> [Nume: Roxanne, Grupa: 312cd, Medie: 6.50, Varsta: 24]) (72 -> [Nume: Jannie, Grupa: 318cf, Medie: 9.30, Varsta: 29])
[33] :
[34] :
[35] :
[36] : (36 -> [Nume: Erwin, Grupa: 318cb, Medie: 7.00, Varsta: 26])
[37] :
[38] :
[39] :
[Nume: Erwin, Grupa: 318cb, Medie: 7.00, Varsta: 26]
[Materie: MPS, Ore_curs: 2, Ore_lab: 2, Credit: 3, Teme: 6]
[Materie: MN, Ore_curs: 1, Ore_lab: 6, Credit: 3, Teme: 4]
[Nume: Brendan, Grupa: 319ce, Medie: 9.20, Varsta: 18]
[Nume: Usha, Grupa: 311cc, Medie: 7.00, Varsta: 28]
[Nume: Marceline, Grupa: 311cd, Medie: 8.50, Varsta: 18]
Nu exista
Nu exista
[0] :
[1] :
[2] :
[3] :
[4] : (84 -> [Nume: Elvira, Grupa: 319cb, Medie: 6.70, Varsta: 22])
[5] :
[6] :
[7] : (87 -> [Nume: Erwin, Grupa: 314cf, Medie: 9.30, Varsta: 30]) (7 -> [Nume: Tammara, Grupa: 318cf, Medie: 7.20, Varsta: 20])
[8] : (88 -> [Materie: MN, Ore_curs: 4, Ore_lab: 5, Credit: 2, Teme: 4])
[9] : (89 -> [Nume: Laurinda, Grupa: 315cd, Medie: 9.90, Varsta: 22])
[10] :
[11] :
[12] : (12 -> [Nume: Marceline, Grupa: 316cc, Medie: 7.50, Varsta: 21])
[13] :
[14] :
[15] : (15 -> [Materie: MPS, Ore_curs: 2, Ore_lab: 2, Credit: 3, Teme: 6]) (95 -> [Materie: MN, Ore_curs: 1, Ore_lab: 6, Credit: 3, Teme: 4])
[16] :
[17] : (17 -> [Nume: Lucille, Grupa: 315cf, Medie: 7.30, Varsta: 19]) (97 -> [Nume: Usha, Grupa: 311cc, Medie: 7.00, Varsta: 28])
[18] :
[19] : (99 -> [Nume: Bryce, Grupa: 311cb, Medie: 6.50, Varsta: 18])
[20] : (20 -> [Materie: IOC, Ore_curs: 4, Ore_lab: 1, Credit: 2, Teme: 5]) (100 -> [Materie: USO, Ore_curs: 3, Ore_lab: 4, Credit: 3, Teme: 6])
[21] :
[22] :
[23] : (23 -> [Materie: IA, Ore_curs: 1, Ore_lab: 5, Credit: 3, Teme: 3])
[24] : (24 -> [Materie: PA, Ore_curs: 1, Ore_lab: 4, Credit: 3, Teme: 4])
[25] :
[26] :
[27] : (27 -> [Nume: Brendan, Grupa: 319ce, Medie: 9.20, Varsta: 18])
[28] :
[29] :
[30] : (30 -> [Nume: Sonia, Grupa: 311cb, Medie: 8.90, Varsta: 21])
[31] :
[32] : (32 -> [Nume: Roxanne, Grupa: 312cd, Medie: 6.50, Varsta: 24])
[33] :
[34] :
[35] :
[36] : (36 -> [Nume: Erwin, Grupa: 318cb, Medie: 7.00, Varsta: 26])
[37] :
[38] :
[39] :
[40] :
[41] :
[42] :
[43] : (43 -> [Nume: Laurinda, Grupa: 320cb, Medie: 8.50, Varsta: 28])
[44] :
[45] : (45 -> [Materie: ED, Ore_curs: 4, Ore_lab: 2, Credit: 2, Teme: 1])
[46] :
[47] :
[48] : (48 -> [Nume: Denna, Grupa: 320cf, Medie: 6.90, Varsta: 18])
[49] :
[50] : (50 -> [Materie: ML, Ore_curs: 2, Ore_lab: 5, Credit: 2, Teme: 2])
[51] : (51 -> [Nume: Santana, Grupa: 317cb, Medie: 7.40, Varsta: 28])
[52] : (52 -> [Materie: Ghinion, Ore_curs: 1, Ore_lab: 5, Credit: 2, Teme: 3])
[53] :
[54] : (54 -> [Materie: EGC, Ore_curs: 2, Ore_lab: 2, Credit: 3, Teme: 4])
[55] :
[56] : (56 -> [Nume: Jannie, Grupa: 318ca, Medie: 6.50, Varsta: 29])
[57] :
[58] :
[59] :
[60] :
[61] :
[62] :
[63] : (63 -> [Nume: Marceline, Grupa: 311cd, Medie: 8.50, Varsta: 18])
[64] :
[65] :
[66] :
[67] :
[68] :
[69] : (69 -> [Nume: Son, Grupa: 316cd, Medie: 6.40, Varsta: 30])
[70] :
[71] :
[72] : (72 -> [Nume: Jannie, Grupa: 318cf, Medie: 9.30, Varsta: 29])
[73] :
[74] :
[75] :
[76] :
[77] :
[78] :
[79] :
[0] :
[1] :
[2] :
[3] :
[4] : (84 -> [Nume: Elvira, Grupa: 319cb, Medie: 6.70, Varsta: 22]) (4 -> [Materie: CPL, Ore_curs: 1, Ore_lab: 4, Credit: 3, Teme: 6])
[5] :
[6] :
[7] : (87 -> [Nume: Erwin, Grupa: 314cf, Medie: 9.30, Varsta: 30]) (7 -> [Nume: Tammara, Grupa: 318cf, Medie: 7.20, Varsta: 20])
[8] : (88 -> [Materie: MN, Ore_curs: 4, Ore_lab: 5, Credit: 2, Teme: 4])
[9] : (89 -> [Nume: Laurinda, Grupa: 315cd, Medie: 9.90, Varsta: 22])
[10] :
[11] :
[12] : (12 -> [Nume: Marceline, Grupa: 316cc, Medie: 7.50, Varsta: 21])
[13] :
[14] :
[15] : (15 -> [Materie: MPS, Ore_curs: 2, Ore_lab: 2, Credit: 3, Teme: 6]) (95 -> [Materie: MN, Ore_curs: 1, Ore_lab: 6, Credit: 3, Teme: 4])
[16] :
[17] : (17 -> [Nume: Lucille, Grupa: 315cf, Medie: 7.30, Varsta: 19]) (97 -> [Nume: Usha, Grupa: 311cc, Medie: 7.00, Varsta: 28])
[18] :
[19] : (99 -> [Nume: Bryce, Grupa: 311cb, Medie: 6.50, Varsta: 18])
[20] : (20 -> [Materie: IOC, Ore_curs: 4, Ore_lab: 1, Credit: 2, Teme: 5]) (100 -> [Materie: USO, Ore_curs: 3, Ore_lab: 4, Credit: 3, Teme: 6])
[21] :
[22] :
[23] : (23 -> [Materie: IA, Ore_curs: 1, Ore_lab: 5, Credit: 3, Teme: 3])
[24] : (24 -> [Materie: PA, Ore_curs: 1, Ore_lab: 4, Credit: 3, Teme: 4])
[25] :
[26] :
[27] : (27 -> [Nume: Brendan, Grupa: 319ce, Medie: 9.20, Varsta: 18])
[28] :
[29] :
[30] : (30 -> [Nume: Jannie, Grupa: 314ce, Medie: 6.90, Varsta: 19])
[31] :
[32] : (32 -> [Nume: Roxanne, Grupa: 312cd, Medie: 6.50, Varsta: 24])
[33] :
[34] :
[35] :
[36] : (36 -> [Nume: Erwin, Grupa: 318cb, Medie: 7.00, Varsta: 26])
[37] :
[38] :
[39] :
[40] :
[41] :
[42] :
[43] : (43 -> [Nume: Laurinda, Grupa: 320cb, Medie: 8.50, Varsta: 28])
[44] :
[45] : (45 -> [Materie: ED, Ore_curs: 4, Ore_lab: 2, Credit: 2, Teme: 1])
[46] :
[47] :
[48] : (48 -> [Nume: Denna, Grupa: 320cf, Medie: 6.90, Varsta: 18])
[49] :
[50] : (50 -> [Materie: ML, Ore_curs: 2, Ore_lab: 5, Credit: 2, Teme: 2])
[51] : (51 -> [Nume: Santana, Grupa: 317cb, Medie: 7.40, Varsta: 28])
[52] : (52 -> [Materie: Ghinion, Ore_curs: 1, Ore_lab: 5, Credit: 2, Teme: 3])
[53] :
[54] : (54 -> [Materie: EGC, Ore_curs: 2, Ore_lab: 2, Credit: 3, Teme: 4])
[55] :
[56] : (56 -> [Nume: Jannie, Grupa: 318ca, Medie: 6.50, Varsta: 29])
[57] :
[58] :
[59] :
[60] :
[61] :
[62] :
[63] : (63 -> [Nume: Marceline, Grupa: 311cd, Medie: 8.50, Varsta: 18])
[64] :
[65] :
[66] :
[67] :
[68] :
[69] : (69 -> [Nume: Son, Grupa: 316cd, Medie: 6.40, Varsta: 30])
[70] :
[71] :
[72] : (72 -> [Nume: Jannie, Grupa: 318cf, Medie: 9.30, Varsta: 29])
[73] :
[74] :
[75] :
[76] :
[77] :
[78] : (78 -> [Nume: Sierra, Grupa: 317ce, Medie: 6.90, Varsta: 24])
[79] :
[Nume: Jannie, Grupa: 314ce, Medie: 6.90, Varsta: 19]
[Nume: Roxanne, Grupa: 312cd, Medie: 6.50, Varsta: 24]
[0] :
[1] :
[2] :
[3] :
[4] : (84 -> [Nume: Elvira, Grupa: 319cb, Medie: 6.70, Varsta: 22]) (4 -> [Materie: CPL, Ore_curs: 1, Ore_lab: 4, Credit: 3, Teme: 6])
[5] :
[6] :
[7] : (87 -> [Nume: Erwin, Grupa: 314cf, Medie: 9.30, Varsta: 30]) (7 -> [Nume: Tammara, Grupa: 318cf, Medie: 7.20, Varsta: 20])
[8] : (88 -> [Materie: MN, Ore_curs: 4, Ore_lab: 5, Credit: 2, Teme: 4])
[9] : (89 -> [Nume: Laurinda, Grupa: 315cd, Medie: 9.90, Varsta: 22])
[10] :
[11] :
[12] : (12 -> [Nume: Marceline, Grupa: 316cc, Medie: 7.50, Varsta: 21])
[13] :
[14] :
[15] : (15 -> [Materie: MPS, Ore_curs: 2, Ore_lab: 2, Credit: 3, Teme: 6]) (95 -> [Materie: MN, Ore_curs: 1, Ore_lab: 6, Credit: 3, Teme: 4])
[16] :
[17] : (17 -> [Nume: Lucille, Grupa: 315cf, Medie: 7.30, Varsta: 19]) (97 -> [Nume: Usha, Grupa: 311cc, Medie: 7.00, Varsta: 28])
[18] :
[19] : (99 -> [Nume: Bryce, Grupa: 311cb, Medie: 6.50, Varsta: 18])
[20] : (20 -> [Materie: IOC, Ore_curs: 4, Ore_lab: 1, Credit: 2, Teme: 5]) (100 -> [Materie: USO, Ore_curs: 3, Ore_lab: 4, Credit: 3, Teme: 6])
[21] :
[22] :
[23] : (23 -> [Materie: IA, Ore_curs: 1, Ore_lab: 5, Credit: 3, Teme: 3])
[24] : (24 -> [Materie: PA, Ore_curs: 1, Ore_lab: 4, Credit: 3, Teme: 4])
[25] :
[26] :
[27] : (27 -> [Nume: Brendan, Grupa: 319ce, Medie: 9.20, Varsta: 18])
[28] :
[29] :
[30] : (30 -> [Nume: Jannie, Grupa: 314ce, Medie: 6.90, Varsta: 19])
[31] :
[32] : (32 -> [Nume: Roxanne, Grupa: 312cd, Medie: 6.50, Varsta: 24])
[33] :
[34] :
[35] :
[36] : (36 -> [Nume: Erwin, Grupa: 318cb, Medie: 7.00, Varsta: 26])
[37] :
[38] :
[39] :
[40] :
[41] :
[42] :
[43] : (43 -> [Nume: Laurinda, Grupa: 320cb, Medie: 8.50, Varsta: 28])
[44] :
[45] : (45 -> [Materie: ED, Ore_curs: 4, Ore_lab: 2, Credit: 2, Teme: 1])
[46] :
[47] :
[48] : (48 -> [Nume: Denna, Grupa: 320cf, Medie: 6.90, Varsta: 18])
[49] :
[50] : (50 -> [Materie: ML, Ore_curs: 2, Ore_lab: 5, Credit: 2, Teme: 2])
[51] : (51 -> [Nume: Santana, Grupa: 317cb, Medie: 7.40, Varsta: 28])
[52] : (52 -> [Materie: Ghinion, Ore_curs: 1, Ore_lab: 5, Credit: 2, Teme: 3])
[53] :
[54] : (54 -> [Materie: EGC, Ore_curs: 2, Ore_lab: 2, Credit: 3, Teme: 4])
[55] :
[56] : (56 -> [Nume: Jannie, Grupa: 318ca, Medie: 6.50, Varsta: 29])
[57] :
[58] :
[59] :
[60] :
[61] :
[62] :
[63] : (63 -> [Nume: Marceline, Grupa: 311cd, Medie: 8.50, Varsta: 18])
[64] :
[65] :
[66] :
[67] :
[68] :
[69] : (69 -> [Nume: Son, Grupa: 316cd, Medie: 6.40, Varsta: 30])
[70] :
[71] :
[72] : (72 -> [Nume: Jannie, Grupa: 318cf, Medie: 9.30, Varsta: 29])
[73] :
[74] : (74 -> [Materie: ELTH, Ore_curs: 1, Ore_lab: 5, Credit: 2, Teme: 1])
[75] :
[76] :
[77] :
[78] : (78 -> [Nume: Sierra, Grupa: 317ce, Medie: 6.90, Varsta: 24])
[79] :
[Nume: Erwin, Grupa: 318cb, Medie: 7.00, Varsta: 26]
[Nume: Tammara, Grupa: 318cf, Medie: 7.20, Varsta: 20]
[Nume: Santana, Grupa: 317cb, Medie: 7.40, Varsta: 28]
[Materie: MN, Ore_curs: 4, Ore_lab: 5, Credit: 2, Teme: 4]
[Nume: Santana, Grupa: 317cb, Medie: 7.40, Varsta: 28]
[0] :
[1] :
[2] :
[3] :
[4] : (84 -> [Nume: Elvira, Grupa: 319cb, Medie: 6.70, Varsta: 22]) (4 -> [Materie: CPL, Ore_curs: 1, Ore_lab: 4, Credit: 3, Teme: 6])
[5] :
[6] :
[7] : (87 -> [Nume: Erwin, Grupa: 314cf, Medie: 9.30, Varsta: 30]) (7 -> [Nume: Angelique, Grupa: 315cd, Medie: 8.10, Varsta: 29])
[8] : (88 -> [Materie: MN, Ore_curs: 4, Ore_lab: 5, Credit: 2, Teme: 4])
[9] : (89 -> [Nume: Laurinda, Grupa: 315cd, Medie: 9.90, Varsta: 22])
[10] :
[11] :
[12] : (12 -> [Nume: Marceline, Grupa: 316cc, Medie: 7.50, Varsta: 21])
[13] :
[14] :
[15] : (15 -> [Materie: MPS, Ore_curs: 2, Ore_lab: 2, Credit: 3, Teme: 6]) (95 -> [Materie: MN, Ore_curs: 1, Ore_lab: 6, Credit: 3, Teme: 4])
[16] :
[17] : (17 -> [Nume: Lucille, Grupa: 315cf, Medie: 7.30, Varsta: 19]) (97 -> [Nume: Usha, Grupa: 311cc, Medie: 7.00, Varsta: 28])
[18] :
[19] : (99 -> [Nume: Bryce, Grupa: 311cb, Medie: 6.50, Varsta: 18])
[20] : (20 -> [Materie: IOC, Ore_curs: 4, Ore_lab: 1, Credit: 2, Teme: 5]) (100 -> [Materie: USO, Ore_curs: 3, Ore_lab: 4, Credit: 3, Teme: 6])
[21] :
[22] :
[23] : (23 -> [Materie: IA, Ore_curs: 1, Ore_lab: 5, Credit: 3, Teme: 3])
[24] : (24 -> [Materie: PA, Ore_curs: 1, Ore_lab: 4, Credit: 3, Teme: 4])
[25] :
[26] :
[27] : (27 -> [Nume: Brendan, Grupa: 319ce, Medie: 9.20, Varsta: 18])
[28] : (28 -> [Materie: PP, Ore_curs: 2, Ore_lab: 6, Credit: 3, Teme: 6])
[29] :
[30] : (30 -> [Nume: Jannie, Grupa: 314ce, Medie: 6.90, Varsta: 19])
[31] :
[32] : (32 -> [Nume: Roxanne, Grupa: 312cd, Medie: 6.50, Varsta: 24])
[33] :
[34] :
[35] :
[36] : (36 -> [Nume: Erwin, Grupa: 318cb, Medie: 7.00, Varsta: 26])
[37] :
[38] :
[39] :
[40] :
[41] :
[42] :
[43] : (43 -> [Nume: Laurinda, Grupa: 320cb, Medie: 8.50, Varsta: 28])
[44] :
[45] : (45 -> [Materie: ED, Ore_curs: 4, Ore_lab: 2, Credit: 2, Teme: 1])
[46] :
[47] :
[48] : (48 -> [Nume: Denna, Grupa: 320cf, Medie: 6.90, Varsta: 18])
[49] :
[50] : (50 -> [Materie: ML, Ore_curs: 2, Ore_lab: 5, Credit: 2, Teme: 2])
[51] : (51 -> [Nume: Santana, Grupa: 317cb, Medie: 7.40, Varsta: 28])
[52] : (52 -> [Materie: Ghinion, Ore_curs: 1, Ore_lab: 5, Credit: 2, Teme: 3])
[53] :
[54] : (54 -> [Materie: EGC, Ore_curs: 2, Ore_lab: 2, Credit: 3, Teme: 4])
[55] :
[56] : (56 -> [Nume: Jannie, Grupa: 318ca, Medie: 6.50, Varsta: 29])
[57] :
[58] :
[59] :
[60] :
[61] :
[62] :
[63] : (63 -> [Nume: Marceline, Grupa: 311cd, Medie: 8.50, Varsta: 18])
[64] :
[65] : (65 -> [Materie: Matematica3, Ore_curs: 4, Ore_lab: 4, Credit: 3, Teme: 2])
[66] :
[67] : (67 -> [Materie: PA, Ore_curs: 4, Ore_lab: 4, Credit: 2, Teme: 5])
[68] :
[69] : (69 -> [Nume: Son, Grupa: 316cd, Medie: 6.40, Varsta: 30])
[70] :
[71] :
[72] : (72 -> [Nume: Jannie, Grupa: 318cf, Medie: 9.30, Varsta: 29])
[73] :
[74] : (74 -> [Materie: ELTH, Ore_curs: 1, Ore_lab: 5, Credit: 2, Teme: 1])
[75] :
[76] :
[77] :
[78] : (78 -> [Nume: Sierra, Grupa: 317ce, Medie: 6.90, Varsta: 24])
[79] :
[Materie: PP, Ore_curs: 2, Ore_lab: 6, Credit: 3, Teme: 6]
[0] :
[1] :
[2] :
[3] :
[4] : (84 -> [Nume: Elvira, Grupa: 319cb, Medie: 6.70, Varsta: 22]) (4 -> [Materie: CPL, Ore_curs: 1, Ore_lab: 4, Credit: 3, Teme: 6])
[5] :
[6] :
[7] : (87 -> [Nume: Erwin, Grupa: 314cf, Medie: 9.30, Varsta: 30]) (7 -> [Nume: Angelique, Grupa: 315cd, Medie: 8.10, Varsta: 29])
[8] : (88 -> [Materie: MN, Ore_curs: 4, Ore_lab: 5, Credit: 2, Teme: 4])
[9] : (89 -> [Nume: Laurinda, Grupa: 315cd, Medie: 9.90, Varsta: 22])
[10] :
[11] : (91 -> [Materie: ASC, Ore_curs: 4, Ore_lab: 5, Credit: 2, Teme: 4])
[12] : (12 -> [Nume: Marceline, Grupa: 316cc, Medie: 7.50, Varsta: 21])
[13] :
[14] :
[15] : (15 -> [Materie: MPS, Ore_curs: 2, Ore_lab: 2, Credit: 3, Teme: 6]) (95 -> [Materie: MN, Ore_curs: 1, Ore_lab: 6, Credit: 3, Teme: 4])
[16] :
[17] : (17 -> [Nume: Lucille, Grupa: 315cf, Medie: 7.30, Varsta: 19]) (97 -> [Nume: Usha, Grupa: 311cc, Medie: 7.00, Varsta: 28])
[18] :
[19] : (99 -> [Nume: Bryce, Grupa: 311cb, Medie: 6.50, Varsta: 18])
[20] : (20 -> [Materie: IOC, Ore_curs: 4, Ore_lab: 1, Credit: 2, Teme: 5]) (100 -> [Materie: USO, Ore_curs: 3, Ore_lab: 4, Credit: 3, Teme: 6])
[21] :
[22] :
[23] : (23 -> [Materie: IA, Ore_curs: 1, Ore_lab: 5, Credit: 3, Teme: 3])
[24] : (24 -> [Materie: PA, Ore_curs: 1, Ore_lab: 4, Credit: 3, Teme: 4])
[25] :
[26] :
[27] : (27 -> [Nume: Brendan, Grupa: 319ce, Medie: 9.20, Varsta: 18])
[28] : (28 -> [Materie: PP, Ore_curs: 2, Ore_lab: 6, Credit: 3, Teme: 6])
[29] :
[30] : (30 -> [Nume: Jannie, Grupa: 314ce, Medie: 6.90, Varsta: 19])
[31] :
[32] : (32 -> [Nume: Roxanne, Grupa: 312cd, Medie: 6.50, Varsta: 24])
[33] :
[34] :
[35] :
[36] : (36 -> [Nume: Erwin, Grupa: 318cb, Medie: 7.00, Varsta: 26])
[37] :
[38] :
[39] :
[40] :
[41] :
[42] :
[43] : (43 -> [Nume: Laurinda, Grupa: 320cb, Medie: 8.50, Varsta: 28])
[44] :
[45] : (45 -> [Materie: ED, Ore_curs: 4, Ore_lab: 2, Credit: 2, Teme: 1])
[46] :
[47] :
[48] : (48 -> [Nume: Denna, Grupa: 320cf, Medie: 6.90, Varsta: 18])
[49] :
[50] : (50 -> [Materie: ML, Ore_curs: 2, Ore_lab: 5, Credit: 2, Teme: 2])
[51] : (51 -> [Nume: Santana, Grupa: 317cb, Medie: 7.40, Varsta: 28])
[52] : (52 -> [Materie: Ghinion, Ore_curs: 1, Ore_lab: 5, Credit: 2, Teme: 3])
[53] :
[54] : (54 -> [Materie: EGC, Ore_curs: 2, Ore_lab: 2, Credit: 3, Teme: 4])
[55] :
[56] : (56 -> [Nume: Jannie, Grupa: 318ca, Medie: 6.50, Varsta: 29])
[57] :
[58] :
[59] :
[60] :
[61] :
[62] :
[63] : (63 -> [Nume: Marceline, Grupa: 311cd, Medie: 8.50, Varsta: 18])
[64] :
[65] : (65 -> [Materie: Matematica3, Ore_curs: 4, Ore_lab: 4, Credit: 3, Teme: 2])
[66] :
[67] : (67 -> [Materie: PA, Ore_curs: 4, Ore_lab: 4, Credit: 2, Teme: 5])
[68] :
[69] : (69 -> [Nume: Son, Grupa: 316cd, Medie: 6.40, Varsta: 30])
[70] :
[71] :
[72] : (72 -> [Nume: Jannie, Grupa: 318cf, Medie: 9.30, Varsta: 29])
[73] :
[74] : (74 -> [Materie: ELTH, Ore_curs: 1, Ore_lab: 5, Credit: 2, Teme: 1])
[75] :
[76] :
[77] :
[78] : (78 -> [Nume: Sierra, Grupa: 317ce, Medie: 6.90, Varsta: 24])
[79] :
[Materie: MPS, Ore_curs: 2, Ore_lab: 2, Credit: 3, Teme: 6]
[Materie: MN, Ore_curs: 1, Ore_lab: 6, Credit: 3, Teme: 4]
[0] :
[1] : (81 -> [Materie: BD, Ore_curs: 4, Ore_lab: 4, Credit: 3, Teme: 6])
[2] :
[3] :
[4] : (84 -> [Nume: Elvira, Grupa: 319cb, Medie: 6.70, Varsta: 22]) (4 -> [Materie: CPL, Ore_curs: 1, Ore_lab: 4, Credit: 3, Teme: 6])
[5] :
[6] :
[7] : (87 -> [Nume: Erwin, Grupa: 314cf, Medie: 9.30, Varsta: 30]) (7 -> [Nume: Angelique, Grupa: 315cd, Medie: 8.10, Varsta: 29])
[8] : (88 -> [Materie: MN, Ore_curs: 4, Ore_lab: 5, Credit: 2, Teme: 4])
[9] : (89 -> [Nume: Laurinda, Grupa: 315cd, Medie: 9.90, Varsta: 22])
[10] :
[11] : (91 -> [Materie: ASC, Ore_curs: 4, Ore_lab: 5, Credit: 2, Teme: 4])
[12] : (12 -> [Nume: Marceline, Grupa: 316cc, Medie: 7.50, Varsta: 21])
[13] :
[14] :
[15] : (15 -> [Materie: MPS, Ore_curs: 2, Ore_lab: 2, Credit: 3, Teme: 6]) (95 -> [Materie: MN, Ore_curs: 1, Ore_lab: 6, Credit: 3, Teme: 4])
[16] :
[17] : (17 -> [Nume: Lucille, Grupa: 315cf, Medie: 7.30, Varsta: 19]) (97 -> [Nume: Usha, Grupa: 311cc, Medie: 7.00, Varsta: 28])
[18] :
[19] : (99 -> [Nume: Bryce, Grupa: 311cb, Medie: 6.50, Varsta: 18])
[20] : (20 -> [Materie: IOC, Ore_curs: 4, Ore_lab: 1, Credit: 2, Teme: 5]) (100 -> [Materie: USO, Ore_curs: 3, Ore_lab: 4, Credit: 3, Teme: 6])
[21] :
[22] :
[23] : (23 -> [Materie: IA, Ore_curs: 1, Ore_lab: 5, Credit: 3, Teme: 3])
[24] : (24 -> [Materie: PA, Ore_curs: 1, Ore_lab: 4, Credit: 3, Teme: 4])
[25] :
[26] :
[27] : (27 -> [Nume: Brendan, Grupa: 319ce, Medie: 9.20, Varsta: 18])
[28] : (28 -> [Materie: SO, Ore_curs: 3, Ore_lab: 6, Credit: 3, Teme: 6])
[29] :
[30] : (30 -> [Nume: Jannie, Grupa: 314ce, Medie: 6.90, Varsta: 19])
[31] :
[32] : (32 -> [Nume: Roxanne, Grupa: 312cd, Medie: 6.50, Varsta: 24])
[33] :
[34] :
[35] :
[36] : (36 -> [Nume: Erwin, Grupa: 318cb, Medie: 7.00, Varsta: 26])
[37] :
[38] :
[39] :
[40] :
[41] :
[42] :
[43] : (43 -> [Nume: Laurinda, Grupa: 320cb, Medie: 8.50, Varsta: 28])
[44] :
[45] : (45 -> [Materie: ED, Ore_curs: 4, Ore_lab: 2, Credit: 2, Teme: 1])
[46] :
[47] :
[48] : (48 -> [Nume: Denna, Grupa: 320cf, Medie: 6.90, Varsta: 18])
[49] :
[50] : (50 -> [Materie: ML, Ore_curs: 2, Ore_lab: 5, Credit: 2, Teme: 2])
[51] : (51 -> [Nume: Santana, Grupa: 317cb, Medie: 7.40, Varsta: 28])
[52] : (52 -> [Materie: Ghinion, Ore_curs: 1, Ore_lab: 5, Credit: 2, Teme: 3])
[53] :
[54] : (54 -> [Materie: EGC, Ore_curs: 2, Ore_lab: 2, Credit: 3, Teme: 4])
[55] :
[56] : (56 -> [Nume: Jannie, Grupa: 318ca, Medie: 6.50, Varsta: 29])
[57] :
[58] :
[59] :
[60] :
[61] :
[62] :
[63] : (63 -> [Nume: Marceline, Grupa: 311cd, Medie: 8.50, Varsta: 18])
[64] :
[65] : (65 -> [Materie: Matematica3, Ore_curs: 4, Ore_lab: 4, Credit: 3, Teme: 2])
[66] :
[67] : (67 -> [Materie: PA, Ore_curs: 4, Ore_lab: 4, Credit: 2, Teme: 5])
[68] :
[69] : (69 -> [Nume: Son, Grupa: 316cd, Medie: 6.40, Varsta: 30])
[70] : (70 -> [Nume: Lai, Grupa: 317ca, Medie: 9.80, Varsta: 20])
[71] :
[72] : (72 -> [Nume: Jannie, Grupa: 318cf, Medie: 9.30, Varsta: 29])
[73] :
[74] : (74 -> [Materie: ELTH, Ore_curs: 1, Ore_lab: 5, Credit: 2, Teme: 1])
[75] :
[76] :
[77] :
[78] : (78 -> [Nume: Sierra, Grupa: 317ce, Medie: 6.90, Varsta: 24])
[79] :
[Nume: Son, Grupa: 316cd, Medie: 6.40, Varsta: 30]
[Nume: Son, Grupa: 316cd, Medie: 6.40, Varsta: 30]
[Nume: Sierra, Grupa: 317ce, Medie: 6.90, Varsta: 24]
Nu exista
[Nume: Jannie, Grupa: 318ca, Medie: 6.50, Varsta: 29]
[0] :
[1] : (81 -> [Materie: BD, Ore_curs: 4, Ore_lab: 4, Credit: 3, Teme: 6])
[2] :
[3] :
[4] : (84 -> [Nume: Elvira, Grupa: 319cb, Medie: 6.70, Varsta: 22]) (4 -> [Materie: CPL, Ore_curs: 1, Ore_lab: 4, Credit: 3, Teme: 6])
[5] :
[6] :
[7] : (87 -> [Nume: Erwin, Grupa: 314cf, Medie: 9.30, Varsta: 30]) (7 -> [Nume: Angelique, Grupa: 315cd, Medie: 8.10, Varsta: 29])
[8] : (88 -> [Materie: MN, Ore_curs: 4, Ore_lab: 5, Credit: 2, Teme: 4])
[9] : (89 -> [Nume: Laurinda, Grupa: 315cd, Medie: 9.90, Varsta: 22])
[10] :
[11] : (91 -> [Materie: ASC, Ore_curs: 4, Ore_lab: 5, Credit: 2, Teme: 4])
[12] : (12 -> [Materie: IA, Ore_curs: 4, Ore_lab: 6, Credit: 3, Teme: 6])
[13] :
[14] :
[15] : (15 -> [Materie: MPS, Ore_curs: 2, Ore_lab: 2, Credit: 3, Teme: 6]) (95 -> [Materie: MN, Ore_curs: 1, Ore_lab: 6, Credit: 3, Teme: 4])
[16] :
[17] : (17 -> [Nume: Lucille, Grupa: 315cf, Medie: 7.30, Varsta: 19]) (97 -> [Nume: Raylene, Grupa: 320cb, Medie: 6.30, Varsta: 19])
[18] :
[19] : (99 -> [Nume: Bryce, Grupa: 311cb, Medie: 6.50, Varsta: 18])
[20] : (20 -> [Materie: IOC, Ore_curs: 4, Ore_lab: 1, Credit: 2, Teme: 5]) (100 -> [Materie: USO, Ore_curs: 3, Ore_lab: 4, Credit: 3, Teme: 6])
[21] : (21 -> [Nume: Leanna, Grupa: 319ce, Medie: 7.60, Varsta: 25])
[22] :
[23] : (23 -> [Materie: IA, Ore_curs: 1, Ore_lab: 5, Credit: 3, Teme: 3])
[24] : (24 -> [Materie: Ghinion, Ore_curs: 2, Ore_lab: 1, Credit: 2, Teme: 5])
[25] :
[26] :
[27] : (27 -> [Nume: Brendan, Grupa: 319ce, Medie: 9.20, Varsta: 18])
[28] : (28 -> [Materie: SO, Ore_curs: 3, Ore_lab: 6, Credit: 3, Teme: 6])
[29] :
[30] : (30 -> [Nume: Jannie, Grupa: 314ce, Medie: 6.90, Varsta: 19])
[31] :
[32] : (32 -> [Nume: Roxanne, Grupa: 312cd, Medie: 6.50, Varsta: 24])
[33] :
[34] :
[35] :
[36] : (36 -> [Nume: Erwin, Grupa: 318cb, Medie: 7.00, Varsta: 26])
[37] :
[38] : (38 -> [Materie: EComm, Ore_curs: 2, Ore_lab: 4, Credit: 2, Teme: 3])
[39] :
[40] :
[41] :
[42] :
[43] : (43 -> [Nume: Laurinda, Grupa: 320cb, Medie: 8.50, Varsta: 28])
[44] :
[45] : (45 -> [Materie: ED, Ore_curs: 4, Ore_lab: 2, Credit: 2, Teme: 1])
[46] :
[47] :
[48] : (48 -> [Nume: Denna, Grupa: 320cf, Medie: 6.90, Varsta: 18])
[49] :
[50] : (50 -> [Materie: ML, Ore_curs: 2, Ore_lab: 5, Credit: 2, Teme: 2])
[51] : (51 -> [Nume: Santana, Grupa: 317cb, Medie: 7.40, Varsta: 28])
[52] : (52 -> [Materie: Ghinion, Ore_curs: 1, Ore_lab: 5, Credit: 2, Teme: 3])
[53] :
[54] : (54 -> [Materie: EGC, Ore_curs: 2, Ore_lab: 2, Credit: 3, Teme: 4])
[55] :
[56] : (56 -> [Nume: Jannie, Grupa: 318ca, Medie: 6.50, Varsta: 29])
[57] :
[58] :
[59] :
[60] : (60 -> [Materie: FIZICA, Ore_curs: 1, Ore_lab: 5, Credit: 2, Teme: 6])
[61] :
[62] :
[63] : (63 -> [Nume: Marceline, Grupa: 311cd, Medie: 8.50, Varsta: 18])
[64] :
[65] : (65 -> [Materie: Matematica3, Ore_curs: 4, Ore_lab: 4, Credit: 3, Teme: 2])
[66] :
[67] : (67 -> [Materie: PA, Ore_curs: 4, Ore_lab: 4, Credit: 2, Teme: 5])
[68] :
[69] : (69 -> [Nume: Son, Grupa: 316cd, Medie: 6.40, Varsta: 30])
[70] : (70 -> [Nume: Lai, Grupa: 317ca, Medie: 9.80, Varsta: 20])
[71] :
[72] : (72 -> [Nume: Jannie, Grupa: 318cf, Medie: 9.30, Varsta: 29])
[73] :
[74] : (74 -> [Materie: ELTH, Ore_curs: 1, Ore_lab: 5, Credit: 2, Teme: 1])
[75] :
[76] :
[77] :
[78] : (78 -> [Nume: Sierra, Grupa: 317ce, Medie: 6.90, Varsta: 24])
[79] :
[0] :
[1] : (81 -> [Materie: BD, Ore_curs: 4, Ore_lab: 4, Credit: 3, Teme: 6])
[2] :
[3] :
[4] : (84 -> [Nume: Elvira, Grupa: 319cb, Medie: 6.70, Varsta: 22]) (4 -> [Materie: CPL, Ore_curs: 1, Ore_lab: 4, Credit: 3, Teme: 6])
[5] :
[6] :
[7] : (87 -> [Nume: Erwin, Grupa: 314cf, Medie: 9.30, Varsta: 30]) (7 -> [Nume: Angelique, Grupa: 315cd, Medie: 8.10, Varsta: 29])
[8] : (88 -> [Materie: MN, Ore_curs: 4, Ore_lab: 5, Credit: 2, Teme: 4])
[9] : (89 -> [Nume: Laurinda, Grupa: 315cd, Medie: 9.90, Varsta: 22])
[10] :
[11] : (91 -> [Materie: ASC, Ore_curs: 4, Ore_lab: 5, Credit: 2, Teme: 4])
[12] : (12 -> [Materie: IA, Ore_curs: 4, Ore_lab: 6, Credit: 3, Teme: 6])
[13] :
[14] :
[15] : (15 -> [Materie: MPS, Ore_curs: 2, Ore_lab: 2, Credit: 3, Teme: 6]) (95 -> [Materie: MN, Ore_curs: 1, Ore_lab: 6, Credit: 3, Teme: 4])
[16] :
[17] : (17 -> [Nume: Lucille, Grupa: 315cf, Medie: 7.30, Varsta: 19]) (97 -> [Nume: Raylene, Grupa: 320cb, Medie: 6.30, Varsta: 19])
[18] :
[19] : (99 -> [Nume: Bryce, Grupa: 311cb, Medie: 6.50, Varsta: 18])
[20] : (20 -> [Materie: IOC, Ore_curs: 4, Ore_lab: 1, Credit: 2, Teme: 5]) (100 -> [Materie: USO, Ore_curs: 3, Ore_lab: 4, Credit: 3, Teme: 6])
[21] : (21 -> [Nume: Leanna, Grupa: 319ce, Medie: 7.60, Varsta: 25])
[22] :
[23] : (23 -> [Materie: IA, Ore_curs: 1, Ore_lab: 5, Credit: 3, Teme: 3])
[24] : (24 -> [Materie: Ghinion, Ore_curs: 2, Ore_lab: 1, Credit: 2, Teme: 5])
[25] :
[26] :
[27] : (27 -> [Nume: Brendan, Grupa: 319ce, Medie: 9.20, Varsta: 18])
[28] : (28 -> [Materie: SO, Ore_curs: 3, Ore_lab: 6, Credit: 3, Teme: 6])
[29] :
[30] : (30 -> [Nume: Jannie, Grupa: 314ce, Medie: 6.90, Varsta: 19])
[31] :
[32] : (32 -> [Nume: Roxanne, Grupa: 312cd, Medie: 6.50, Varsta: 24])
[33] :
[34] :
[35] :
[36] : (36 -> [Nume: Erwin, Grupa: 318cb, Medie: 7.00, Varsta: 26])
[37] :
[38] : (38 -> [Materie: EComm, Ore_curs: 2, Ore_lab: 4, Credit: 2, Teme: 3])
[39] :
[40] :
[41] :
[42] :
[43] : (43 -> [Nume: Laurinda, Grupa: 320cb, Medie: 8.50, Varsta: 28])
[44] :
[45] : (45 -> [Materie: ED, Ore_curs: 4, Ore_lab: 2, Credit: 2, Teme: 1])
[46] :
[47] :
[48] : (48 -> [Nume: Denna, Grupa: 320cf, Medie: 6.90, Varsta: 18])
[49] :
[50] : (50 -> [Materie: ML, Ore_curs: 2, Ore_lab: 5, Credit: 2, Teme: 2])
[51] : (51 -> [Nume: Santana, Grupa: 317cb, Medie: 7.40, Varsta: 28])
[52] : (52 -> [Materie: Ghinion, Ore_curs: 1, Ore_lab: 5, Credit: 2, Teme: 3])
[53] :
[54] : (54 -> [Materie: EGC, Ore_curs: 2, Ore_lab: 2, Credit: 3, Teme: 4])
[55] :
[56] : (56 -> [Nume: Jannie, Grupa: 318ca, Medie: 6.50, Varsta: 29])
[57] :
[58] :
[59] :
[60] : (60 -> [Materie: FIZICA, Ore_curs: 1, Ore_lab: 5, Credit: 2, Teme: 6])
[61] :
[62] :
[63] : (63 -> [Nume: Marceline, Grupa: 311cd, Medie: 8.50, Varsta: 18])
[64] :
[65] : (65 -> [Materie: Matematica3, Ore_curs: 4, Ore_lab: 4, Credit: 3, Teme: 2])
[66] :
[67] : (67 -> [Materie: PA, Ore_curs: 4, Ore_lab: 4, Credit: 2, Teme: 5])
[68] :
[69] : (69 -> [Nume: Son, Grupa: 316cd, Medie: 6.40, Varsta: 30])
[70] : (70 -> [Nume: Lai, Grupa: 317ca, Medie: 9.80, Varsta: 20])
[71] :
[72] : (72 -> [Nume: Jannie, Grupa: 318cf, Medie: 9.30, Varsta: 29])
[73] :
[74] : (74 -> [Materie: ELTH, Ore_curs: 1, Ore_lab: 5, Credit: 2, Teme: 1])
[75] :
[76] :
[77] :
[78] : (78 -> [Nume: Sierra, Grupa: 317ce, Medie: 6.90, Varsta: 24])
[79] :
[0] :
[1] : (81 -> [Materie: BD, Ore_curs: 4, Ore_lab: 4, Credit: 3, Teme: 6])
[2] :
[3] :
[4] : (84 -> [Nume: Elvira, Grupa: 319cb, Medie: 6.70, Varsta: 22]) (4 -> [Materie: CPL, Ore_curs: 1, Ore_lab: 4, Credit: 3, Teme: 6])
[5] :
[6] :
[7] : (87 -> [Nume: Erwin, Grupa: 314cf, Medie: 9.30, Varsta: 30]) (7 -> [Nume: Angelique, Grupa: 315cd, Medie: 8.10, Varsta: 29])
[8] : (88 -> [Materie: MN, Ore_curs: 4, Ore_lab: 5, Credit: 2, Teme: 4])
[9] : (89 -> [Nume: Laurinda, Grupa: 315cd, Medie: 9.90, Varsta: 22])
[10] :
[11] : (91 -> [Materie: ASC, Ore_curs: 4, Ore_lab: 5, Credit: 2, Teme: 4])
[12] : (12 -> [Materie: IA, Ore_curs: 4, Ore_lab: 6, Credit: 3, Teme: 6])
[13] :
[14] :
[15] : (15 -> [Materie: MPS, Ore_curs: 2, Ore_lab: 2, Credit: 3, Teme: 6]) (95 -> [Materie: MN, Ore_curs: 1, Ore_lab: 6, Credit: 3, Teme: 4])
[16] :
[17] : (17 -> [Nume: Lucille, Grupa: 315cf, Medie: 7.30, Varsta: 19]) (97 -> [Nume: Raylene, Grupa: 320cb, Medie: 6.30, Varsta: 19])
[18] :
[19] : (99 -> [Nume: Bryce, Grupa: 311cb, Medie: 6.50, Varsta: 18])
[20] : (20 -> [Materie: IOC, Ore_curs: 4, Ore_lab: 1, Credit: 2, Teme: 5]) (100 -> [Materie: USO, Ore_curs: 3, Ore_lab: 4, Credit: 3, Teme: 6])
[21] : (21 -> [Nume: Leanna, Grupa: 319ce, Medie: 7.60, Varsta: 25])
[22] :
[23] : (23 -> [Materie: IA, Ore_curs: 1, Ore_lab: 5, Credit: 3, Teme: 3])
[24] : (24 -> [Materie: Ghinion, Ore_curs: 2, Ore_lab: 1, Credit: 2, Teme: 5])
[25] :
[26] :
[27] : (27 -> [Nume: Brendan, Grupa: 319ce, Medie: 9.20, Varsta: 18])
[28] : (28 -> [Materie: SO, Ore_curs: 3, Ore_lab: 6, Credit: 3, Teme: 6])
[29] :
[30] : (30 -> [Nume: Jannie, Grupa: 314ce, Medie: 6.90, Varsta: 19])
[31] :
[32] : (32 -> [Nume: Roxanne, Grupa: 312cd, Medie: 6.50, Varsta: 24])
[33] :
[34] :
[35] :
[36] : (36 -> [Nume: Erwin, Grupa: 318cb, Medie: 7.00, Varsta: 26])
[37] :
[38] : (38 -> [Materie: EComm, Ore_curs: 2, Ore_lab: 4, Credit: 2, Teme: 3])
[39] :
[40] :
[41] :
[42] :
[43] : (43 -> [Nume: Laurinda, Grupa: 320cb, Medie: 8.50, Varsta: 28])
[44] :
[45] : (45 -> [Materie: ED, Ore_curs: 4, Ore_lab: 2, Credit: 2, Teme: 1])
[46] :
[47] :
[48] : (48 -> [Nume: Denna, Grupa: 320cf, Medie: 6.90, Varsta: 18])
[49] :
[50] : (50 -> [Materie: ML, Ore_curs: 2, Ore_lab: 5, Credit: 2, Teme: 2])
[51] : (51 -> [Nume: Santana, Grupa: 317cb, Medie: 7.40, Varsta: 28])
[52] : (52 -> [Materie: Ghinion, Ore_curs: 1, Ore_lab: 5, Credit: 2, Teme: 3])
[53] :
[54] : (54 -> [Materie: EGC, Ore_curs: 2, Ore_lab: 2, Credit: 3, Teme: 4])
[55] :
[56] : (56 -> [Nume: Jannie, Grupa: 318ca, Medie: 6.50, Varsta: 29])
[57] :
[58] :
[59] :
[60] : (60 -> [Materie: FIZICA, Ore_curs: 1, Ore_lab: 5, Credit: 2, Teme: 6])
[61] :
[62] :
[63] : (63 -> [Nume: Marceline, Grupa: 311cd, Medie: 8.50, Varsta: 18])
[64] :
[65] : (65 -> [Materie: Matematica3, Ore_curs: 4, Ore_lab: 4, Credit: 3, Teme: 2])
[66] :
[67] : (67 -> [Materie: PA, Ore_curs: 4, Ore_lab: 4, Credit: 2, Teme: 5])
[68] :
[69] : (69 -> [Nume: Son, Grupa: 316cd, Medie: 6.40, Varsta: 30])
[70] : (70 -> [Nume: Lai, Grupa: 317ca, Medie: 9.80, Varsta: 20])
[71] :
[72] : (72 -> [Nume: Jannie, Grupa: 318cf, Medie: 9.30, Varsta: 29])
[73] :
[74] : (74 -> [Materie: ELTH, Ore_curs: 1, Ore_lab: 5, Credit: 2, Teme: 1])
[75] :
[76] :
[77] :
[78] : (78 -> [Nume: Sierra, Grupa: 317ce, Medie: 6.90, Varsta: 24])
[79] :
Nu exista
[0] :
[1] : (81 -> [Materie: BD, Ore_curs: 4, Ore_lab: 4, Credit: 3, Teme: 6])
[2] :
[3] :
[4] : (84 -> [Nume: Elvira, Grupa: 319cb, Medie: 6.70, Varsta: 22]) (4 -> [Materie: CPL, Ore_curs: 1, Ore_lab: 4, Credit: 3, Teme: 6])
[5] :
[6] :
[7] : (87 -> [Nume: Erwin, Grupa: 314cf, Medie: 9.30, Varsta: 30]) (7 -> [Nume: Angelique, Grupa: 315cd, Medie: 8.10, Varsta: 29])
[8] : (88 -> [Materie: MN, Ore_curs: 4, Ore_lab: 5, Credit: 2, Teme: 4])
[9] : (89 -> [Nume: Laurinda, Grupa: 315cd, Medie: 9.90, Varsta: 22])
[10] :
[11] : (91 -> [Materie: ASC, Ore_curs: 4, Ore_lab: 5, Credit: 2, Teme: 4])
[12] : (12 -> [Materie: IA, Ore_curs: 4, Ore_lab: 6, Credit: 3, Teme: 6])
[13] :
[14] :
[15] : (15 -> [Materie: MPS, Ore_curs: 2, Ore_lab: 2, Credit: 3, Teme: 6]) (95 -> [Materie: MN, Ore_curs: 1, Ore_lab: 6, Credit: 3, Teme: 4])
[16] :
[17] : (17 -> [Nume: Lucille, Grupa: 315cf, Medie: 7.30, Varsta: 19]) (97 -> [Nume: Raylene, Grupa: 320cb, Medie: 6.30, Varsta: 19])
[18] :
[19] : (99 -> [Nume: Bryce, Grupa: 311cb, Medie: 6.50, Varsta: 18])
[20] : (20 -> [Materie: IOC, Ore_curs: 4, Ore_lab: 1, Credit: 2, Teme: 5]) (100 -> [Materie: USO, Ore_curs: 3, Ore_lab: 4, Credit: 3, Teme: 6])
[21] : (21 -> [Nume: Leanna, Grupa: 319ce, Medie: 7.60, Varsta: 25])
[22] :
[23] : (23 -> [Materie: IA, Ore_curs: 1, Ore_lab: 5, Credit: 3, Teme: 3])
[24] : (24 -> [Materie: Ghinion, Ore_curs: 2, Ore_lab: 1, Credit: 2, Teme: 5])
[25] :
[26] :
[27] : (27 -> [Nume: Brendan, Grupa: 319ce, Medie: 9.20, Varsta: 18])
[28] : (28 -> [Materie: SO, Ore_curs: 3, Ore_lab: 6, Credit: 3, Teme: 6])
[29] :
[30] : (30 -> [Nume: Jannie, Grupa: 314ce, Medie: 6.90, Varsta: 19])
[31] :
[32] : (32 -> [Nume: Roxanne, Grupa: 312cd, Medie: 6.50, Varsta: 24])
[33] :
[34] :
[35] :
[36] : (36 -> [Nume: Erwin, Grupa: 318cb, Medie: 7.00, Varsta: 26])
[37] :
[38] : (38 -> [Materie: EComm, Ore_curs: 2, Ore_lab: 4, Credit: 2, Teme: 3])
[39] :
[40] :
[41] :
[42] :
[43] : (43 -> [Nume: Laurinda, Grupa: 320cb, Medie: 8.50, Varsta: 28])
[44] :
[45] : (45 -> [Materie: ED, Ore_curs: 4, Ore_lab: 2, Credit: 2, Teme: 1])
[46] :
[47] :
[48] : (48 -> [Nume: Denna, Grupa: 320cf, Medie: 6.90, Varsta: 18])
[49] :
[50] : (50 -> [Materie: ML, Ore_curs: 2, Ore_lab: 5, Credit: 2, Teme: 2])
[51] : (51 -> [Nume: Santana, Grupa: 317cb, Medie: 7.40, Varsta: 28])
[52] : (52 -> [Materie: Ghinion, Ore_curs: 1, Ore_lab: 5, Credit: 2, Teme: 3])
[53] :
[54] : (54 -> [Materie: EGC, Ore_curs: 2, Ore_lab: 2, Credit: 3, Teme: 4])
[55] :
[56] : (56 -> [Nume: Jannie, Grupa: 318ca, Medie: 6.50, Varsta: 29])
[57] :
[58] :
[59] :
[60] : (60 -> [Materie: FIZICA, Ore_curs: 1, Ore_lab: 5, Credit: 2, Teme: 6])
[61] :
[62] :
[63] : (63 -> [Nume: Marceline, Grupa: 311cd, Medie: 8.50, Varsta: 18])
[64] :
[65] : (65 -> [Materie: Matematica3, Ore_curs: 4, Ore_lab: 4, Credit: 3, Teme: 2])
[66] :
[67] : (67 -> [Materie: PA, Ore_curs: 4, Ore_lab: 4, Credit: 2, Teme: 5])
[68] :
[69] : (69 -> [Nume: Son, Grupa: 316cd, Medie: 6.40, Varsta: 30])
[70] : (70 -> [Nume: Lai, Grupa: 317ca, Medie: 9.80, Varsta: 20])
[71] :
[72] : (72 -> [Nume: Jannie, Grupa: 318cf, Medie: 9.30, Varsta: 29])
[73] :
[74] : (74 -> [Materie: ELTH, Ore_curs: 1, Ore_lab: 5, Credit: 2, Teme: 1])
[75] :
[76] :
[77] :
[78] : (78 -> [Nume: Sierra, Grupa: 317ce, Medie: 6.90, Varsta: 24])
[79] :
[0] :
[1] : (81 -> [Materie: BD, Ore_curs: 4, Ore_lab: 4, Credit: 3, Teme: 6])
[2] :
[3] :
[4] : (84 -> [Nume: Elvira, Grupa: 319cb, Medie: 6.70, Varsta: 22]) (4 -> [Materie: PM, Ore_curs: 4, Ore_lab: 4, Credit: 2, Teme: 2])
[5] :
[6] :
[7] : (87 -> [Nume: Erwin, Grupa: 314cf, Medie: 9.30, Varsta: 30]) (7 -> [Nume: Angelique, Grupa: 315cd, Medie: 8.10, Varsta: 29])
[8] : (88 -> [Materie: MN, Ore_curs: 4, Ore_lab: 5, Credit: 2, Teme: 4])
[9] : (89 -> [Nume: Laurinda, Grupa: 315cd, Medie: 9.90, Varsta: 22])
[10] :
[11] : (91 -> [Materie: ASC, Ore_curs: 4, Ore_lab: 5, Credit: 2, Teme: 4])
[12] : (12 -> [Materie: IA, Ore_curs: 4, Ore_lab: 6, Credit: 3, Teme: 6])
[13] :
[14] :
[15] : (15 -> [Materie: MPS, Ore_curs: 2, Ore_lab: 2, Credit: 3, Teme: 6]) (95 -> [Materie: MN, Ore_curs: 1, Ore_lab: 6, Credit: 3, Teme: 4])
[16] :
[17] : (17 -> [Nume: Lucille, Grupa: 315cf, Medie: 7.30, Varsta: 19]) (97 -> [Nume: Raylene, Grupa: 320cb, Medie: 6.30, Varsta: 19])
[18] :
[19] : (99 -> [Nume: Bryce, Grupa: 311cb, Medie: 6.50, Varsta: 18])
[20] : (20 -> [Materie: IOC, Ore_curs: 4, Ore_lab: 1, Credit: 2, Teme: 5]) (100 -> [Materie: USO, Ore_curs: 3, Ore_lab: 4, Credit: 3, Teme: 6])
[21] : (21 -> [Nume: Leanna, Grupa: 319ce, Medie: 7.60, Varsta: 25])
[22] :
[23] : (23 -> [Materie: IA, Ore_curs: 1, Ore_lab: 5, Credit: 3, Teme: 3])
[24] : (24 -> [Materie: Ghinion, Ore_curs: 2, Ore_lab: 1, Credit: 2, Teme: 5])
[25] :
[26] :
[27] : (27 -> [Nume: Brendan, Grupa: 319ce, Medie: 9.20, Varsta: 18])
[28] : (28 -> [Materie: SO, Ore_curs: 3, Ore_lab: 6, Credit: 3, Teme: 6])
[29] :
[30] : (30 -> [Nume: Jannie, Grupa: 314ce, Medie: 6.90, Varsta: 19])
[31] :
[32] : (32 -> [Nume: Roxanne, Grupa: 312cd, Medie: 6.50, Varsta: 24])
[33] :
[34] :
[35] : (35 -> [Nume: Laurinda, Grupa: 320cc, Medie: 8.30, Varsta: 18])
[36] : (36 -> [Nume: Erwin, Grupa: 318cb, Medie: 7.00, Varsta: 26])
[37] :
[38] : (38 -> [Materie: EComm, Ore_curs: 2, Ore_lab: 4, Credit: 2, Teme: 3])
[39] :
[40] :
[41] :
[42] :
[43] : (43 -> [Nume: Laurinda, Grupa: 320cb, Medie: 8.50, Varsta: 28])
[44] :
[45] : (45 -> [Materie: ED, Ore_curs: 4, Ore_lab: 2, Credit: 2, Teme: 1])
[46] :
[47] :
[48] : (48 -> [Nume: Denna, Grupa: 320cf, Medie: 6.90, Varsta: 18])
[49] :
[50] : (50 -> [Materie: ML, Ore_curs: 2, Ore_lab: 5, Credit: 2, Teme: 2])
[51] : (51 -> [Nume: Santana, Grupa: 317cb, Medie: 7.40, Varsta: 28])
[52] : (52 -> [Materie: Ghinion, Ore_curs: 1, Ore_lab: 5, Credit: 2, Teme: 3])
[53] :
[54] : (54 -> [Materie: EGC, Ore_curs: 2, Ore_lab: 2, Credit: 3, Teme: 4])
[55] :
[56] : (56 -> [Nume: Jannie, Grupa: 318ca, Medie: 6.50, Varsta: 29])
[57] :
[58] :
[59] :
[60] : (60 -> [Materie: FIZICA, Ore_curs: 1, Ore_lab: 5, Credit: 2, Teme: 6])
[61] :
[62] :
[63] : (63 -> [Nume: Marceline, Grupa: 311cd, Medie: 8.50, Varsta: 18])
[64] :
[65] : (65 -> [Materie: Matematica3, Ore_curs: 4, Ore_lab: 4, Credit: 3, Teme: 2])
[66] :
[67] : (67 -> [Materie: PA, Ore_curs: 4, Ore_lab: 4, Credit: 2, Teme: 5])
[68] :
[69] : (69 -> [Nume: Son, Grupa: 316cd, Medie: 6.40, Varsta: 30])
[70] : (70 -> [Nume: Lai, Grupa: 317ca, Medie: 9.80, Varsta: 20])
[71] :
[72] : (72 -> [Nume: Jannie, Grupa: 318cf, Medie: 9.30, Varsta: 29])
[73] :
[74] : (74 -> [Materie: ELTH, Ore_curs: 1, Ore_lab: 5, Credit: 2, Teme: 1])
[75] :
[76] :
[77] :
[78] : (78 -> [Nume: Sierra, Grupa: 317ce, Medie: 6.90, Varsta: 24])
[79] :
[Materie: EGC, Ore_curs: 2, Ore_lab: 2, Credit: 3, Teme: 4]
[Materie: IA, Ore_curs: 1, Ore_lab: 5, Credit: 3, Teme: 3]
[Nume: Laurinda, Grupa: 320cb, Medie: 8.50, Varsta: 28]
[0] :
[1] : (81 -> [Materie: BD, Ore_curs: 4, Ore_lab: 4, Credit: 3, Teme: 6])
[2] :
[3] :
[4] : (84 -> [Nume: Elvira, Grupa: 319cb, Medie: 6.70, Varsta: 22]) (4 -> [Materie: PM, Ore_curs: 4, Ore_lab: 4, Credit: 2, Teme: 2])
[5] :
[6] :
[7] : (87 -> [Nume: Erwin, Grupa: 314cf, Medie: 9.30, Varsta: 30]) (7 -> [Nume: Angelique, Grupa: 315cd, Medie: 8.10, Varsta: 29])
[8] : (88 -> [Materie: MN, Ore_curs: 4, Ore_lab: 5, Credit: 2, Teme: 4])
[9] : (89 -> [Nume: Laurinda, Grupa: 315cd, Medie: 9.90, Varsta: 22])
[10] :
[11] : (91 -> [Materie: ASC, Ore_curs: 4, Ore_lab: 5, Credit: 2, Teme: 4])
[12] : (12 -> [Materie: IA, Ore_curs: 4, Ore_lab: 6, Credit: 3, Teme: 6])
[13] :
[14] :
[15] : (15 -> [Materie: MPS, Ore_curs: 2, Ore_lab: 2, Credit: 3, Teme: 6]) (95 -> [Materie: MN, Ore_curs: 1, Ore_lab: 6, Credit: 3, Teme: 4])
[16] :
[17] : (17 -> [Nume: Lucille, Grupa: 315cf, Medie: 7.30, Varsta: 19]) (97 -> [Nume: Raylene, Grupa: 320cb, Medie: 6.30, Varsta: 19])
[18] :
[19] : (99 -> [Nume: Bryce, Grupa: 311cb, Medie: 6.50, Varsta: 18])
[20] : (20 -> [Materie: IOC, Ore_curs: 4, Ore_lab: 1, Credit: 2, Teme: 5]) (100 -> [Materie: USO, Ore_curs: 3, Ore_lab: 4, Credit: 3, Teme: 6])
[21] : (21 -> [Nume: Leanna, Grupa: 319ce, Medie: 7.60, Varsta: 25])
[22] :
[23] : (23 -> [Nume: Raylene, Grupa: 312cb, Medie: 10.00, Varsta: 20])
[24] : (24 -> [Materie: Ghinion, Ore_curs: 2, Ore_lab: 1, Credit: 2, Teme: 5])
[25] :
[26] :
[27] : (27 -> [Nume: Brendan, Grupa: 319ce, Medie: 9.20, Varsta: 18])
[28] : (28 -> [Materie: SO, Ore_curs: 3, Ore_lab: 6, Credit: 3, Teme: 6])
[29] :
[30] : (30 -> [Nume: Jannie, Grupa: 314ce, Medie: 6.90, Varsta: 19])
[31] :
[32] : (32 -> [Nume: Roxanne, Grupa: 312cd, Medie: 6.50, Varsta: 24])
[33] :
[34] :
[35] : (35 -> [Nume: Laurinda, Grupa: 320cc, Medie: 8.30, Varsta: 18])
[36] : (36 -> [Nume: Erwin, Grupa: 318cb, Medie: 7.00, Varsta: 26])
[37] :
[38] : (38 -> [Materie: EComm, Ore_curs: 2, Ore_lab: 4, Credit: 2, Teme: 3])
[39] :
[40] :
[41] :
[42] :
[43] : (43 -> [Nume: Laurinda, Grupa: 320cb, Medie: 8.50, Varsta: 28])
[44] :
[45] : (45 -> [Materie: ED, Ore_curs: 4, Ore_lab: 2, Credit: 2, Teme: 1])
[46] :
[47] :
[48] : (48 -> [Nume: Denna, Grupa: 320cf, Medie: 6.90, Varsta: 18])
[49] :
[50] : (50 -> [Materie: ML, Ore_curs: 2, Ore_lab: 5, Credit: 2, Teme: 2])
[51] : (51 -> [Nume: Santana, Grupa: 317cb, Medie: 7.40, Varsta: 28])
[52] : (52 -> [Materie: Ghinion, Ore_curs: 1, Ore_lab: 5, Credit: 2, Teme: 3])
[53] :
[54] : (54 -> [Materie: EGC, Ore_curs: 2, Ore_lab: 2, Credit: 3, Teme: 4])
[55] : (55 -> [Nume: Lucille, Grupa: 320cd, Medie: 7.40, Varsta: 25])
[56] : (56 -> [Nume: Jannie, Grupa: 318ca, Medie: 6.50, Varsta: 29])
[57] :
[58] :
[59] :
[60] : (60 -> [Materie: FIZICA, Ore_curs: 1, Ore_lab: 5, Credit: 2, Teme: 6])
[61] :
[62] :
[63] : (63 -> [Nume: Marceline, Grupa: 311cd, Medie: 8.50, Varsta: 18])
[64] :
[65] : (65 -> [Materie: Matematica3, Ore_curs: 4, Ore_lab: 4, Credit: 3, Teme: 2])
[66] :
[67] : (67 -> [Materie: PA, Ore_curs: 4, Ore_lab: 4, Credit: 2, Teme: 5])
[68] :
[69] : (69 -> [Nume: Son, Grupa: 316cd, Medie: 6.40, Varsta: 30])
[70] : (70 -> [Nume: Lai, Grupa: 317ca, Medie: 9.80, Varsta: 20])
[71] :
[72] : (72 -> [Nume: Jannie, Grupa: 318cf, Medie: 9.30, Varsta: 29])
[73] :
[74] : (74 -> [Materie: ELTH, Ore_curs: 1, Ore_lab: 5, Credit: 2, Teme: 1])
[75] :
[76] :
[77] :
[78] : (78 -> [Nume: Sierra, Grupa: 317ce, Medie: 6.90, Varsta: 24])
[79] :
[Materie: ASC, Ore_curs: 4, Ore_lab: 5, Credit: 2, Teme: 4]
[Nume: Laurinda, Grupa: 315cd, Medie: 9.90, Varsta: 22]
[0] :
[1] : (81 -> [Materie: BD, Ore_curs: 4, Ore_lab: 4, Credit: 3, Teme: 6])
[2] :
[3] :
[4] : (84 -> [Nume: Elvira, Grupa: 319cb, Medie: 6.70, Varsta: 22]) (4 -> [Materie: PM, Ore_curs: 4, Ore_lab: 4, Credit: 2, Teme: 2])
[5] :
[6] :
[7] : (87 -> [Nume: Erwin, Grupa: 314cf, Medie: 9.30, Varsta: 30]) (7 -> [Nume: Angelique, Grupa: 315cd, Medie: 8.10, Varsta: 29])
[8] : (88 -> [Materie: MN, Ore_curs: 4, Ore_lab: 5, Credit: 2, Teme: 4])
[9] : (89 -> [Nume: Laurinda, Grupa: 315cd, Medie: 9.90, Varsta: 22])
[10] :
[11] : (91 -> [Nume: Sierra, Grupa: 318ca, Medie: 6.00, Varsta: 22])
[12] : (12 -> [Materie: IA, Ore_curs: 4, Ore_lab: 6, Credit: 3, Teme: 6])
[13] :
[14] :
[15] : (15 -> [Materie: MPS, Ore_curs: 2, Ore_lab: 2, Credit: 3, Teme: 6]) (95 -> [Nume: Cassie, Grupa: 314cb, Medie: 7.30, Varsta: 18])
[16] :
[17] : (17 -> [Nume: Lucille, Grupa: 315cf, Medie: 7.30, Varsta: 19]) (97 -> [Nume: Raylene, Grupa: 320cb, Medie: 6.30, Varsta: 19])
[18] :
[19] : (99 -> [Nume: Bryce, Grupa: 311cb, Medie: 6.50, Varsta: 18])
[20] : (20 -> [Materie: IOC, Ore_curs: 4, Ore_lab: 1, Credit: 2, Teme: 5]) (100 -> [Materie: USO, Ore_curs: 3, Ore_lab: 4, Credit: 3, Teme: 6])
[21] : (21 -> [Nume: Leanna, Grupa: 319ce, Medie: 7.60, Varsta: 25])
[22] :
[23] : (23 -> [Nume: Raylene, Grupa: 312cb, Medie: 10.00, Varsta: 20])
[24] : (24 -> [Materie: Ghinion, Ore_curs: 2, Ore_lab: 1, Credit: 2, Teme: 5])
[25] :
[26] :
[27] : (27 -> [Nume: Brendan, Grupa: 319ce, Medie: 9.20, Varsta: 18])
[28] : (28 -> [Materie: SO, Ore_curs: 3, Ore_lab: 6, Credit: 3, Teme: 6])
[29] :
[30] : (30 -> [Nume: Jannie, Grupa: 314ce, Medie: 6.90, Varsta: 19])
[31] :
[32] : (32 -> [Nume: Roxanne, Grupa: 312cd, Medie: 6.50, Varsta: 24])
[33] :
[34] :
[35] : (35 -> [Nume: Laurinda, Grupa: 320cc, Medie: 8.30, Varsta: 18])
[36] : (36 -> [Nume: Erwin, Grupa: 318cb, Medie: 7.00, Varsta: 26])
[37] :
[38] : (38 -> [Materie: EComm, Ore_curs: 2, Ore_lab: 4, Credit: 2, Teme: 3])
[39] :
[40] :
[41] :
[42] :
[43] : (43 -> [Nume: Laurinda, Grupa: 320cb, Medie: 8.50, Varsta: 28])
[44] :
[45] : (45 -> [Materie: ED, Ore_curs: 4, Ore_lab: 2, Credit: 2, Teme: 1])
[46] :
[47] :
[48] : (48 -> [Nume: Denna, Grupa: 320cf, Medie: 6.90, Varsta: 18])
[49] :
[50] : (50 -> [Materie: ML, Ore_curs: 2, Ore_lab: 5, Credit: 2, Teme: 2])
[51] : (51 -> [Nume: Santana, Grupa: 317cb, Medie: 7.40, Varsta: 28])
[52] : (52 -> [Materie: Ghinion, Ore_curs: 1, Ore_lab: 5, Credit: 2, Teme: 3])
[53] :
[54] : (54 -> [Materie: EGC, Ore_curs: 2, Ore_lab: 2, Credit: 3, Teme: 4])
[55] : (55 -> [Nume: Lucille, Grupa: 320cd, Medie: 7.40, Varsta: 25])
[56] : (56 -> [Nume: Jannie, Grupa: 318ca, Medie: 6.50, Varsta: 29])
[57] : (57 -> [Materie: EEA, Ore_curs: 4, Ore_lab: 3, Credit: 3, Teme: 1])
[58] :
[59] :
[60] : (60 -> [Materie: FIZICA, Ore_curs: 1, Ore_lab: 5, Credit: 2, Teme: 6])
[61] :
[62] :
[63] : (63 -> [Nume: Marceline, Grupa: 311cd, Medie: 8.50, Varsta: 18])
[64] :
[65] : (65 -> [Materie: Matematica3, Ore_curs: 4, Ore_lab: 4, Credit: 3, Teme: 2])
[66] :
[67] : (67 -> [Materie: PA, Ore_curs: 4, Ore_lab: 4, Credit: 2, Teme: 5])
[68] : (68 -> [Nume: Leora, Grupa: 319cb, Medie: 6.80, Varsta: 23])
[69] : (69 -> [Nume: Son, Grupa: 316cd, Medie: 6.40, Varsta: 30])
[70] : (70 -> [Nume: Lai, Grupa: 317ca, Medie: 9.80, Varsta: 20])
[71] :
[72] : (72 -> [Nume: Jannie, Grupa: 318cf, Medie: 9.30, Varsta: 29])
[73] :
[74] : (74 -> [Materie: ELTH, Ore_curs: 1, Ore_lab: 5, Credit: 2, Teme: 1])
[75] :
[76] :
[77] :
[78] : (78 -> [Nume: Sierra, Grupa: 317ce, Medie: 6.90, Varsta: 24])
[79] :
[Nume: Jannie, Grupa: 318cf, Medie: 9.30, Varsta: 29]
[Materie: BD, Ore_curs: 4, Ore_lab: 4, Credit: 3, Teme: 6]
[Nume: Erwin, Grupa: 314cf, Medie: 9.30, Varsta: 30]
[Nume: Brendan, Grupa: 319ce, Medie: 9.20, Varsta: 18]
[0] :
[1] : (81 -> [Nume: Roxanne, Grupa: 311ca, Medie: 10.00, Varsta: 30])
[2] :
[3] :
[4] : (84 -> [Nume: Elvira, Grupa: 319cb, Medie: 6.70, Varsta: 22]) (4 -> [Materie: PM, Ore_curs: 4, Ore_lab: 4, Credit: 2, Teme: 2])
[5] :
[6] :
[7] : (87 -> [Nume: Erwin, Grupa: 314cf, Medie: 9.30, Varsta: 30]) (7 -> [Nume: Angelique, Grupa: 315cd, Medie: 8.10, Varsta: 29])
[8] : (88 -> [Materie: MN, Ore_curs: 4, Ore_lab: 5, Credit: 2, Teme: 4])
[9] : (89 -> [Nume: Laurinda, Grupa: 315cd, Medie: 9.90, Varsta: 22])
[10] :
[11] : (91 -> [Nume: Sierra, Grupa: 318ca, Medie: 6.00, Varsta: 22]) (11 -> [Materie: Matematica, Ore_curs: 3, Ore_lab: 3, Credit: 3, Teme: 2])
[12] : (12 -> [Materie: IA, Ore_curs: 4, Ore_lab: 6, Credit: 3, Teme: 6])
[13] :
[14] : (94 -> [Materie: ML, Ore_curs: 2, Ore_lab: 3, Credit: 2, Teme: 5])
[15] : (15 -> [Materie: MPS, Ore_curs: 2, Ore_lab: 2, Credit: 3, Teme: 6]) (95 -> [Nume: Cassie, Grupa: 314cb, Medie: 7.30, Varsta: 18])
[16] :
[17] : (17 -> [Nume: Lucille, Grupa: 315cf, Medie: 7.30, Varsta: 19]) (97 -> [Nume: Raylene, Grupa: 320cb, Medie: 6.30, Varsta: 19])
[18] :
[19] : (99 -> [Nume: Bryce, Grupa: 311cb, Medie: 6.50, Varsta: 18])
[20] : (20 -> [Materie: IOC, Ore_curs: 4, Ore_lab: 1, Credit: 2, Teme: 5]) (100 -> [Materie: USO, Ore_curs: 3, Ore_lab: 4, Credit: 3, Teme: 6])
[21] : (21 -> [Nume: Leanna, Grupa: 319ce, Medie: 7.60, Varsta: 25])
[22] :
[23] : (23 -> [Nume: Son, Grupa: 313cc, Medie: 6.30, Varsta: 23])
[24] : (24 -> [Materie: Ghinion, Ore_curs: 2, Ore_lab: 1, Credit: 2, Teme: 5])
[25] :
[26] :
[27] : (27 -> [Nume: Brendan, Grupa: 319ce, Medie: 9.20, Varsta: 18])
[28] : (28 -> [Materie: SO, Ore_curs: 3, Ore_lab: 6, Credit: 3, Teme: 6])
[29] :
[30] : (30 -> [Nume: Jannie, Grupa: 314ce, Medie: 6.90, Varsta: 19])
[31] :
[32] : (32 -> [Nume: Roxanne, Grupa: 312cd, Medie: 6.50, Varsta: 24])
[33] :
[34] :
[35] : (35 -> [Nume: Laurinda, Grupa: 320cc, Medie: 8.30, Varsta: 18])
[36] : (36 -> [Nume: Erwin, Grupa: 318cb, Medie: 7.00, Varsta: 26])
[37] :
[38] : (38 -> [Materie: EComm, Ore_curs: 2, Ore_lab: 4, Credit: 2, Teme: 3])
[39] :
[40] :
[41] :
[42] : (42 -> [Nume: Lai, Grupa: 315cd, Medie: 6.20, Varsta: 30])
[43] : (43 -> [Nume: Laurinda, Grupa: 320cb, Medie: 8.50, Varsta: 28])
[44] :
[45] : (45 -> [Materie: ED, Ore_curs: 4, Ore_lab: 2, Credit: 2, Teme: 1])
[46] :
[47] :
[48] : (48 -> [Nume: Denna, Grupa: 320cf, Medie: 6.90, Varsta: 18])
[49] :
[50] : (50 -> [Materie: ML, Ore_curs: 2, Ore_lab: 5, Credit: 2, Teme: 2])
[51] : (51 -> [Nume: Santana, Grupa: 317cb, Medie: 7.40, Varsta: 28])
[52] : (52 -> [Materie: Ghinion, Ore_curs: 1, Ore_lab: 5, Credit: 2, Teme: 3])
[53] :
[54] : (54 -> [Materie: EGC, Ore_curs: 2, Ore_lab: 2, Credit: 3, Teme: 4])
[55] : (55 -> [Nume: Lucille, Grupa: 320cd, Medie: 7.40, Varsta: 25])
[56] : (56 -> [Nume: Jannie, Grupa: 318ca, Medie: 6.50, Varsta: 29])
[57] : (57 -> [Materie: EEA, Ore_curs: 4, Ore_lab: 3, Credit: 3, Teme: 1])
[58] :
[59] :
[60] : (60 -> [Materie: FIZICA, Ore_curs: 1, Ore_lab: 5, Credit: 2, Teme: 6])
[61] :
[62] :
[63] : (63 -> [Nume: Marceline, Grupa: 311cd, Medie: 8.50, Varsta: 18])
[64] :
[65] : (65 -> [Materie: Matematica3, Ore_curs: 4, Ore_lab: 4, Credit: 3, Teme: 2])
[66] :
[67] : (67 -> [Materie: PA, Ore_curs: 4, Ore_lab: 4, Credit: 2, Teme: 5])
[68] : (68 -> [Nume: Leora, Grupa: 319cb, Medie: 6.80, Varsta: 23])
[69] : (69 -> [Nume: Son, Grupa: 316cd, Medie: 6.40, Varsta: 30])
[70] : (70 -> [Nume: Lai, Grupa: 317ca, Medie: 9.80, Varsta: 20])
[71] :
[72] : (72 -> [Nume: Jannie, Grupa: 318cf, Medie: 9.30, Varsta: 29])
[73] :
[74] : (74 -> [Materie: ELTH, Ore_curs: 1, Ore_lab: 5, Credit: 2, Teme: 1])
[75] :
[76] :
[77] :
[78] : (78 -> [Nume: Sierra, Grupa: 317ce, Medie: 6.90, Varsta: 24])
[79] :
[Materie: USO, Ore_curs: 3, Ore_lab: 4, Credit: 3, Teme: 6]
[Materie: EEA, Ore_curs: 4, Ore_lab: 3, Credit: 3, Teme: 1]
[Nume: Marceline, Grupa: 311cd, Medie: 8.50, Varsta: 18]
[0] :
[1] : (81 -> [Nume: Roxanne, Grupa: 311ca, Medie: 10.00, Varsta: 30])
[2] :
[3] :
[4] : (84 -> [Nume: Elvira, Grupa: 319cb, Medie: 6.70, Varsta: 22]) (4 -> [Materie: PM, Ore_curs: 4, Ore_lab: 4, Credit: 2, Teme: 2])
[5] :
[6] :
[7] : (87 -> [Nume: Erwin, Grupa: 314cf, Medie: 9.30, Varsta: 30]) (7 -> [Nume: Angelique, Grupa: 315cd, Medie: 8.10, Varsta: 29])
[8] : (88 -> [Materie: MN, Ore_curs: 4, Ore_lab: 5, Credit: 2, Teme: 4])
[9] : (89 -> [Nume: Laurinda, Grupa: 315cd, Medie: 9.90, Varsta: 22])
[10] :
[11] : (91 -> [Nume: Sierra, Grupa: 318ca, Medie: 6.00, Varsta: 22]) (11 -> [Materie: Matematica, Ore_curs: 3, Ore_lab: 3, Credit: 3, Teme: 2])
[12] : (12 -> [Materie: IA, Ore_curs: 4, Ore_lab: 6, Credit: 3, Teme: 6])
[13] :
[14] : (94 -> [Materie: ML, Ore_curs: 2, Ore_lab: 3, Credit: 2, Teme: 5]) (14 -> [Nume: Angelique, Grupa: 313cb, Medie: 6.90, Varsta: 29])
[15] : (15 -> [Materie: MPS, Ore_curs: 2, Ore_lab: 2, Credit: 3, Teme: 6]) (95 -> [Nume: Cassie, Grupa: 314cb, Medie: 7.30, Varsta: 18])
[16] :
[17] : (17 -> [Nume: Lucille, Grupa: 315cf, Medie: 7.30, Varsta: 19]) (97 -> [Nume: Raylene, Grupa: 320cb, Medie: 6.30, Varsta: 19])
[18] :
[19] : (99 -> [Nume: Bryce, Grupa: 311cb, Medie: 6.50, Varsta: 18])
[20] : (20 -> [Materie: IOC, Ore_curs: 4, Ore_lab: 1, Credit: 2, Teme: 5]) (100 -> [Materie: USO, Ore_curs: 3, Ore_lab: 4, Credit: 3, Teme: 6])
[21] : (21 -> [Nume: Leanna, Grupa: 319ce, Medie: 7.60, Varsta: 25])
[22] :
[23] : (23 -> [Nume: Son, Grupa: 313cc, Medie: 6.30, Varsta: 23])
[24] : (24 -> [Materie: ML, Ore_curs: 1, Ore_lab: 3, Credit: 2, Teme: 4])
[25] :
[26] :
[27] : (27 -> [Nume: Brendan, Grupa: 319ce, Medie: 9.20, Varsta: 18])
[28] : (28 -> [Materie: SO, Ore_curs: 3, Ore_lab: 6, Credit: 3, Teme: 6])
[29] :
[30] : (30 -> [Nume: Jannie, Grupa: 314ce, Medie: 6.90, Varsta: 19])
[31] :
[32] : (32 -> [Nume: Roxanne, Grupa: 312cd, Medie: 6.50, Varsta: 24])
[33] :
[34] :
[35] : (35 -> [Nume: Laurinda, Grupa: 320cc, Medie: 8.30, Varsta: 18])
[36] : (36 -> [Nume: Erwin, Grupa: 318cb, Medie: 7.00, Varsta: 26])
[37] :
[38] : (38 -> [Materie: EComm, Ore_curs: 2, Ore_lab: 4, Credit: 2, Teme: 3])
[39] :
[40] :
[41] :
[42] : (42 -> [Nume: Lai, Grupa: 315cd, Medie: 6.20, Varsta: 30])
[43] : (43 -> [Nume: Laurinda, Grupa: 320cb, Medie: 8.50, Varsta: 28])
[44] :
[45] : (45 -> [Materie: ED, Ore_curs: 4, Ore_lab: 2, Credit: 2, Teme: 1])
[46] :
[47] :
[48] : (48 -> [Nume: Denna, Grupa: 320cf, Medie: 6.90, Varsta: 18])
[49] :
[50] : (50 -> [Materie: ML, Ore_curs: 2, Ore_lab: 5, Credit: 2, Teme: 2])
[51] : (51 -> [Nume: Santana, Grupa: 317cb, Medie: 7.40, Varsta: 28])
[52] : (52 -> [Materie: Ghinion, Ore_curs: 1, Ore_lab: 5, Credit: 2, Teme: 3])
[53] :
[54] : (54 -> [Materie: EGC, Ore_curs: 2, Ore_lab: 2, Credit: 3, Teme: 4])
[55] : (55 -> [Nume: Lucille, Grupa: 320cd, Medie: 7.40, Varsta: 25])
[56] : (56 -> [Nume: Jannie, Grupa: 318ca, Medie: 6.50, Varsta: 29])
[57] : (57 -> [Materie: EEA, Ore_curs: 4, Ore_lab: 3, Credit: 3, Teme: 1])
[58] :
[59] :
[60] : (60 -> [Materie: FIZICA, Ore_curs: 1, Ore_lab: 5, Credit: 2, Teme: 6])
[61] :
[62] :
[63] : (63 -> [Nume: Marceline, Grupa: 311cd, Medie: 8.50, Varsta: 18])
[64] :
[65] : (65 -> [Materie: Matematica3, Ore_curs: 4, Ore_lab: 4, Credit: 3, Teme: 2])
[66] :
[67] : (67 -> [Materie: PA, Ore_curs: 4, Ore_lab: 4, Credit: 2, Teme: 5])
[68] : (68 -> [Nume: Leora, Grupa: 319cb, Medie: 6.80, Varsta: 23])
[69] : (69 -> [Nume: Son, Grupa: 316cd, Medie: 6.40, Varsta: 30])
[70] : (70 -> [Nume: Lai, Grupa: 317ca, Medie: 9.80, Varsta: 20])
[71] :
[72] : (72 -> [Nume: Jannie, Grupa: 318cf, Medie: 9.30, Varsta: 29])
[73] :
[74] : (74 -> [Materie: ELTH, Ore_curs: 1, Ore_lab: 5, Credit: 2, Teme: 1])
[75] :
[76] :
[77] :
[78] : (78 -> [Nume: Sierra, Grupa: 317ce, Medie: 6.90, Varsta: 24])
[79] : (79 -> [Materie: PP, Ore_curs: 1, Ore_lab: 5, Credit: 3, Teme: 2])
[0] :
[1] : (81 -> [Nume: Roxanne, Grupa: 311ca, Medie: 10.00, Varsta: 30])
[2] :
[3] :
[4] : (84 -> [Nume: Elvira, Grupa: 319cb, Medie: 6.70, Varsta: 22]) (4 -> [Materie: PM, Ore_curs: 4, Ore_lab: 4, Credit: 2, Teme: 2])
[5] :
[6] :
[7] : (87 -> [Nume: Erwin, Grupa: 314cf, Medie: 9.30, Varsta: 30]) (7 -> [Nume: Angelique, Grupa: 315cd, Medie: 8.10, Varsta: 29])
[8] : (88 -> [Materie: MN, Ore_curs: 4, Ore_lab: 5, Credit: 2, Teme: 4])
[9] : (89 -> [Nume: Laurinda, Grupa: 315cd, Medie: 9.90, Varsta: 22])
[10] :
[11] : (91 -> [Nume: Sierra, Grupa: 318ca, Medie: 6.00, Varsta: 22]) (11 -> [Materie: Matematica, Ore_curs: 3, Ore_lab: 3, Credit: 3, Teme: 2])
[12] : (12 -> [Materie: IA, Ore_curs: 4, Ore_lab: 6, Credit: 3, Teme: 6])
[13] :
[14] : (94 -> [Materie: ML, Ore_curs: 2, Ore_lab: 3, Credit: 2, Teme: 5]) (14 -> [Nume: Angelique, Grupa: 313cb, Medie: 6.90, Varsta: 29])
[15] : (15 -> [Materie: MPS, Ore_curs: 2, Ore_lab: 2, Credit: 3, Teme: 6]) (95 -> [Nume: Cassie, Grupa: 314cb, Medie: 7.30, Varsta: 18])
[16] :
[17] : (17 -> [Nume: Lucille, Grupa: 315cf, Medie: 7.30, Varsta: 19]) (97 -> [Nume: Raylene, Grupa: 320cb, Medie: 6.30, Varsta: 19])
[18] :
[19] : (99 -> [Nume: Bryce, Grupa: 311cb, Medie: 6.50, Varsta: 18])
[20] : (20 -> [Materie: IOC, Ore_curs: 4, Ore_lab: 1, Credit: 2, Teme: 5]) (100 -> [Materie: USO, Ore_curs: 3, Ore_lab: 4, Credit: 3, Teme: 6])
[21] : (21 -> [Nume: Leanna, Grupa: 319ce, Medie: 7.60, Varsta: 25])
[22] :
[23] : (23 -> [Nume: Son, Grupa: 313cc, Medie: 6.30, Varsta: 23])
[24] : (24 -> [Materie: ML, Ore_curs: 1, Ore_lab: 3, Credit: 2, Teme: 4])
[25] :
[26] :
[27] : (27 -> [Nume: Brendan, Grupa: 319ce, Medie: 9.20, Varsta: 18])
[28] : (28 -> [Materie: SO, Ore_curs: 3, Ore_lab: 6, Credit: 3, Teme: 6])
[29] :
[30] : (30 -> [Nume: Jannie, Grupa: 314ce, Medie: 6.90, Varsta: 19])
[31] :
[32] : (32 -> [Nume: Roxanne, Grupa: 312cd, Medie: 6.50, Varsta: 24])
[33] :
[34] :
[35] : (35 -> [Nume: Laurinda, Grupa: 320cc, Medie: 8.30, Varsta: 18])
[36] : (36 -> [Nume: Erwin, Grupa: 318cb, Medie: 7.00, Varsta: 26])
[37] :
[38] : (38 -> [Materie: EComm, Ore_curs: 2, Ore_lab: 4, Credit: 2, Teme: 3])
[39] :
[40] :
[41] :
[42] : (42 -> [Nume: Lai, Grupa: 315cd, Medie: 6.20, Varsta: 30])
[43] : (43 -> [Nume: Laurinda, Grupa: 320cb, Medie: 8.50, Varsta: 28])
[44] :
[45] : (45 -> [Materie: ED, Ore_curs: 4, Ore_lab: 2, Credit: 2, Teme: 1])
[46] :
[47] :
[48] : (48 -> [Nume: Denna, Grupa: 320cf, Medie: 6.90, Varsta: 18])
[49] :
[50] : (50 -> [Materie: ML, Ore_curs: 2, Ore_lab: 5, Credit: 2, Teme: 2])
[51] : (51 -> [Nume: Santana, Grupa: 317cb, Medie: 7.40, Varsta: 28])
[52] : (52 -> [Materie: Ghinion, Ore_curs: 1, Ore_lab: 5, Credit: 2, Teme: 3])
[53] :
[54] : (54 -> [Materie: EGC, Ore_curs: 2, Ore_lab: 2, Credit: 3, Teme: 4])
[55] : (55 -> [Nume: Lucille, Grupa: 320cd, Medie: 7.40, Varsta: 25])
[56] : (56 -> [Nume: Jannie, Grupa: 318ca, Medie: 6.50, Varsta: 29])
[57] : (57 -> [Materie: EEA, Ore_curs: 4, Ore_lab: 3, Credit: 3, Teme: 1])
[58] :
[59] :
[60] : (60 -> [Materie: FIZICA, Ore_curs: 1, Ore_lab: 5, Credit: 2, Teme: 6])
[61] :
[62] :
[63] : (63 -> [Nume: Marceline, Grupa: 311cd, Medie: 8.50, Varsta: 18])
[64] :
[65] : (65 -> [Materie: Matematica3, Ore_curs: 4, Ore_lab: 4, Credit: 3, Teme: 2])
[66] :
[67] : (67 -> [Materie: PA, Ore_curs: 4, Ore_lab: 4, Credit: 2, Teme: 5])
[68] : (68 -> [Nume: Leora, Grupa: 319cb, Medie: 6.80, Varsta: 23])
[69] : (69 -> [Nume: Son, Grupa: 316cd, Medie: 6.40, Varsta: 30])
[70] : (70 -> [Nume: Lai, Grupa: 317ca, Medie: 9.80, Varsta: 20])
[71] :
[72] : (72 -> [Nume: Jannie, Grupa: 318cf, Medie: 9.30, Varsta: 29])
[73] :
[74] : (74 -> [Materie: ELTH, Ore_curs: 1, Ore_lab: 5, Credit: 2, Teme: 1])
[75] :
[76] :
[77] :
[78] : (78 -> [Nume: Sierra, Grupa: 317ce, Medie: 6.90, Varsta: 24])
[79] : (79 -> [Materie: PP, Ore_curs: 1, Ore_lab: 5, Credit: 3, Teme: 2])
[Materie: FIZICA, Ore_curs: 1, Ore_lab: 5, Credit: 2, Teme: 6]
[0] :
[1] : (81 -> [Nume: Roxanne, Grupa: 311ca, Medie: 10.00, Varsta: 30])
[2] :
[3] :
[4] : (84 -> [Nume: Elvira, Grupa: 319cb, Medie: 6.70, Varsta: 22]) (4 -> [Materie: PM, Ore_curs: 4, Ore_lab: 4, Credit: 2, Teme: 2])
[5] :
[6] :
[7] : (87 -> [Nume: Erwin, Grupa: 314cf, Medie: 9.30, Varsta: 30]) (7 -> [Nume: Angelique, Grupa: 315cd, Medie: 8.10, Varsta: 29])
[8] : (88 -> [Materie: MN, Ore_curs: 4, Ore_lab: 5, Credit: 2, Teme: 4])
[9] : (89 -> [Nume: Laurinda, Grupa: 315cd, Medie: 9.90, Varsta: 22])
[10] :
[11] : (91 -> [Nume: Sierra, Grupa: 318ca, Medie: 6.00, Varsta: 22]) (11 -> [Materie: Matematica, Ore_curs: 3, Ore_lab: 3, Credit: 3, Teme: 2])
[12] : (12 -> [Materie: IA, Ore_curs: 4, Ore_lab: 6, Credit: 3, Teme: 6])
[13] :
[14] : (94 -> [Materie: ML, Ore_curs: 2, Ore_lab: 3, Credit: 2, Teme: 5]) (14 -> [Nume: Angelique, Grupa: 313cb, Medie: 6.90, Varsta: 29])
[15] : (15 -> [Materie: MPS, Ore_curs: 2, Ore_lab: 2, Credit: 3, Teme: 6]) (95 -> [Nume: Cassie, Grupa: 314cb, Medie: 7.30, Varsta: 18])
[16] :
[17] : (17 -> [Nume: Lucille, Grupa: 315cf, Medie: 7.30, Varsta: 19]) (97 -> [Nume: Raylene, Grupa: 320cb, Medie: 6.30, Varsta: 19])
[18] :
[19] : (99 -> [Nume: Bryce, Grupa: 311cb, Medie: 6.50, Varsta: 18])
[20] : (20 -> [Materie: IOC, Ore_curs: 4, Ore_lab: 1, Credit: 2, Teme: 5]) (100 -> [Materie: USO, Ore_curs: 3, Ore_lab: 4, Credit: 3, Teme: 6])
[21] : (21 -> [Nume: Leanna, Grupa: 319ce, Medie: 7.60, Varsta: 25])
[22] :
[23] : (23 -> [Nume: Son, Grupa: 313cc, Medie: 6.30, Varsta: 23])
[24] : (24 -> [Materie: ML, Ore_curs: 1, Ore_lab: 3, Credit: 2, Teme: 4])
[25] :
[26] :
[27] : (27 -> [Nume: Brendan, Grupa: 319ce, Medie: 9.20, Varsta: 18])
[28] : (28 -> [Materie: SO, Ore_curs: 3, Ore_lab: 6, Credit: 3, Teme: 6])
[29] :
[30] : (30 -> [Nume: Jannie, Grupa: 314ce, Medie: 6.90, Varsta: 19])
[31] :
[32] : (32 -> [Nume: Roxanne, Grupa: 312cd, Medie: 6.50, Varsta: 24])
[33] :
[34] :
[35] : (35 -> [Nume: Laurinda, Grupa: 320cc, Medie: 8.30, Varsta: 18])
[36] : (36 -> [Nume: Erwin, Grupa: 318cb, Medie: 7.00, Varsta: 26])
[37] :
[38] : (38 -> [Materie: EComm, Ore_curs: 2, Ore_lab: 4, Credit: 2, Teme: 3])
[39] :
[40] :
[41] :
[42] : (42 -> [Nume: Lai, Grupa: 315cd, Medie: 6.20, Varsta: 30])
[43] : (43 -> [Nume: Laurinda, Grupa: 320cb, Medie: 8.50, Varsta: 28])
[44] :
[45] : (45 -> [Materie: ED, Ore_curs: 4, Ore_lab: 2, Credit: 2, Teme: 1])
[46] :
[47] :
[48] : (48 -> [Nume: Denna, Grupa: 320cf, Medie: 6.90, Varsta: 18])
[49] :
[50] : (50 -> [Materie: ML, Ore_curs: 2, Ore_lab: 5, Credit: 2, Teme: 2])
[51] : (51 -> [Nume: Santana, Grupa: 317cb, Medie: 7.40, Varsta: 28])
[52] : (52 -> [Materie: Ghinion, Ore_curs: 1, Ore_lab: 5, Credit: 2, Teme: 3])
[53] :
[54] : (54 -> [Materie: EGC, Ore_curs: 2, Ore_lab: 2, Credit: 3, Teme: 4])
[55] : (55 -> [Nume: Lucille, Grupa: 320cd, Medie: 7.40, Varsta: 25])
[56] : (56 -> [Nume: Jannie, Grupa: 318ca, Medie: 6.50, Varsta: 29])
[57] : (57 -> [Materie: EEA, Ore_curs: 4, Ore_lab: 3, Credit: 3, Teme: 1])
[58] :
[59] :
[60] : (60 -> [Materie: FIZICA, Ore_curs: 1, Ore_lab: 5, Credit: 2, Teme: 6])
[61] :
[62] :
[63] : (63 -> [Nume: Marceline, Grupa: 311cd, Medie: 8.50, Varsta: 18])
[64] :
[65] : (65 -> [Materie: Matematica3, Ore_curs: 4, Ore_lab: 4, Credit: 3, Teme: 2])
[66] :
[67] : (67 -> [Materie: PA, Ore_curs: 4, Ore_lab: 4, Credit: 2, Teme: 5])
[68] : (68 -> [Nume: Leora, Grupa: 319cb, Medie: 6.80, Varsta: 23])
[69] : (69 -> [Nume: Son, Grupa: 316cd, Medie: 6.40, Varsta: 30])
[70] : (70 -> [Nume: Lai, Grupa: 317ca, Medie: 9.80, Varsta: 20])
[71] :
[72] : (72 -> [Nume: Jannie, Grupa: 318cf, Medie: 9.30, Varsta: 29])
[73] :
[74] : (74 -> [Materie: ELTH, Ore_curs: 1, Ore_lab: 5, Credit: 2, Teme: 1])
[75] :
[76] :
[77] :
[78] : (78 -> [Nume: Sierra, Grupa: 317ce, Medie: 6.90, Varsta: 24])
[79] : (79 -> [Materie: PP, Ore_curs: 1, Ore_lab: 5, Credit: 3, Teme: 2])
[Nume: Laurinda, Grupa: 320cb, Medie: 8.50, Varsta: 28]
Nu exista
[Materie: PP, Ore_curs: 1, Ore_lab: 5, Credit: 3, Teme: 2]
[Nume: Roxanne, Grupa: 312cd, Medie: 6.50, Varsta: 24]
[Nume: Lucille, Grupa: 320cd, Medie: 7.40, Varsta: 25]
[Nume: Denna, Grupa: 320cf, Medie: 6.90, Varsta: 18]
[0] :
[1] : (81 -> [Nume: Roxanne, Grupa: 311ca, Medie: 10.00, Varsta: 30])
[2] :
[3] :
[4] : (84 -> [Nume: Elvira, Grupa: 319cb, Medie: 6.70, Varsta: 22]) (4 -> [Nume: Elvira, Grupa: 318ca, Medie: 9.10, Varsta: 26])
[5] :
[6] :
[7] : (87 -> [Nume: Erwin, Grupa: 314cf, Medie: 9.30, Varsta: 30]) (7 -> [Nume: Angelique, Grupa: 315cd, Medie: 8.10, Varsta: 29])
[8] : (88 -> [Materie: MN, Ore_curs: 4, Ore_lab: 5, Credit: 2, Teme: 4])
[9] : (89 -> [Nume: Laurinda, Grupa: 315cd, Medie: 9.90, Varsta: 22])
[10] :
[11] : (91 -> [Nume: Sierra, Grupa: 318ca, Medie: 6.00, Varsta: 22]) (11 -> [Materie: Matematica, Ore_curs: 3, Ore_lab: 3, Credit: 3, Teme: 2])
[12] : (12 -> [Materie: IA, Ore_curs: 4, Ore_lab: 6, Credit: 3, Teme: 6])
[13] :
[14] : (94 -> [Materie: ML, Ore_curs: 2, Ore_lab: 3, Credit: 2, Teme: 5]) (14 -> [Nume: Angelique, Grupa: 313cb, Medie: 6.90, Varsta: 29])
[15] : (15 -> [Materie: MPS, Ore_curs: 2, Ore_lab: 2, Credit: 3, Teme: 6]) (95 -> [Nume: Cassie, Grupa: 314cb, Medie: 7.30, Varsta: 18])
[16] :
[17] : (17 -> [Nume: Lucille, Grupa: 315cf, Medie: 7.30, Varsta: 19]) (97 -> [Nume: Raylene, Grupa: 320cb, Medie: 6.30, Varsta: 19])
[18] :
[19] : (99 -> [Nume: Bryce, Grupa: 311cb, Medie: 6.50, Varsta: 18])
[20] : (20 -> [Materie: IOC, Ore_curs: 4, Ore_lab: 1, Credit: 2, Teme: 5]) (100 -> [Nume: Leanna, Grupa: 315cb, Medie: 7.40, Varsta: 30])
[21] : (21 -> [Nume: Leanna, Grupa: 319ce, Medie: 7.60, Varsta: 25])
[22] :
[23] : (23 -> [Nume: Son, Grupa: 313cc, Medie: 6.30, Varsta: 23])
[24] : (24 -> [Materie: ML, Ore_curs: 1, Ore_lab: 3, Credit: 2, Teme: 4])
[25] :
[26] :
[27] : (27 -> [Nume: Brendan, Grupa: 319ce, Medie: 9.20, Varsta: 18])
[28] : (28 -> [Materie: SO, Ore_curs: 3, Ore_lab: 6, Credit: 3, Teme: 6])
[29] :
[30] : (30 -> [Nume: Jannie, Grupa: 314ce, Medie: 6.90, Varsta: 19])
[31] :
[32] : (32 -> [Nume: Roxanne, Grupa: 312cd, Medie: 6.50, Varsta: 24])
[33] :
[34] :
[35] : (35 -> [Nume: Laurinda, Grupa: 320cc, Medie: 8.30, Varsta: 18])
[36] : (36 -> [Nume: Erwin, Grupa: 318cb, Medie: 7.00, Varsta: 26])
[37] :
[38] : (38 -> [Materie: EComm, Ore_curs: 2, Ore_lab: 4, Credit: 2, Teme: 3])
[39] :
[40] :
[41] :
[42] : (42 -> [Nume: Lai, Grupa: 315cd, Medie: 6.20, Varsta: 30])
[43] : (43 -> [Nume: Laurinda, Grupa: 320cb, Medie: 8.50, Varsta: 28])
[44] :
[45] : (45 -> [Materie: ED, Ore_curs: 4, Ore_lab: 2, Credit: 2, Teme: 1])
[46] :
[47] :
[48] : (48 -> [Nume: Denna, Grupa: 320cf, Medie: 6.90, Varsta: 18])
[49] :
[50] : (50 -> [Materie: ML, Ore_curs: 2, Ore_lab: 5, Credit: 2, Teme: 2])
[51] : (51 -> [Nume: Santana, Grupa: 317cb, Medie: 7.40, Varsta: 28])
[52] : (52 -> [Materie: Ghinion, Ore_curs: 1, Ore_lab: 5, Credit: 2, Teme: 3])
[53] :
[54] : (54 -> [Materie: EGC, Ore_curs: 2, Ore_lab: 2, Credit: 3, Teme: 4])
[55] : (55 -> [Nume: Lucille, Grupa: 320cd, Medie: 7.40, Varsta: 25])
[56] : (56 -> [Nume: Jannie, Grupa: 318ca, Medie: 6.50, Varsta: 29])
[57] : (57 -> [Materie: EEA, Ore_curs: 4, Ore_lab: 3, Credit: 3, Teme: 1])
[58] :
[59] :
[60] : (60 -> [Materie: FIZICA, Ore_curs: 1, Ore_lab: 5, Credit: 2, Teme: 6])
[61] : (61 -> [Materie: SO, Ore_curs: 2, Ore_lab: 6, Credit: 3, Teme: 1])
[62] :
[63] : (63 -> [Nume: Marceline, Grupa: 311cd, Medie: 8.50, Varsta: 18])
[64] :
[65] : (65 -> [Materie: Matematica3, Ore_curs: 4, Ore_lab: 4, Credit: 3, Teme: 2])
[66] :
[67] : (67 -> [Materie: PA, Ore_curs: 4, Ore_lab: 4, Credit: 2, Teme: 5])
[68] : (68 -> [Nume: Leora, Grupa: 319cb, Medie: 6.80, Varsta: 23])
[69] : (69 -> [Nume: Son, Grupa: 316cd, Medie: 6.40, Varsta: 30])
[70] : (70 -> [Nume: Lai, Grupa: 317ca, Medie: 9.80, Varsta: 20])
[71] :
[72] : (72 -> [Nume: Jannie, Grupa: 318cf, Medie: 9.30, Varsta: 29])
[73] :
[74] : (74 -> [Materie: ELTH, Ore_curs: 1, Ore_lab: 5, Credit: 2, Teme: 1])
[75] :
[76] :
[77] :
[78] : (78 -> [Nume: Sierra, Grupa: 317ce, Medie: 6.90, Varsta: 24])
[79] : (79 -> [Materie: PP, Ore_curs: 1, Ore_lab: 5, Credit: 3, Teme: 2])
[Nume: Bryce, Grupa: 311cb, Medie: 6.50, Varsta: 18]
[0] :
[1] : (81 -> [Nume: Roxanne, Grupa: 311ca, Medie: 10.00, Varsta: 30])
[2] :
[3] :
[4] : (84 -> [Nume: Elvira, Grupa: 319cb, Medie: 6.70, Varsta: 22]) (4 -> [Nume: Elvira, Grupa: 318ca, Medie: 9.10, Varsta: 26])
[5] :
[6] :
[7] : (87 -> [Nume: Erwin, Grupa: 314cf, Medie: 9.30, Varsta: 30]) (7 -> [Nume: Angelique, Grupa: 315cd, Medie: 8.10, Varsta: 29])
[8] : (88 -> [Materie: MN, Ore_curs: 4, Ore_lab: 5, Credit: 2, Teme: 4])
[9] : (89 -> [Nume: Laurinda, Grupa: 315cd, Medie: 9.90, Varsta: 22])
[10] :
[11] : (91 -> [Nume: Sierra, Grupa: 318ca, Medie: 6.00, Varsta: 22]) (11 -> [Materie: Matematica, Ore_curs: 3, Ore_lab: 3, Credit: 3, Teme: 2])
[12] : (12 -> [Materie: IA, Ore_curs: 4, Ore_lab: 6, Credit: 3, Teme: 6])
[13] :
[14] : (94 -> [Materie: ML, Ore_curs: 2, Ore_lab: 3, Credit: 2, Teme: 5]) (14 -> [Nume: Angelique, Grupa: 313cb, Medie: 6.90, Varsta: 29])
[15] : (15 -> [Materie: MPS, Ore_curs: 2, Ore_lab: 2, Credit: 3, Teme: 6]) (95 -> [Nume: Cassie, Grupa: 314cb, Medie: 7.30, Varsta: 18])
[16] :
[17] : (17 -> [Nume: Lucille, Grupa: 315cf, Medie: 7.30, Varsta: 19]) (97 -> [Nume: Raylene, Grupa: 320cb, Medie: 6.30, Varsta: 19])
[18] :
[19] : (99 -> [Nume: Bryce, Grupa: 311cb, Medie: 6.50, Varsta: 18])
[20] : (20 -> [Materie: IOC, Ore_curs: 4, Ore_lab: 1, Credit: 2, Teme: 5]) (100 -> [Nume: Leanna, Grupa: 315cb, Medie: 7.40, Varsta: 30])
[21] : (21 -> [Nume: Leanna, Grupa: 319ce, Medie: 7.60, Varsta: 25])
[22] :
[23] : (23 -> [Nume: Son, Grupa: 313cc, Medie: 6.30, Varsta: 23])
[24] : (24 -> [Materie: ML, Ore_curs: 1, Ore_lab: 3, Credit: 2, Teme: 4])
[25] :
[26] :
[27] : (27 -> [Nume: Brendan, Grupa: 319ce, Medie: 9.20, Varsta: 18])
[28] : (28 -> [Materie: SO, Ore_curs: 3, Ore_lab: 6, Credit: 3, Teme: 6])
[29] :
[30] : (30 -> [Nume: Jannie, Grupa: 314ce, Medie: 6.90, Varsta: 19])
[31] :
[32] : (32 -> [Nume: Roxanne, Grupa: 312cd, Medie: 6.50, Varsta: 24])
[33] :
[34] :
[35] : (35 -> [Nume: Laurinda, Grupa: 320cc, Medie: 8.30, Varsta: 18])
[36] : (36 -> [Nume: Erwin, Grupa: 318cb, Medie: 7.00, Varsta: 26])
[37] :
[38] : (38 -> [Materie: EComm, Ore_curs: 2, Ore_lab: 4, Credit: 2, Teme: 3])
[39] :
[40] :
[41] :
[42] : (42 -> [Nume: Lai, Grupa: 315cd, Medie: 6.20, Varsta: 30])
[43] : (43 -> [Nume: Laurinda, Grupa: 320cb, Medie: 8.50, Varsta: 28])
[44] :
[45] : (45 -> [Materie: ED, Ore_curs: 4, Ore_lab: 2, Credit: 2, Teme: 1])
[46] :
[47] :
[48] : (48 -> [Nume: Denna, Grupa: 320cf, Medie: 6.90, Varsta: 18])
[49] :
[50] : (50 -> [Materie: ML, Ore_curs: 2, Ore_lab: 5, Credit: 2, Teme: 2])
[51] : (51 -> [Materie: SPG, Ore_curs: 4, Ore_lab: 6, Credit: 2, Teme: 3])
[52] : (52 -> [Materie: Ghinion, Ore_curs: 1, Ore_lab: 5, Credit: 2, Teme: 3])
[53] :
[54] : (54 -> [Materie: EGC, Ore_curs: 2, Ore_lab: 2, Credit: 3, Teme: 4])
[55] : (55 -> [Nume: Lucille, Grupa: 320cd, Medie: 7.40, Varsta: 25])
[56] : (56 -> [Nume: Jannie, Grupa: 318ca, Medie: 6.50, Varsta: 29])
[57] : (57 -> [Materie: EEA, Ore_curs: 4, Ore_lab: 3, Credit: 3, Teme: 1])
[58] :
[59] :
[60] : (60 -> [Materie: FIZICA, Ore_curs: 1, Ore_lab: 5, Credit: 2, Teme: 6])
[61] : (61 -> [Materie: SO, Ore_curs: 2, Ore_lab: 6, Credit: 3, Teme: 1])
[62] :
[63] : (63 -> [Nume: Marceline, Grupa: 311cd, Medie: 8.50, Varsta: 18])
[64] :
[65] : (65 -> [Materie: Matematica3, Ore_curs: 4, Ore_lab: 4, Credit: 3, Teme: 2])
[66] :
[67] : (67 -> [Materie: PA, Ore_curs: 4, Ore_lab: 4, Credit: 2, Teme: 5])
[68] : (68 -> [Nume: Leora, Grupa: 319cb, Medie: 6.80, Varsta: 23])
[69] : (69 -> [Nume: Son, Grupa: 316cd, Medie: 6.40, Varsta: 30])
[70] : (70 -> [Nume: Lai, Grupa: 317ca, Medie: 9.80, Varsta: 20])
[71] :
[72] : (72 -> [Nume: Jannie, Grupa: 318cf, Medie: 9.30, Varsta: 29])
[73] :
[74] : (74 -> [Materie: ELTH, Ore_curs: 1, Ore_lab: 5, Credit: 2, Teme: 1])
[75] :
[76] :
[77] :
[78] : (78 -> [Nume: Sierra, Grupa: 317ce, Medie: 6.90, Varsta: 24])
[79] : (79 -> [Materie: PP, Ore_curs: 1, Ore_lab: 5, Credit: 3, Teme: 2])
[Nume: Son, Grupa: 316cd, Medie: 6.40, Varsta: 30]
[Nume: Cassie, Grupa: 314cb, Medie: 7.30, Varsta: 18]
[Materie: SO, Ore_curs: 2, Ore_lab: 6, Credit: 3, Teme: 1]
[Nume: Raylene, Grupa: 320cb, Medie: 6.30, Varsta: 19]
[0] :
[1] : (81 -> [Nume: Roxanne, Grupa: 311ca, Medie: 10.00, Varsta: 30])
[2] :
[3] : (3 -> [Materie: PP, Ore_curs: 2, Ore_lab: 2, Credit: 3, Teme: 6])
[4] : (84 -> [Nume: Elvira, Grupa: 319cb, Medie: 6.70, Varsta: 22]) (4 -> [Nume: Elvira, Grupa: 318ca, Medie: 9.10, Varsta: 26])
[5] :
[6] :
[7] : (87 -> [Nume: Erwin, Grupa: 314cf, Medie: 9.30, Varsta: 30]) (7 -> [Nume: Angelique, Grupa: 315cd, Medie: 8.10, Varsta: 29])
[8] : (88 -> [Materie: MN, Ore_curs: 4, Ore_lab: 5, Credit: 2, Teme: 4])
[9] : (89 -> [Nume: Laurinda, Grupa: 315cd, Medie: 9.90, Varsta: 22])
[10] :
[11] : (91 -> [Nume: Sierra, Grupa: 318ca, Medie: 6.00, Varsta: 22]) (11 -> [Materie: Matematica, Ore_curs: 3, Ore_lab: 3, Credit: 3, Teme: 2])
[12] : (12 -> [Materie: IA, Ore_curs: 4, Ore_lab: 6, Credit: 3, Teme: 6])
[13] :
[14] : (94 -> [Materie: ML, Ore_curs: 2, Ore_lab: 3, Credit: 2, Teme: 5]) (14 -> [Nume: Angelique, Grupa: 313cb, Medie: 6.90, Varsta: 29])
[15] : (15 -> [Materie: MPS, Ore_curs: 2, Ore_lab: 2, Credit: 3, Teme: 6]) (95 -> [Nume: Cassie, Grupa: 314cb, Medie: 7.30, Varsta: 18])
[16] :
[17] : (17 -> [Nume: Lucille, Grupa: 315cf, Medie: 7.30, Varsta: 19]) (97 -> [Nume: Raylene, Grupa: 320cb, Medie: 6.30, Varsta: 19])
[18] :
[19] : (99 -> [Nume: Bryce, Grupa: 311cb, Medie: 6.50, Varsta: 18])
[20] : (20 -> [Materie: IOC, Ore_curs: 4, Ore_lab: 1, Credit: 2, Teme: 5]) (100 -> [Nume: Leanna, Grupa: 315cb, Medie: 7.40, Varsta: 30])
[21] : (21 -> [Nume: Leanna, Grupa: 319ce, Medie: 7.60, Varsta: 25])
[22] :
[23] : (23 -> [Nume: Son, Grupa: 313cc, Medie: 6.30, Varsta: 23])
[24] : (24 -> [Materie: ML, Ore_curs: 1, Ore_lab: 3, Credit: 2, Teme: 4])
[25] :
[26] :
[27] : (27 -> [Nume: Brendan, Grupa: 319ce, Medie: 9.20, Varsta: 18])
[28] : (28 -> [Materie: SO, Ore_curs: 3, Ore_lab: 6, Credit: 3, Teme: 6])
[29] :
[30] : (30 -> [Nume: Jannie, Grupa: 314ce, Medie: 6.90, Varsta: 19])
[31] :
[32] : (32 -> [Nume: Roxanne, Grupa: 312cd, Medie: 6.50, Varsta: 24])
[33] :
[34] :
[35] : (35 -> [Nume: Laurinda, Grupa: 320cc, Medie: 8.30, Varsta: 18])
[36] : (36 -> [Nume: Erwin, Grupa: 318cb, Medie: 7.00, Varsta: 26])
[37] :
[38] : (38 -> [Materie: EComm, Ore_curs: 2, Ore_lab: 4, Credit: 2, Teme: 3])
[39] :
[40] :
[41] :
[42] : (42 -> [Nume: Lai, Grupa: 315cd, Medie: 6.20, Varsta: 30])
[43] : (43 -> [Nume: Laurinda, Grupa: 320cb, Medie: 8.50, Varsta: 28])
[44] :
[45] : (45 -> [Materie: ED, Ore_curs: 4, Ore_lab: 2, Credit: 2, Teme: 1])
[46] :
[47] :
[48] : (48 -> [Nume: Denna, Grupa: 320cf, Medie: 6.90, Varsta: 18])
[49] :
[50] : (50 -> [Materie: ML, Ore_curs: 2, Ore_lab: 5, Credit: 2, Teme: 2])
[51] : (51 -> [Materie: SPG, Ore_curs: 4, Ore_lab: 6, Credit: 2, Teme: 3])
[52] : (52 -> [Materie: Ghinion, Ore_curs: 1, Ore_lab: 5, Credit: 2, Teme: 3])
[53] :
[54] : (54 -> [Materie: EGC, Ore_curs: 2, Ore_lab: 2, Credit: 3, Teme: 4])
[55] : (55 -> [Nume: Lucille, Grupa: 320cd, Medie: 7.40, Varsta: 25])
[56] : (56 -> [Nume: Jannie, Grupa: 318ca, Medie: 6.50, Varsta: 29])
[57] : (57 -> [Materie: EEA, Ore_curs: 4, Ore_lab: 3, Credit: 3, Teme: 1])
[58] :
[59] :
[60] : (60 -> [Materie: FIZICA, Ore_curs: 1, Ore_lab: 5, Credit: 2, Teme: 6])
[61] : (61 -> [Materie: SO, Ore_curs: 2, Ore_lab: 6, Credit: 3, Teme: 1])
[62] :
[63] : (63 -> [Nume: Marceline, Grupa: 311cd, Medie: 8.50, Varsta: 18])
[64] :
[65] : (65 -> [Materie: Matematica3, Ore_curs: 4, Ore_lab: 4, Credit: 3, Teme: 2])
[66] :
[67] : (67 -> [Materie: PA, Ore_curs: 4, Ore_lab: 4, Credit: 2, Teme: 5])
[68] : (68 -> [Nume: Leora, Grupa: 319cb, Medie: 6.80, Varsta: 23])
[69] : (69 -> [Nume: Son, Grupa: 316cd, Medie: 6.40, Varsta: 30])
[70] : (70 -> [Nume: Lai, Grupa: 317ca, Medie: 9.80, Varsta: 20])
[71] :
[72] : (72 -> [Nume: Jannie, Grupa: 318cf, Medie: 9.30, Varsta: 29])
[73] :
[74] : (74 -> [Materie: ELTH, Ore_curs: 1, Ore_lab: 5, Credit: 2, Teme: 1])
[75] :
[76] :
[77] :
[78] : (78 -> [Nume: Sierra, Grupa: 317ce, Medie: 6.90, Varsta: 24])
[79] : (79 -> [Materie: PP, Ore_curs: 1, Ore_lab: 5, Credit: 3, Teme: 2])
