Nu exista
[0] :
[1] :
[2] :
[3] :
[4] :
[5] :
[6] :
[7] :
[8] :
[9] :
[10] :
[11] :
[12] :
[13] :
[14] :
[15] :
[16] :
[17] :
[18] :
[19] :
Nu exista
[0] :
[1] :
[2] :
[3] :
[4] :
[5] :
[6] :
[7] :
[8] :
[9] :
[10] :
[11] : (aefaaccaff -> [Nume: Santana, Grupa: 316cb, Medie: 7.90, Varsta: 24])
[12] :
[13] :
[14] :
[15] :
[16] :
[17] :
[18] :
[19] :
[Nume: Bryce, Grupa: 312ca, Medie: 8.70, Varsta: 24]
[0] :
[1] :
[2] :
[3] :
[4] :
[5] :
[6] :
[7] :
[8] :
[9] : (ebfebfdeed -> [Nume: Bryce, Grupa: 312ca, Medie: 8.70, Varsta: 24])
[10] :
[11] : (aefaaccaff -> [Nume: Santana, Grupa: 316cb, Medie: 7.90, Varsta: 24])
[12] :
[13] :
[14] :
[15] :
[16] :
[17] :
[18] :
[19] :
[Nume: Bryce, Grupa: 312ca, Medie: 8.70, Varsta: 24]
[0] :
[1] :
[2] :
[3] :
[4] :
[5] :
[6] : (bfcdefdaeb -> [Materie: CN1, Ore_curs: 4, Ore_lab: 1, Credit: 3, Teme: 4])
[7] :
[8] :
[9] : (ebfebfdeed -> [Nume: Bryce, Grupa: 312ca, Medie: 8.70, Varsta: 24]) (eddccccebe -> [Materie: USO, Ore_curs: 4, Ore_lab: 5, Credit: 2, Teme: 2])
[10] :
[11] : (aefaaccaff -> [Nume: Santana, Grupa: 316cb, Medie: 7.90, Varsta: 24])
[12] :
[13] :
[14] :
[15] :
[16] :
[17] :
[18] :
[19] :
[Nume: Bryce, Grupa: 312ca, Medie: 8.70, Varsta: 24]
[0] :
[1] :
[2] :
[3] :
[4] :
[5] :
[6] : (bfcdefdaeb -> [Materie: CN1, Ore_curs: 4, Ore_lab: 1, Credit: 3, Teme: 4])
[7] :
[8] :
[9] : (ebfebfdeed -> [Nume: Bryce, Grupa: 312ca, Medie: 8.70, Varsta: 24])
[10] :
[11] : (aefaaccaff -> [Nume: Santana, Grupa: 316cb, Medie: 7.90, Varsta: 24])
[12] :
[13] :
[14] :
[15] :
[16] :
[17] :
[18] :
[19] :
[0] :
[1] :
[2] :
[3] :
[4] :
[5] :
[6] : (bfcdefdaeb -> [Materie: CN1, Ore_curs: 4, Ore_lab: 1, Credit: 3, Teme: 4])
[7] :
[8] :
[9] : (ebfebfdeed -> [Nume: Bryce, Grupa: 312ca, Medie: 8.70, Varsta: 24]) (ceffaeacea -> [Materie: IOC, Ore_curs: 1, Ore_lab: 3, Credit: 2, Teme: 6])
[10] : (fbffeafeba -> [Materie: ELTH, Ore_curs: 2, Ore_lab: 1, Credit: 3, Teme: 6])
[11] : (aefaaccaff -> [Nume: Santana, Grupa: 316cb, Medie: 7.90, Varsta: 24])
[12] :
[13] :
[14] : (dedcabdcfc -> [Materie: PL, Ore_curs: 1, Ore_lab: 5, Credit: 2, Teme: 4])
[15] : (eeccbeebaf -> [Nume: Marceline, Grupa: 317cf, Medie: 8.50, Varsta: 21])
[16] :
[17] :
[18] :
[19] : (eadefccbff -> [Materie: IOC, Ore_curs: 2, Ore_lab: 3, Credit: 3, Teme: 6])
[Nume: Bryce, Grupa: 312ca, Medie: 8.70, Varsta: 24]
[0] :
[1] :
[2] :
[3] :
[4] :
[5] :
[6] : (bfcdefdaeb -> [Materie: CN1, Ore_curs: 4, Ore_lab: 1, Credit: 3, Teme: 4])
[7] :
[8] :
[9] : (ebfebfdeed -> [Nume: Bryce, Grupa: 312ca, Medie: 8.70, Varsta: 24]) (ceffaeacea -> [Materie: IOC, Ore_curs: 1, Ore_lab: 3, Credit: 2, Teme: 6])
[10] : (fbffeafeba -> [Materie: ELTH, Ore_curs: 2, Ore_lab: 1, Credit: 3, Teme: 6])
[11] : (aefaaccaff -> [Nume: Santana, Grupa: 316cb, Medie: 7.90, Varsta: 24])
[12] :
[13] :
[14] : (dedcabdcfc -> [Materie: PL, Ore_curs: 1, Ore_lab: 5, Credit: 2, Teme: 4])
[15] : (eeccbeebaf -> [Nume: Marceline, Grupa: 317cf, Medie: 8.50, Varsta: 21])
[16] :
[17] : (effcacfdda -> [Materie: ELTH, Ore_curs: 4, Ore_lab: 6, Credit: 2, Teme: 5])
[18] :
[19] : (eadefccbff -> [Materie: IOC, Ore_curs: 2, Ore_lab: 3, Credit: 3, Teme: 6])
[0] :
[1] :
[2] :
[3] :
[4] :
[5] :
[6] : (bfcdefdaeb -> [Materie: CN1, Ore_curs: 4, Ore_lab: 1, Credit: 3, Teme: 4])
[7] :
[8] :
[9] : (ceffaeacea -> [Materie: IOC, Ore_curs: 1, Ore_lab: 3, Credit: 2, Teme: 6])
[10] : (fbffeafeba -> [Materie: ELTH, Ore_curs: 2, Ore_lab: 1, Credit: 3, Teme: 6])
[11] : (aefaaccaff -> [Nume: Santana, Grupa: 316cb, Medie: 7.90, Varsta: 24])
[12] :
[13] :
[14] : (dedcabdcfc -> [Materie: PL, Ore_curs: 1, Ore_lab: 5, Credit: 2, Teme: 4])
[15] : (eeccbeebaf -> [Nume: Marceline, Grupa: 317cf, Medie: 8.50, Varsta: 21])
[16] :
[17] : (effcacfdda -> [Materie: ELTH, Ore_curs: 4, Ore_lab: 6, Credit: 2, Teme: 5])
[18] :
[19] : (eadefccbff -> [Materie: IOC, Ore_curs: 2, Ore_lab: 3, Credit: 3, Teme: 6])
[0] :
[1] :
[2] :
[3] :
[4] :
[5] :
[6] : (bfcdefdaeb -> [Materie: CN1, Ore_curs: 4, Ore_lab: 1, Credit: 3, Teme: 4])
[7] :
[8] :
[9] : (ceffaeacea -> [Materie: IOC, Ore_curs: 1, Ore_lab: 3, Credit: 2, Teme: 6])
[10] : (fbffeafeba -> [Materie: ELTH, Ore_curs: 2, Ore_lab: 1, Credit: 3, Teme: 6])
[11] : (aefaaccaff -> [Nume: Santana, Grupa: 316cb, Medie: 7.90, Varsta: 24])
[12] :
[13] :
[14] : (dedcabdcfc -> [Materie: PL, Ore_curs: 1, Ore_lab: 5, Credit: 2, Teme: 4])
[15] : (eeccbeebaf -> [Nume: Marceline, Grupa: 317cf, Medie: 8.50, Varsta: 21])
[16] :
[17] : (effcacfdda -> [Materie: ELTH, Ore_curs: 4, Ore_lab: 6, Credit: 2, Teme: 5])
[18] :
[19] : (eadefccbff -> [Materie: IOC, Ore_curs: 2, Ore_lab: 3, Credit: 3, Teme: 6])
[Materie: IOC, Ore_curs: 1, Ore_lab: 3, Credit: 2, Teme: 6]
[0] :
[1] :
[2] :
[3] :
[4] :
[5] :
[6] : (bfcdefdaeb -> [Materie: CN1, Ore_curs: 4, Ore_lab: 1, Credit: 3, Teme: 4]) (dedbbefeae -> [Nume: Oneida, Grupa: 320cd, Medie: 6.00, Varsta: 24])
[7] :
[8] :
[9] : (ceffaeacea -> [Materie: IOC, Ore_curs: 1, Ore_lab: 3, Credit: 2, Teme: 6])
[10] : (fbffeafeba -> [Materie: ELTH, Ore_curs: 2, Ore_lab: 1, Credit: 3, Teme: 6])
[11] : (aefaaccaff -> [Nume: Santana, Grupa: 316cb, Medie: 7.90, Varsta: 24])
[12] :
[13] :
[14] : (dedcabdcfc -> [Materie: PL, Ore_curs: 1, Ore_lab: 5, Credit: 2, Teme: 4]) (ffccefdcca -> [Nume: Oneida, Grupa: 319cd, Medie: 7.90, Varsta: 28])
[15] : (eeccbeebaf -> [Nume: Marceline, Grupa: 317cf, Medie: 8.50, Varsta: 21])
[16] :
[17] : (effcacfdda -> [Materie: ELTH, Ore_curs: 4, Ore_lab: 6, Credit: 2, Teme: 5])
[18] :
[19] : (eadefccbff -> [Materie: IOC, Ore_curs: 2, Ore_lab: 3, Credit: 3, Teme: 6])
[Materie: IOC, Ore_curs: 2, Ore_lab: 3, Credit: 3, Teme: 6]
[Nume: Santana, Grupa: 316cb, Medie: 7.90, Varsta: 24]
Nu exista
[0] :
[1] :
[2] :
[3] :
[4] : (febecaebbb -> [Materie: SO, Ore_curs: 2, Ore_lab: 4, Credit: 2, Teme: 6])
[5] :
[6] : (bfcdefdaeb -> [Materie: CN1, Ore_curs: 4, Ore_lab: 1, Credit: 3, Teme: 4]) (dedbbefeae -> [Nume: Oneida, Grupa: 320cd, Medie: 6.00, Varsta: 24]) (fbabaeecaa -> [Nume: Felicita, Grupa: 318cf, Medie: 6.90, Varsta: 20]) (deadeddcfb -> [Nume: Leola, Grupa: 320cd, Medie: 8.50, Varsta: 20])
[7] : (cfbaddfcfa -> [Nume: Sierra, Grupa: 315cd, Medie: 6.90, Varsta: 23])
[8] :
[9] : (ceffaeacea -> [Materie: IOC, Ore_curs: 1, Ore_lab: 3, Credit: 2, Teme: 6])
[10] :
[11] : (aefaaccaff -> [Nume: Santana, Grupa: 316cb, Medie: 7.90, Varsta: 24])
[12] :
[13] : (afaefaebde -> [Materie: EComm, Ore_curs: 4, Ore_lab: 4, Credit: 3, Teme: 4])
[14] : (dedcabdcfc -> [Materie: PL, Ore_curs: 1, Ore_lab: 5, Credit: 2, Teme: 4]) (ffccefdcca -> [Nume: Oneida, Grupa: 319cd, Medie: 7.90, Varsta: 28])
[15] :
[16] :
[17] : (effcacfdda -> [Materie: ELTH, Ore_curs: 4, Ore_lab: 6, Credit: 2, Teme: 5])
[18] : (dabeafcdfd -> [Materie: ELTH, Ore_curs: 4, Ore_lab: 3, Credit: 3, Teme: 5])
[19] : (eadefccbff -> [Materie: IOC, Ore_curs: 2, Ore_lab: 3, Credit: 3, Teme: 6])
[Nume: Leola, Grupa: 320cd, Medie: 8.50, Varsta: 20]
[0] :
[1] :
[2] :
[3] :
[4] :
[5] : (edbcbcaded -> [Materie: Mizerie, Ore_curs: 3, Ore_lab: 2, Credit: 2, Teme: 5])
[6] : (dedbbefeae -> [Nume: Oneida, Grupa: 320cd, Medie: 6.00, Varsta: 24]) (fbabaeecaa -> [Nume: Felicita, Grupa: 318cf, Medie: 6.90, Varsta: 20])
[7] :
[8] :
[9] :
[10] :
[11] :
[12] :
[13] : (cefdbbfffa -> [Materie: PA, Ore_curs: 2, Ore_lab: 1, Credit: 2, Teme: 6])
[14] : (ffccefdcca -> [Nume: Oneida, Grupa: 319cd, Medie: 7.90, Varsta: 28])
[15] : (eafedabebe -> [Nume: Erwin, Grupa: 319cb, Medie: 6.30, Varsta: 23])
[16] :
[17] : (effcacfdda -> [Materie: ELTH, Ore_curs: 4, Ore_lab: 6, Credit: 2, Teme: 5])
[18] :
[19] :
[20] :
[21] :
[22] :
[23] :
[24] : (febecaebbb -> [Materie: SO, Ore_curs: 2, Ore_lab: 4, Credit: 2, Teme: 6])
[25] :
[26] : (bfcdefdaeb -> [Materie: CN1, Ore_curs: 4, Ore_lab: 1, Credit: 3, Teme: 4]) (deadeddcfb -> [Nume: Leola, Grupa: 320cd, Medie: 8.50, Varsta: 20])
[27] :
[28] :
[29] : (ceffaeacea -> [Materie: IOC, Ore_curs: 1, Ore_lab: 3, Credit: 2, Teme: 6])
[30] :
[31] :
[32] :
[33] : (afaefaebde -> [Materie: EComm, Ore_curs: 4, Ore_lab: 4, Credit: 3, Teme: 4]) (caeceeddaa -> [Nume: Roxanne, Grupa: 317ca, Medie: 9.90, Varsta: 21])
[34] :
[35] : (eaeceffbfd -> [Nume: Santana, Grupa: 315ca, Medie: 9.50, Varsta: 20])
[36] :
[37] :
[38] : (dabeafcdfd -> [Materie: ELTH, Ore_curs: 4, Ore_lab: 3, Credit: 3, Teme: 5])
[39] : (eadefccbff -> [Materie: IOC, Ore_curs: 2, Ore_lab: 3, Credit: 3, Teme: 6])
[Nume: Felicita, Grupa: 318cf, Medie: 6.90, Varsta: 20]
[0] :
[1] :
[2] :
[3] :
[4] :
[5] : (edbcbcaded -> [Materie: Mizerie, Ore_curs: 3, Ore_lab: 2, Credit: 2, Teme: 5])
[6] : (dedbbefeae -> [Nume: Oneida, Grupa: 320cd, Medie: 6.00, Varsta: 24]) (fbabaeecaa -> [Nume: Felicita, Grupa: 318cf, Medie: 6.90, Varsta: 20])
[7] :
[8] :
[9] :
[10] :
[11] :
[12] :
[13] : (cefdbbfffa -> [Materie: PA, Ore_curs: 2, Ore_lab: 1, Credit: 2, Teme: 6])
[14] : (ffccefdcca -> [Nume: Oneida, Grupa: 319cd, Medie: 7.90, Varsta: 28])
[15] : (eafedabebe -> [Nume: Erwin, Grupa: 319cb, Medie: 6.30, Varsta: 23])
[16] :
[17] : (effcacfdda -> [Materie: ELTH, Ore_curs: 4, Ore_lab: 6, Credit: 2, Teme: 5])
[18] :
[19] :
[20] :
[21] :
[22] :
[23] :
[24] : (febecaebbb -> [Materie: SO, Ore_curs: 2, Ore_lab: 4, Credit: 2, Teme: 6])
[25] :
[26] : (bfcdefdaeb -> [Materie: CN1, Ore_curs: 4, Ore_lab: 1, Credit: 3, Teme: 4]) (deadeddcfb -> [Nume: Leola, Grupa: 320cd, Medie: 8.50, Varsta: 20])
[27] :
[28] :
[29] : (ceffaeacea -> [Materie: IOC, Ore_curs: 1, Ore_lab: 3, Credit: 2, Teme: 6])
[30] : (bfdebabdfa -> [Materie: CN1, Ore_curs: 3, Ore_lab: 4, Credit: 3, Teme: 6])
[31] :
[32] :
[33] : (afaefaebde -> [Materie: EComm, Ore_curs: 4, Ore_lab: 4, Credit: 3, Teme: 4]) (caeceeddaa -> [Nume: Roxanne, Grupa: 317ca, Medie: 9.90, Varsta: 21])
[34] :
[35] : (eaeceffbfd -> [Nume: Santana, Grupa: 315ca, Medie: 9.50, Varsta: 20])
[36] :
[37] :
[38] : (dabeafcdfd -> [Materie: ELTH, Ore_curs: 4, Ore_lab: 3, Credit: 3, Teme: 5])
[39] : (eadefccbff -> [Materie: IOC, Ore_curs: 2, Ore_lab: 3, Credit: 3, Teme: 6])
[Materie: EComm, Ore_curs: 4, Ore_lab: 4, Credit: 3, Teme: 4]
[0] :
[1] :
[2] :
[3] :
[4] :
[5] : (edbcbcaded -> [Materie: Mizerie, Ore_curs: 3, Ore_lab: 2, Credit: 2, Teme: 5])
[6] : (dedbbefeae -> [Nume: Oneida, Grupa: 320cd, Medie: 6.00, Varsta: 24]) (fbabaeecaa -> [Nume: Felicita, Grupa: 318cf, Medie: 6.90, Varsta: 20])
[7] :
[8] :
[9] :
[10] :
[11] :
[12] :
[13] : (cefdbbfffa -> [Materie: PA, Ore_curs: 2, Ore_lab: 1, Credit: 2, Teme: 6])
[14] : (ffccefdcca -> [Nume: Oneida, Grupa: 319cd, Medie: 7.90, Varsta: 28])
[15] : (eafedabebe -> [Nume: Erwin, Grupa: 319cb, Medie: 6.30, Varsta: 23])
[16] :
[17] : (effcacfdda -> [Materie: ELTH, Ore_curs: 4, Ore_lab: 6, Credit: 2, Teme: 5])
[18] :
[19] :
[20] :
[21] :
[22] :
[23] :
[24] : (febecaebbb -> [Materie: SO, Ore_curs: 2, Ore_lab: 4, Credit: 2, Teme: 6])
[25] :
[26] : (bfcdefdaeb -> [Materie: CN1, Ore_curs: 4, Ore_lab: 1, Credit: 3, Teme: 4]) (deadeddcfb -> [Nume: Leola, Grupa: 320cd, Medie: 8.50, Varsta: 20])
[27] :
[28] :
[29] : (ceffaeacea -> [Materie: IOC, Ore_curs: 1, Ore_lab: 3, Credit: 2, Teme: 6])
[30] : (bfdebabdfa -> [Materie: CN1, Ore_curs: 3, Ore_lab: 4, Credit: 3, Teme: 6])
[31] :
[32] :
[33] : (afaefaebde -> [Materie: EComm, Ore_curs: 4, Ore_lab: 4, Credit: 3, Teme: 4]) (caeceeddaa -> [Nume: Roxanne, Grupa: 317ca, Medie: 9.90, Varsta: 21])
[34] :
[35] : (eaeceffbfd -> [Nume: Santana, Grupa: 315ca, Medie: 9.50, Varsta: 20])
[36] :
[37] :
[38] : (dabeafcdfd -> [Materie: ELTH, Ore_curs: 4, Ore_lab: 3, Credit: 3, Teme: 5])
[39] : (eadefccbff -> [Materie: IOC, Ore_curs: 2, Ore_lab: 3, Credit: 3, Teme: 6])
[0] :
[1] :
[2] :
[3] :
[4] :
[5] : (edbcbcaded -> [Materie: Mizerie, Ore_curs: 3, Ore_lab: 2, Credit: 2, Teme: 5])
[6] : (dedbbefeae -> [Nume: Oneida, Grupa: 320cd, Medie: 6.00, Varsta: 24]) (fbabaeecaa -> [Nume: Felicita, Grupa: 318cf, Medie: 6.90, Varsta: 20])
[7] :
[8] :
[9] :
[10] :
[11] :
[12] :
[13] : (cefdbbfffa -> [Materie: PA, Ore_curs: 2, Ore_lab: 1, Credit: 2, Teme: 6])
[14] : (ffccefdcca -> [Nume: Oneida, Grupa: 319cd, Medie: 7.90, Varsta: 28])
[15] : (eafedabebe -> [Nume: Erwin, Grupa: 319cb, Medie: 6.30, Varsta: 23])
[16] :
[17] : (effcacfdda -> [Materie: ELTH, Ore_curs: 4, Ore_lab: 6, Credit: 2, Teme: 5])
[18] :
[19] : (aceedbdaef -> [Materie: POO, Ore_curs: 4, Ore_lab: 4, Credit: 3, Teme: 4])
[20] :
[21] :
[22] :
[23] :
[24] : (febecaebbb -> [Materie: SO, Ore_curs: 2, Ore_lab: 4, Credit: 2, Teme: 6])
[25] :
[26] : (bfcdefdaeb -> [Materie: CN1, Ore_curs: 4, Ore_lab: 1, Credit: 3, Teme: 4]) (deadeddcfb -> [Nume: Leola, Grupa: 320cd, Medie: 8.50, Varsta: 20])
[27] :
[28] :
[29] : (ceffaeacea -> [Materie: IOC, Ore_curs: 1, Ore_lab: 3, Credit: 2, Teme: 6])
[30] : (bfdebabdfa -> [Materie: CN1, Ore_curs: 3, Ore_lab: 4, Credit: 3, Teme: 6])
[31] :
[32] :
[33] : (afaefaebde -> [Materie: EComm, Ore_curs: 4, Ore_lab: 4, Credit: 3, Teme: 4]) (caeceeddaa -> [Nume: Roxanne, Grupa: 317ca, Medie: 9.90, Varsta: 21])
[34] :
[35] : (eaeceffbfd -> [Nume: Santana, Grupa: 315ca, Medie: 9.50, Varsta: 20])
[36] :
[37] :
[38] : (dabeafcdfd -> [Materie: ELTH, Ore_curs: 4, Ore_lab: 3, Credit: 3, Teme: 5])
[39] : (eadefccbff -> [Materie: IOC, Ore_curs: 2, Ore_lab: 3, Credit: 3, Teme: 6])
Nu exista
[0] :
[1] :
[2] : (bbecdcfaef -> [Nume: Sonia, Grupa: 311ca, Medie: 7.20, Varsta: 22])
[3] :
[4] :
[5] : (edbcbcaded -> [Materie: Mizerie, Ore_curs: 3, Ore_lab: 2, Credit: 2, Teme: 5])
[6] : (dedbbefeae -> [Nume: Oneida, Grupa: 320cd, Medie: 6.00, Varsta: 24]) (fbabaeecaa -> [Nume: Felicita, Grupa: 318cf, Medie: 6.90, Varsta: 20])
[7] :
[8] :
[9] :
[10] :
[11] :
[12] :
[13] : (cefdbbfffa -> [Materie: PA, Ore_curs: 2, Ore_lab: 1, Credit: 2, Teme: 6])
[14] : (ffccefdcca -> [Nume: Oneida, Grupa: 319cd, Medie: 7.90, Varsta: 28]) (fbefeddbbc -> [Nume: Johnette, Grupa: 313ce, Medie: 9.80, Varsta: 19])
[15] : (eafedabebe -> [Nume: Erwin, Grupa: 319cb, Medie: 6.30, Varsta: 23])
[16] :
[17] : (effcacfdda -> [Materie: ELTH, Ore_curs: 4, Ore_lab: 6, Credit: 2, Teme: 5])
[18] :
[19] : (aceedbdaef -> [Materie: POO, Ore_curs: 4, Ore_lab: 4, Credit: 3, Teme: 4])
[20] :
[21] :
[22] : (dcafcfcbfd -> [Nume: Raylene, Grupa: 317cf, Medie: 10.00, Varsta: 30])
[23] :
[24] : (febecaebbb -> [Materie: SO, Ore_curs: 2, Ore_lab: 4, Credit: 2, Teme: 6])
[25] :
[26] : (bfcdefdaeb -> [Materie: CN1, Ore_curs: 4, Ore_lab: 1, Credit: 3, Teme: 4]) (deadeddcfb -> [Nume: Leola, Grupa: 320cd, Medie: 8.50, Varsta: 20]) (fbddfcdaeb -> [Materie: IOC, Ore_curs: 2, Ore_lab: 4, Credit: 2, Teme: 6])
[27] :
[28] :
[29] : (ceffaeacea -> [Materie: IOC, Ore_curs: 1, Ore_lab: 3, Credit: 2, Teme: 6])
[30] : (bfdebabdfa -> [Materie: CN1, Ore_curs: 3, Ore_lab: 4, Credit: 3, Teme: 6])
[31] : (eedaedbcad -> [Nume: Denna, Grupa: 311cf, Medie: 7.20, Varsta: 20])
[32] :
[33] : (afaefaebde -> [Materie: EComm, Ore_curs: 4, Ore_lab: 4, Credit: 3, Teme: 4]) (caeceeddaa -> [Nume: Roxanne, Grupa: 317ca, Medie: 9.90, Varsta: 21])
[34] :
[35] : (eaeceffbfd -> [Nume: Santana, Grupa: 315ca, Medie: 9.50, Varsta: 20])
[36] :
[37] :
[38] : (dabeafcdfd -> [Materie: ELTH, Ore_curs: 4, Ore_lab: 3, Credit: 3, Teme: 5])
[39] : (eadefccbff -> [Materie: IOC, Ore_curs: 2, Ore_lab: 3, Credit: 3, Teme: 6])
[Nume: Leola, Grupa: 320cd, Medie: 8.50, Varsta: 20]
Nu exista
Nu exista
Nu exista
[Nume: Leola, Grupa: 320ce, Medie: 7.10, Varsta: 21]
[0] :
[1] :
[2] : (bbecdcfaef -> [Nume: Sonia, Grupa: 311ca, Medie: 7.20, Varsta: 22]) (bdbeccdbbd -> [Nume: Raylene, Grupa: 318cf, Medie: 6.60, Varsta: 30])
[3] : (cddfecdadc -> [Nume: Celestine, Grupa: 313ca, Medie: 8.50, Varsta: 25])
[4] :
[5] : (edbcbcaded -> [Materie: Mizerie, Ore_curs: 3, Ore_lab: 2, Credit: 2, Teme: 5]) (adcafdafef -> [Materie: IOC, Ore_curs: 2, Ore_lab: 6, Credit: 3, Teme: 3])
[6] : (dedbbefeae -> [Nume: Oneida, Grupa: 320cd, Medie: 6.00, Varsta: 24]) (fbabaeecaa -> [Nume: Felicita, Grupa: 318cf, Medie: 6.90, Varsta: 20]) (fbcadfcfcb -> [Nume: Leola, Grupa: 320ce, Medie: 7.10, Varsta: 21])
[7] :
[8] :
[9] :
[10] :
[11] :
[12] : (fcbcccedad -> [Nume: Cassie, Grupa: 318cd, Medie: 6.00, Varsta: 22])
[13] : (cefdbbfffa -> [Materie: PA, Ore_curs: 2, Ore_lab: 1, Credit: 2, Teme: 6])
[14] : (ffccefdcca -> [Nume: Oneida, Grupa: 319cd, Medie: 7.90, Varsta: 28]) (fbefeddbbc -> [Nume: Johnette, Grupa: 313ce, Medie: 9.80, Varsta: 19])
[15] : (eafedabebe -> [Nume: Erwin, Grupa: 319cb, Medie: 6.30, Varsta: 23])
[16] :
[17] : (effcacfdda -> [Materie: ELTH, Ore_curs: 4, Ore_lab: 6, Credit: 2, Teme: 5])
[18] :
[19] :
[20] : (badefaaeee -> [Nume: Sonia, Grupa: 319cf, Medie: 7.30, Varsta: 20])
[21] :
[22] :
[23] :
[24] : (febecaebbb -> [Materie: SO, Ore_curs: 2, Ore_lab: 4, Credit: 2, Teme: 6])
[25] :
[26] : (bfcdefdaeb -> [Materie: CN1, Ore_curs: 4, Ore_lab: 1, Credit: 3, Teme: 4]) (deadeddcfb -> [Nume: Leola, Grupa: 320cd, Medie: 8.50, Varsta: 20]) (fbddfcdaeb -> [Materie: IOC, Ore_curs: 2, Ore_lab: 4, Credit: 2, Teme: 6])
[27] :
[28] :
[29] : (ceffaeacea -> [Materie: IOC, Ore_curs: 1, Ore_lab: 3, Credit: 2, Teme: 6])
[30] : (bfdebabdfa -> [Materie: CN1, Ore_curs: 3, Ore_lab: 4, Credit: 3, Teme: 6]) (fdfcfdddbc -> [Nume: Jama, Grupa: 319cc, Medie: 7.40, Varsta: 28])
[31] : (eedaedbcad -> [Nume: Denna, Grupa: 311cf, Medie: 7.20, Varsta: 20])
[32] :
[33] : (afaefaebde -> [Materie: EComm, Ore_curs: 4, Ore_lab: 4, Credit: 3, Teme: 4]) (caeceeddaa -> [Nume: Roxanne, Grupa: 317ca, Medie: 9.90, Varsta: 21])
[34] :
[35] :
[36] :
[37] :
[38] : (dabeafcdfd -> [Materie: ELTH, Ore_curs: 4, Ore_lab: 3, Credit: 3, Teme: 5])
[39] : (eadefccbff -> [Materie: IOC, Ore_curs: 2, Ore_lab: 3, Credit: 3, Teme: 6])
[0] :
[1] :
[2] : (bbecdcfaef -> [Nume: Sonia, Grupa: 311ca, Medie: 7.20, Varsta: 22]) (bdbeccdbbd -> [Nume: Raylene, Grupa: 318cf, Medie: 6.60, Varsta: 30])
[3] : (cddfecdadc -> [Nume: Celestine, Grupa: 313ca, Medie: 8.50, Varsta: 25])
[4] :
[5] : (edbcbcaded -> [Materie: Mizerie, Ore_curs: 3, Ore_lab: 2, Credit: 2, Teme: 5]) (adcafdafef -> [Materie: IOC, Ore_curs: 2, Ore_lab: 6, Credit: 3, Teme: 3])
[6] : (dedbbefeae -> [Nume: Oneida, Grupa: 320cd, Medie: 6.00, Varsta: 24]) (fbabaeecaa -> [Nume: Felicita, Grupa: 318cf, Medie: 6.90, Varsta: 20]) (fbcadfcfcb -> [Nume: Leola, Grupa: 320ce, Medie: 7.10, Varsta: 21])
[7] :
[8] :
[9] :
[10] :
[11] :
[12] : (fcbcccedad -> [Nume: Cassie, Grupa: 318cd, Medie: 6.00, Varsta: 22])
[13] : (cefdbbfffa -> [Materie: PA, Ore_curs: 2, Ore_lab: 1, Credit: 2, Teme: 6])
[14] : (ffccefdcca -> [Nume: Oneida, Grupa: 319cd, Medie: 7.90, Varsta: 28]) (fbefeddbbc -> [Nume: Johnette, Grupa: 313ce, Medie: 9.80, Varsta: 19])
[15] : (eafedabebe -> [Nume: Erwin, Grupa: 319cb, Medie: 6.30, Varsta: 23])
[16] :
[17] : (effcacfdda -> [Materie: ELTH, Ore_curs: 4, Ore_lab: 6, Credit: 2, Teme: 5])
[18] :
[19] :
[20] : (badefaaeee -> [Nume: Sonia, Grupa: 319cf, Medie: 7.30, Varsta: 20])
[21] :
[22] :
[23] :
[24] : (febecaebbb -> [Materie: SO, Ore_curs: 2, Ore_lab: 4, Credit: 2, Teme: 6])
[25] :
[26] : (bfcdefdaeb -> [Materie: CN1, Ore_curs: 4, Ore_lab: 1, Credit: 3, Teme: 4]) (deadeddcfb -> [Nume: Leola, Grupa: 320cd, Medie: 8.50, Varsta: 20]) (fbddfcdaeb -> [Materie: IOC, Ore_curs: 2, Ore_lab: 4, Credit: 2, Teme: 6])
[27] :
[28] :
[29] : (ceffaeacea -> [Materie: IOC, Ore_curs: 1, Ore_lab: 3, Credit: 2, Teme: 6])
[30] : (bfdebabdfa -> [Materie: CN1, Ore_curs: 3, Ore_lab: 4, Credit: 3, Teme: 6]) (fdfcfdddbc -> [Nume: Jama, Grupa: 319cc, Medie: 7.40, Varsta: 28])
[31] : (eedaedbcad -> [Nume: Denna, Grupa: 311cf, Medie: 7.20, Varsta: 20])
[32] :
[33] : (afaefaebde -> [Materie: EComm, Ore_curs: 4, Ore_lab: 4, Credit: 3, Teme: 4]) (caeceeddaa -> [Nume: Roxanne, Grupa: 317ca, Medie: 9.90, Varsta: 21])
[34] :
[35] :
[36] :
[37] :
[38] : (dabeafcdfd -> [Materie: ELTH, Ore_curs: 4, Ore_lab: 3, Credit: 3, Teme: 5])
[39] : (eadefccbff -> [Materie: IOC, Ore_curs: 2, Ore_lab: 3, Credit: 3, Teme: 6])
Nu exista
[Nume: Johnette, Grupa: 313ce, Medie: 9.80, Varsta: 19]
[0] :
[1] :
[2] : (bbecdcfaef -> [Nume: Sonia, Grupa: 311ca, Medie: 7.20, Varsta: 22])
[3] :
[4] :
[5] :
[6] :
[7] :
[8] :
[9] :
[10] :
[11] :
[12] : (fcbcccedad -> [Nume: Cassie, Grupa: 318cd, Medie: 6.00, Varsta: 22])
[13] :
[14] : (fbefeddbbc -> [Nume: Johnette, Grupa: 313ce, Medie: 9.80, Varsta: 19])
[15] :
[16] :
[17] : (effcacfdda -> [Materie: ELTH, Ore_curs: 4, Ore_lab: 6, Credit: 2, Teme: 5])
[18] :
[19] :
[20] :
[21] :
[22] :
[23] : (cdcfbbdffd -> [Nume: Bryce, Grupa: 313cd, Medie: 6.40, Varsta: 30])
[24] :
[25] :
[26] : (bfcdefdaeb -> [Materie: CN1, Ore_curs: 4, Ore_lab: 1, Credit: 3, Teme: 4]) (fbddfcdaeb -> [Materie: IOC, Ore_curs: 2, Ore_lab: 4, Credit: 2, Teme: 6])
[27] :
[28] : (dbabfeffad -> [Materie: ML, Ore_curs: 1, Ore_lab: 1, Credit: 3, Teme: 2])
[29] :
[30] : (fdfcfdddbc -> [Nume: Jama, Grupa: 319cc, Medie: 7.40, Varsta: 28])
[31] :
[32] :
[33] : (caeceeddaa -> [Nume: Roxanne, Grupa: 317ca, Medie: 9.90, Varsta: 21])
[34] :
[35] :
[36] : (dbaadececb -> [Materie: ELTH, Ore_curs: 2, Ore_lab: 3, Credit: 2, Teme: 1])
[37] : (ebecdedbbd -> [Materie: CN1, Ore_curs: 3, Ore_lab: 3, Credit: 3, Teme: 3])
[38] : (dabeafcdfd -> [Materie: ELTH, Ore_curs: 4, Ore_lab: 3, Credit: 3, Teme: 5])
[39] :
[40] : (febfdcbade -> [Nume: Leora, Grupa: 315cd, Medie: 9.60, Varsta: 22])
[41] :
[42] : (bdbeccdbbd -> [Nume: Raylene, Grupa: 318cf, Medie: 6.60, Varsta: 30]) (daefdfffbe -> [Materie: PL, Ore_curs: 3, Ore_lab: 5, Credit: 3, Teme: 1])
[43] : (cddfecdadc -> [Nume: Celestine, Grupa: 313ca, Medie: 8.50, Varsta: 25])
[44] : (bebabeeeda -> [Materie: EComm, Ore_curs: 1, Ore_lab: 5, Credit: 2, Teme: 1]) (fcfecfdcab -> [Materie: CN1, Ore_curs: 1, Ore_lab: 5, Credit: 3, Teme: 5])
[45] : (edbcbcaded -> [Materie: Mizerie, Ore_curs: 3, Ore_lab: 2, Credit: 2, Teme: 5]) (adcafdafef -> [Materie: IOC, Ore_curs: 2, Ore_lab: 6, Credit: 3, Teme: 3])
[46] : (dedbbefeae -> [Nume: Oneida, Grupa: 320cd, Medie: 6.00, Varsta: 24]) (fbabaeecaa -> [Nume: Felicita, Grupa: 318cf, Medie: 6.90, Varsta: 20]) (fbcadfcfcb -> [Nume: Leola, Grupa: 320ce, Medie: 7.10, Varsta: 21])
[47] :
[48] :
[49] :
[50] : (bbaaafcefd -> [Materie: PL, Ore_curs: 2, Ore_lab: 6, Credit: 2, Teme: 5])
[51] :
[52] :
[53] : (cefdbbfffa -> [Materie: PA, Ore_curs: 2, Ore_lab: 1, Credit: 2, Teme: 6])
[54] : (ffccefdcca -> [Nume: Oneida, Grupa: 319cd, Medie: 7.90, Varsta: 28])
[55] : (eafedabebe -> [Nume: Erwin, Grupa: 319cb, Medie: 6.30, Varsta: 23])
[56] :
[57] :
[58] :
[59] :
[60] : (badefaaeee -> [Nume: Sonia, Grupa: 319cf, Medie: 7.30, Varsta: 20])
[61] : (caffcbdcba -> [Materie: Mizerie, Ore_curs: 4, Ore_lab: 4, Credit: 2, Teme: 1])
[62] :
[63] :
[64] : (febecaebbb -> [Materie: SO, Ore_curs: 2, Ore_lab: 4, Credit: 2, Teme: 6])
[65] :
[66] : (deadeddcfb -> [Nume: Leola, Grupa: 320cd, Medie: 8.50, Varsta: 20]) (fbffcaaeef -> [Nume: Sonia, Grupa: 311cc, Medie: 9.30, Varsta: 25])
[67] :
[68] : (dfcabbbdce -> [Nume: Elvira, Grupa: 316cd, Medie: 9.90, Varsta: 24])
[69] : (ceffaeacea -> [Materie: IOC, Ore_curs: 1, Ore_lab: 3, Credit: 2, Teme: 6])
[70] : (bfdebabdfa -> [Materie: CN1, Ore_curs: 3, Ore_lab: 4, Credit: 3, Teme: 6])
[71] : (eedaedbcad -> [Nume: Denna, Grupa: 311cf, Medie: 7.20, Varsta: 20])
[72] :
[73] : (afaefaebde -> [Materie: EComm, Ore_curs: 4, Ore_lab: 4, Credit: 3, Teme: 4])
[74] :
[75] :
[76] :
[77] :
[78] :
[79] : (eadefccbff -> [Materie: IOC, Ore_curs: 2, Ore_lab: 3, Credit: 3, Teme: 6])
[0] :
[1] :
[2] : (bbecdcfaef -> [Nume: Sonia, Grupa: 311ca, Medie: 7.20, Varsta: 22])
[3] : (cdbfdfdaff -> [Materie: EComm, Ore_curs: 3, Ore_lab: 4, Credit: 2, Teme: 2])
[4] :
[5] :
[6] :
[7] :
[8] :
[9] :
[10] :
[11] :
[12] : (fcbcccedad -> [Nume: Cassie, Grupa: 318cd, Medie: 6.00, Varsta: 22])
[13] :
[14] : (fbefeddbbc -> [Nume: Johnette, Grupa: 313ce, Medie: 9.80, Varsta: 19])
[15] :
[16] :
[17] : (effcacfdda -> [Materie: ELTH, Ore_curs: 4, Ore_lab: 6, Credit: 2, Teme: 5])
[18] :
[19] :
[20] :
[21] : (cadfbadbbc -> [Materie: Matematica3, Ore_curs: 3, Ore_lab: 5, Credit: 3, Teme: 5])
[22] :
[23] : (cdcfbbdffd -> [Nume: Bryce, Grupa: 313cd, Medie: 6.40, Varsta: 30])
[24] :
[25] :
[26] : (fbddfcdaeb -> [Materie: IOC, Ore_curs: 2, Ore_lab: 4, Credit: 2, Teme: 6])
[27] :
[28] : (dbabfeffad -> [Materie: ML, Ore_curs: 1, Ore_lab: 1, Credit: 3, Teme: 2])
[29] :
[30] : (fdfcfdddbc -> [Nume: Jama, Grupa: 319cc, Medie: 7.40, Varsta: 28])
[31] :
[32] :
[33] : (caeceeddaa -> [Nume: Roxanne, Grupa: 317ca, Medie: 9.90, Varsta: 21])
[34] :
[35] :
[36] : (dbaadececb -> [Materie: ELTH, Ore_curs: 2, Ore_lab: 3, Credit: 2, Teme: 1])
[37] : (ebecdedbbd -> [Materie: CN1, Ore_curs: 3, Ore_lab: 3, Credit: 3, Teme: 3])
[38] : (dabeafcdfd -> [Materie: ELTH, Ore_curs: 4, Ore_lab: 3, Credit: 3, Teme: 5])
[39] :
[40] : (febfdcbade -> [Nume: Leora, Grupa: 315cd, Medie: 9.60, Varsta: 22])
[41] :
[42] : (bdbeccdbbd -> [Nume: Raylene, Grupa: 318cf, Medie: 6.60, Varsta: 30]) (daefdfffbe -> [Materie: PL, Ore_curs: 3, Ore_lab: 5, Credit: 3, Teme: 1])
[43] : (cddfecdadc -> [Nume: Celestine, Grupa: 313ca, Medie: 8.50, Varsta: 25])
[44] : (bebabeeeda -> [Materie: EComm, Ore_curs: 1, Ore_lab: 5, Credit: 2, Teme: 1]) (fcfecfdcab -> [Materie: CN1, Ore_curs: 1, Ore_lab: 5, Credit: 3, Teme: 5])
[45] : (edbcbcaded -> [Materie: Mizerie, Ore_curs: 3, Ore_lab: 2, Credit: 2, Teme: 5]) (adcafdafef -> [Materie: IOC, Ore_curs: 2, Ore_lab: 6, Credit: 3, Teme: 3])
[46] : (dedbbefeae -> [Nume: Oneida, Grupa: 320cd, Medie: 6.00, Varsta: 24]) (fbabaeecaa -> [Nume: Felicita, Grupa: 318cf, Medie: 6.90, Varsta: 20]) (fbcadfcfcb -> [Nume: Leola, Grupa: 320ce, Medie: 7.10, Varsta: 21])
[47] :
[48] :
[49] :
[50] : (bbaaafcefd -> [Materie: PL, Ore_curs: 2, Ore_lab: 6, Credit: 2, Teme: 5])
[51] :
[52] :
[53] : (cefdbbfffa -> [Materie: PA, Ore_curs: 2, Ore_lab: 1, Credit: 2, Teme: 6])
[54] : (ffccefdcca -> [Nume: Oneida, Grupa: 319cd, Medie: 7.90, Varsta: 28])
[55] : (eafedabebe -> [Nume: Erwin, Grupa: 319cb, Medie: 6.30, Varsta: 23])
[56] :
[57] :
[58] :
[59] :
[60] : (badefaaeee -> [Nume: Sonia, Grupa: 319cf, Medie: 7.30, Varsta: 20])
[61] : (caffcbdcba -> [Materie: Mizerie, Ore_curs: 4, Ore_lab: 4, Credit: 2, Teme: 1])
[62] :
[63] :
[64] : (febecaebbb -> [Materie: SO, Ore_curs: 2, Ore_lab: 4, Credit: 2, Teme: 6])
[65] :
[66] : (deadeddcfb -> [Nume: Leola, Grupa: 320cd, Medie: 8.50, Varsta: 20]) (fbffcaaeef -> [Nume: Sonia, Grupa: 311cc, Medie: 9.30, Varsta: 25])
[67] :
[68] : (dfcabbbdce -> [Nume: Elvira, Grupa: 316cd, Medie: 9.90, Varsta: 24])
[69] : (ceffaeacea -> [Materie: IOC, Ore_curs: 1, Ore_lab: 3, Credit: 2, Teme: 6])
[70] : (bfdebabdfa -> [Materie: CN1, Ore_curs: 3, Ore_lab: 4, Credit: 3, Teme: 6])
[71] : (eedaedbcad -> [Nume: Denna, Grupa: 311cf, Medie: 7.20, Varsta: 20])
[72] :
[73] : (afaefaebde -> [Materie: EComm, Ore_curs: 4, Ore_lab: 4, Credit: 3, Teme: 4])
[74] :
[75] :
[76] :
[77] : (cafdfcdeee -> [Materie: EGC, Ore_curs: 4, Ore_lab: 4, Credit: 2, Teme: 1])
[78] :
[79] : (eadefccbff -> [Materie: IOC, Ore_curs: 2, Ore_lab: 3, Credit: 3, Teme: 6])
Nu exista
[0] :
[1] :
[2] : (bbecdcfaef -> [Nume: Sonia, Grupa: 311ca, Medie: 7.20, Varsta: 22])
[3] : (cdbfdfdaff -> [Materie: EComm, Ore_curs: 3, Ore_lab: 4, Credit: 2, Teme: 2])
[4] :
[5] :
[6] :
[7] :
[8] :
[9] :
[10] :
[11] :
[12] : (fcbcccedad -> [Nume: Cassie, Grupa: 318cd, Medie: 6.00, Varsta: 22])
[13] :
[14] : (fbefeddbbc -> [Nume: Johnette, Grupa: 313ce, Medie: 9.80, Varsta: 19])
[15] :
[16] :
[17] : (effcacfdda -> [Materie: ELTH, Ore_curs: 4, Ore_lab: 6, Credit: 2, Teme: 5])
[18] :
[19] :
[20] :
[21] : (cadfbadbbc -> [Materie: Matematica3, Ore_curs: 3, Ore_lab: 5, Credit: 3, Teme: 5])
[22] :
[23] : (cdcfbbdffd -> [Nume: Bryce, Grupa: 313cd, Medie: 6.40, Varsta: 30])
[24] :
[25] :
[26] : (fbddfcdaeb -> [Materie: IOC, Ore_curs: 2, Ore_lab: 4, Credit: 2, Teme: 6])
[27] :
[28] : (dbabfeffad -> [Materie: ML, Ore_curs: 1, Ore_lab: 1, Credit: 3, Teme: 2])
[29] :
[30] : (fdfcfdddbc -> [Nume: Jama, Grupa: 319cc, Medie: 7.40, Varsta: 28])
[31] :
[32] :
[33] : (caeceeddaa -> [Nume: Roxanne, Grupa: 317ca, Medie: 9.90, Varsta: 21])
[34] :
[35] :
[36] : (dbaadececb -> [Materie: ELTH, Ore_curs: 2, Ore_lab: 3, Credit: 2, Teme: 1])
[37] : (ebecdedbbd -> [Materie: CN1, Ore_curs: 3, Ore_lab: 3, Credit: 3, Teme: 3])
[38] : (dabeafcdfd -> [Materie: ELTH, Ore_curs: 4, Ore_lab: 3, Credit: 3, Teme: 5])
[39] :
[40] : (febfdcbade -> [Nume: Leora, Grupa: 315cd, Medie: 9.60, Varsta: 22])
[41] :
[42] : (bdbeccdbbd -> [Nume: Raylene, Grupa: 318cf, Medie: 6.60, Varsta: 30]) (daefdfffbe -> [Materie: PL, Ore_curs: 3, Ore_lab: 5, Credit: 3, Teme: 1])
[43] : (cddfecdadc -> [Nume: Celestine, Grupa: 313ca, Medie: 8.50, Varsta: 25])
[44] : (bebabeeeda -> [Materie: EComm, Ore_curs: 1, Ore_lab: 5, Credit: 2, Teme: 1]) (fcfecfdcab -> [Materie: CN1, Ore_curs: 1, Ore_lab: 5, Credit: 3, Teme: 5])
[45] : (edbcbcaded -> [Materie: Mizerie, Ore_curs: 3, Ore_lab: 2, Credit: 2, Teme: 5]) (adcafdafef -> [Materie: IOC, Ore_curs: 2, Ore_lab: 6, Credit: 3, Teme: 3])
[46] : (dedbbefeae -> [Nume: Oneida, Grupa: 320cd, Medie: 6.00, Varsta: 24]) (fbabaeecaa -> [Nume: Felicita, Grupa: 318cf, Medie: 6.90, Varsta: 20]) (fbcadfcfcb -> [Nume: Leola, Grupa: 320ce, Medie: 7.10, Varsta: 21])
[47] :
[48] : (ddabbcbcce -> [Materie: IOC, Ore_curs: 4, Ore_lab: 4, Credit: 2, Teme: 3])
[49] :
[50] : (bbaaafcefd -> [Materie: PL, Ore_curs: 2, Ore_lab: 6, Credit: 2, Teme: 5])
[51] :
[52] :
[53] : (cefdbbfffa -> [Materie: PA, Ore_curs: 2, Ore_lab: 1, Credit: 2, Teme: 6])
[54] : (ffccefdcca -> [Nume: Oneida, Grupa: 319cd, Medie: 7.90, Varsta: 28])
[55] : (eafedabebe -> [Nume: Erwin, Grupa: 319cb, Medie: 6.30, Varsta: 23])
[56] :
[57] :
[58] :
[59] :
[60] : (badefaaeee -> [Nume: Sonia, Grupa: 319cf, Medie: 7.30, Varsta: 20])
[61] : (caffcbdcba -> [Materie: Mizerie, Ore_curs: 4, Ore_lab: 4, Credit: 2, Teme: 1])
[62] :
[63] :
[64] : (febecaebbb -> [Materie: SO, Ore_curs: 2, Ore_lab: 4, Credit: 2, Teme: 6])
[65] :
[66] : (deadeddcfb -> [Nume: Leola, Grupa: 320cd, Medie: 8.50, Varsta: 20]) (fbffcaaeef -> [Nume: Sonia, Grupa: 311cc, Medie: 9.30, Varsta: 25])
[67] :
[68] : (dfcabbbdce -> [Nume: Elvira, Grupa: 316cd, Medie: 9.90, Varsta: 24])
[69] : (ceffaeacea -> [Materie: IOC, Ore_curs: 1, Ore_lab: 3, Credit: 2, Teme: 6])
[70] : (bfdebabdfa -> [Materie: CN1, Ore_curs: 3, Ore_lab: 4, Credit: 3, Teme: 6])
[71] : (eedaedbcad -> [Nume: Denna, Grupa: 311cf, Medie: 7.20, Varsta: 20])
[72] :
[73] : (afaefaebde -> [Materie: EComm, Ore_curs: 4, Ore_lab: 4, Credit: 3, Teme: 4])
[74] :
[75] :
[76] :
[77] : (cafdfcdeee -> [Materie: EGC, Ore_curs: 4, Ore_lab: 4, Credit: 2, Teme: 1])
[78] :
[79] : (eadefccbff -> [Materie: IOC, Ore_curs: 2, Ore_lab: 3, Credit: 3, Teme: 6])
[Materie: ELTH, Ore_curs: 4, Ore_lab: 3, Credit: 3, Teme: 5]
[0] :
[1] :
[2] : (bbecdcfaef -> [Nume: Sonia, Grupa: 311ca, Medie: 7.20, Varsta: 22])
[3] : (cdbfdfdaff -> [Materie: EComm, Ore_curs: 3, Ore_lab: 4, Credit: 2, Teme: 2])
[4] :
[5] :
[6] :
[7] :
[8] :
[9] :
[10] :
[11] :
[12] : (fcbcccedad -> [Nume: Cassie, Grupa: 318cd, Medie: 6.00, Varsta: 22])
[13] :
[14] : (fbefeddbbc -> [Nume: Johnette, Grupa: 313ce, Medie: 9.80, Varsta: 19])
[15] :
[16] :
[17] : (effcacfdda -> [Materie: ELTH, Ore_curs: 4, Ore_lab: 6, Credit: 2, Teme: 5])
[18] :
[19] :
[20] :
[21] : (cadfbadbbc -> [Materie: Matematica3, Ore_curs: 3, Ore_lab: 5, Credit: 3, Teme: 5])
[22] :
[23] : (cdcfbbdffd -> [Nume: Bryce, Grupa: 313cd, Medie: 6.40, Varsta: 30])
[24] :
[25] :
[26] : (fbddfcdaeb -> [Materie: IOC, Ore_curs: 2, Ore_lab: 4, Credit: 2, Teme: 6])
[27] :
[28] : (dbabfeffad -> [Materie: ML, Ore_curs: 1, Ore_lab: 1, Credit: 3, Teme: 2])
[29] :
[30] : (fdfcfdddbc -> [Nume: Jama, Grupa: 319cc, Medie: 7.40, Varsta: 28])
[31] :
[32] :
[33] : (caeceeddaa -> [Nume: Roxanne, Grupa: 317ca, Medie: 9.90, Varsta: 21])
[34] :
[35] :
[36] : (dbaadececb -> [Materie: ELTH, Ore_curs: 2, Ore_lab: 3, Credit: 2, Teme: 1])
[37] : (ebecdedbbd -> [Materie: CN1, Ore_curs: 3, Ore_lab: 3, Credit: 3, Teme: 3])
[38] : (dabeafcdfd -> [Materie: ELTH, Ore_curs: 4, Ore_lab: 3, Credit: 3, Teme: 5])
[39] :
[40] : (febfdcbade -> [Nume: Leora, Grupa: 315cd, Medie: 9.60, Varsta: 22])
[41] :
[42] : (bdbeccdbbd -> [Nume: Raylene, Grupa: 318cf, Medie: 6.60, Varsta: 30]) (daefdfffbe -> [Materie: PL, Ore_curs: 3, Ore_lab: 5, Credit: 3, Teme: 1])
[43] : (cddfecdadc -> [Nume: Celestine, Grupa: 313ca, Medie: 8.50, Varsta: 25])
[44] : (bebabeeeda -> [Materie: EComm, Ore_curs: 1, Ore_lab: 5, Credit: 2, Teme: 1]) (fcfecfdcab -> [Materie: CN1, Ore_curs: 1, Ore_lab: 5, Credit: 3, Teme: 5])
[45] : (edbcbcaded -> [Materie: Mizerie, Ore_curs: 3, Ore_lab: 2, Credit: 2, Teme: 5]) (adcafdafef -> [Materie: IOC, Ore_curs: 2, Ore_lab: 6, Credit: 3, Teme: 3])
[46] : (dedbbefeae -> [Nume: Oneida, Grupa: 320cd, Medie: 6.00, Varsta: 24]) (fbabaeecaa -> [Nume: Felicita, Grupa: 318cf, Medie: 6.90, Varsta: 20]) (fbcadfcfcb -> [Nume: Leola, Grupa: 320ce, Medie: 7.10, Varsta: 21])
[47] :
[48] : (ddabbcbcce -> [Materie: IOC, Ore_curs: 4, Ore_lab: 4, Credit: 2, Teme: 3])
[49] :
[50] : (bbaaafcefd -> [Materie: PL, Ore_curs: 2, Ore_lab: 6, Credit: 2, Teme: 5])
[51] :
[52] :
[53] : (cefdbbfffa -> [Materie: PA, Ore_curs: 2, Ore_lab: 1, Credit: 2, Teme: 6])
[54] : (ffccefdcca -> [Nume: Oneida, Grupa: 319cd, Medie: 7.90, Varsta: 28])
[55] : (eafedabebe -> [Nume: Erwin, Grupa: 319cb, Medie: 6.30, Varsta: 23])
[56] :
[57] :
[58] :
[59] :
[60] : (badefaaeee -> [Nume: Sonia, Grupa: 319cf, Medie: 7.30, Varsta: 20])
[61] : (caffcbdcba -> [Materie: Mizerie, Ore_curs: 4, Ore_lab: 4, Credit: 2, Teme: 1])
[62] :
[63] :
[64] : (febecaebbb -> [Materie: SO, Ore_curs: 2, Ore_lab: 4, Credit: 2, Teme: 6])
[65] : (adbbcbbbed -> [Nume: Usha, Grupa: 312cd, Medie: 8.90, Varsta: 23])
[66] : (deadeddcfb -> [Nume: Leola, Grupa: 320cd, Medie: 8.50, Varsta: 20]) (fbffcaaeef -> [Nume: Sonia, Grupa: 311cc, Medie: 9.30, Varsta: 25])
[67] : (aedcddcdbe -> [Materie: SPG, Ore_curs: 3, Ore_lab: 2, Credit: 3, Teme: 4])
[68] : (dfcabbbdce -> [Nume: Elvira, Grupa: 316cd, Medie: 9.90, Varsta: 24])
[69] : (ceffaeacea -> [Materie: IOC, Ore_curs: 1, Ore_lab: 3, Credit: 2, Teme: 6])
[70] : (bfdebabdfa -> [Materie: CN1, Ore_curs: 3, Ore_lab: 4, Credit: 3, Teme: 6])
[71] : (eedaedbcad -> [Nume: Denna, Grupa: 311cf, Medie: 7.20, Varsta: 20])
[72] :
[73] : (afaefaebde -> [Materie: EComm, Ore_curs: 4, Ore_lab: 4, Credit: 3, Teme: 4])
[74] :
[75] :
[76] :
[77] : (cafdfcdeee -> [Materie: EGC, Ore_curs: 4, Ore_lab: 4, Credit: 2, Teme: 1])
[78] :
[79] : (eadefccbff -> [Materie: IOC, Ore_curs: 2, Ore_lab: 3, Credit: 3, Teme: 6])
Nu exista
Nu exista
[Materie: PA, Ore_curs: 2, Ore_lab: 1, Credit: 2, Teme: 6]
[0] : (fccecbdcdf -> [Materie: ML, Ore_curs: 3, Ore_lab: 1, Credit: 3, Teme: 1])
[1] :
[2] : (bbecdcfaef -> [Nume: Sonia, Grupa: 311ca, Medie: 7.20, Varsta: 22])
[3] : (cdbfdfdaff -> [Materie: EComm, Ore_curs: 3, Ore_lab: 4, Credit: 2, Teme: 2])
[4] :
[5] :
[6] :
[7] :
[8] :
[9] :
[10] : (decbcdfbcc -> [Materie: SO, Ore_curs: 3, Ore_lab: 4, Credit: 3, Teme: 5])
[11] :
[12] : (fcbcccedad -> [Nume: Cassie, Grupa: 318cd, Medie: 6.00, Varsta: 22])
[13] :
[14] : (fbefeddbbc -> [Nume: Johnette, Grupa: 313ce, Medie: 9.80, Varsta: 19])
[15] :
[16] :
[17] :
[18] :
[19] :
[20] :
[21] : (cadfbadbbc -> [Materie: Matematica3, Ore_curs: 3, Ore_lab: 5, Credit: 3, Teme: 5])
[22] :
[23] : (cdcfbbdffd -> [Nume: Bryce, Grupa: 313cd, Medie: 6.40, Varsta: 30]) (aeacfacfaa -> [Nume: Roxanne, Grupa: 313cb, Medie: 8.00, Varsta: 25])
[24] :
[25] :
[26] : (fbddfcdaeb -> [Materie: IOC, Ore_curs: 2, Ore_lab: 4, Credit: 2, Teme: 6])
[27] :
[28] : (dbabfeffad -> [Materie: ML, Ore_curs: 1, Ore_lab: 1, Credit: 3, Teme: 2])
[29] :
[30] : (fdfcfdddbc -> [Nume: Jama, Grupa: 319cc, Medie: 7.40, Varsta: 28])
[31] :
[32] :
[33] : (caeceeddaa -> [Nume: Roxanne, Grupa: 317ca, Medie: 9.90, Varsta: 21])
[34] :
[35] :
[36] : (dbaadececb -> [Materie: ELTH, Ore_curs: 2, Ore_lab: 3, Credit: 2, Teme: 1])
[37] : (ebecdedbbd -> [Materie: CN1, Ore_curs: 3, Ore_lab: 3, Credit: 3, Teme: 3])
[38] : (dabeafcdfd -> [Materie: ELTH, Ore_curs: 4, Ore_lab: 3, Credit: 3, Teme: 5])
[39] :
[40] : (febfdcbade -> [Nume: Leora, Grupa: 315cd, Medie: 9.60, Varsta: 22])
[41] :
[42] : (bdbeccdbbd -> [Nume: Raylene, Grupa: 318cf, Medie: 6.60, Varsta: 30]) (daefdfffbe -> [Materie: PL, Ore_curs: 3, Ore_lab: 5, Credit: 3, Teme: 1])
[43] : (cddfecdadc -> [Nume: Celestine, Grupa: 313ca, Medie: 8.50, Varsta: 25])
[44] : (bebabeeeda -> [Materie: EComm, Ore_curs: 1, Ore_lab: 5, Credit: 2, Teme: 1]) (fcfecfdcab -> [Materie: CN1, Ore_curs: 1, Ore_lab: 5, Credit: 3, Teme: 5])
[45] : (edbcbcaded -> [Materie: Mizerie, Ore_curs: 3, Ore_lab: 2, Credit: 2, Teme: 5]) (adcafdafef -> [Materie: IOC, Ore_curs: 2, Ore_lab: 6, Credit: 3, Teme: 3])
[46] : (dedbbefeae -> [Nume: Oneida, Grupa: 320cd, Medie: 6.00, Varsta: 24]) (fbabaeecaa -> [Nume: Felicita, Grupa: 318cf, Medie: 6.90, Varsta: 20]) (fbcadfcfcb -> [Nume: Leola, Grupa: 320ce, Medie: 7.10, Varsta: 21])
[47] :
[48] : (ddabbcbcce -> [Materie: IOC, Ore_curs: 4, Ore_lab: 4, Credit: 2, Teme: 3])
[49] :
[50] : (bbaaafcefd -> [Materie: PL, Ore_curs: 2, Ore_lab: 6, Credit: 2, Teme: 5])
[51] :
[52] :
[53] : (cefdbbfffa -> [Materie: PA, Ore_curs: 2, Ore_lab: 1, Credit: 2, Teme: 6])
[54] : (ffccefdcca -> [Nume: Oneida, Grupa: 319cd, Medie: 7.90, Varsta: 28])
[55] : (eafedabebe -> [Nume: Erwin, Grupa: 319cb, Medie: 6.30, Varsta: 23]) (eabebcbbbd -> [Nume: Roxanne, Grupa: 315cf, Medie: 7.00, Varsta: 24])
[56] :
[57] :
[58] :
[59] :
[60] : (badefaaeee -> [Nume: Sonia, Grupa: 319cf, Medie: 7.30, Varsta: 20])
[61] : (caffcbdcba -> [Materie: Mizerie, Ore_curs: 4, Ore_lab: 4, Credit: 2, Teme: 1]) (edbecdeaaa -> [Nume: Erwin, Grupa: 320ce, Medie: 10.00, Varsta: 30])
[62] :
[63] :
[64] :
[65] : (adbbcbbbed -> [Nume: Usha, Grupa: 312cd, Medie: 8.90, Varsta: 23])
[66] : (deadeddcfb -> [Nume: Leola, Grupa: 320cd, Medie: 8.50, Varsta: 20]) (fbffcaaeef -> [Nume: Sonia, Grupa: 311cc, Medie: 9.30, Varsta: 25])
[67] : (aedcddcdbe -> [Materie: SPG, Ore_curs: 3, Ore_lab: 2, Credit: 3, Teme: 4])
[68] : (dfcabbbdce -> [Nume: Elvira, Grupa: 316cd, Medie: 9.90, Varsta: 24])
[69] :
[70] : (bfdebabdfa -> [Materie: CN1, Ore_curs: 3, Ore_lab: 4, Credit: 3, Teme: 6])
[71] : (eedaedbcad -> [Nume: Denna, Grupa: 311cf, Medie: 7.20, Varsta: 20])
[72] :
[73] : (afaefaebde -> [Materie: EComm, Ore_curs: 4, Ore_lab: 4, Credit: 3, Teme: 4])
[74] :
[75] :
[76] :
[77] : (cafdfcdeee -> [Materie: EGC, Ore_curs: 4, Ore_lab: 4, Credit: 2, Teme: 1])
[78] : (fdfcecdfed -> [Materie: Ghinion, Ore_curs: 3, Ore_lab: 3, Credit: 3, Teme: 4])
[79] : (eadefccbff -> [Materie: IOC, Ore_curs: 2, Ore_lab: 3, Credit: 3, Teme: 6])
[Nume: Johnette, Grupa: 313ce, Medie: 9.80, Varsta: 19]
[0] : (fccecbdcdf -> [Materie: ML, Ore_curs: 3, Ore_lab: 1, Credit: 3, Teme: 1])
[1] :
[2] : (bbecdcfaef -> [Nume: Sonia, Grupa: 311ca, Medie: 7.20, Varsta: 22])
[3] : (cdbfdfdaff -> [Materie: EComm, Ore_curs: 3, Ore_lab: 4, Credit: 2, Teme: 2])
[4] :
[5] :
[6] :
[7] :
[8] :
[9] :
[10] : (decbcdfbcc -> [Materie: SO, Ore_curs: 3, Ore_lab: 4, Credit: 3, Teme: 5])
[11] :
[12] : (fcbcccedad -> [Nume: Cassie, Grupa: 318cd, Medie: 6.00, Varsta: 22])
[13] :
[14] : (fbefeddbbc -> [Nume: Johnette, Grupa: 313ce, Medie: 9.80, Varsta: 19])
[15] :
[16] :
[17] :
[18] :
[19] :
[20] :
[21] : (cadfbadbbc -> [Materie: Matematica3, Ore_curs: 3, Ore_lab: 5, Credit: 3, Teme: 5])
[22] :
[23] : (cdcfbbdffd -> [Nume: Bryce, Grupa: 313cd, Medie: 6.40, Varsta: 30]) (aeacfacfaa -> [Nume: Roxanne, Grupa: 313cb, Medie: 8.00, Varsta: 25])
[24] :
[25] :
[26] : (fbddfcdaeb -> [Materie: IOC, Ore_curs: 2, Ore_lab: 4, Credit: 2, Teme: 6])
[27] :
[28] : (dbabfeffad -> [Materie: ML, Ore_curs: 1, Ore_lab: 1, Credit: 3, Teme: 2]) (dbccffaadf -> [Nume: Usha, Grupa: 314ca, Medie: 6.50, Varsta: 20])
[29] :
[30] : (fdfcfdddbc -> [Nume: Jama, Grupa: 319cc, Medie: 7.40, Varsta: 28])
[31] :
[32] :
[33] : (caeceeddaa -> [Nume: Roxanne, Grupa: 317ca, Medie: 9.90, Varsta: 21])
[34] :
[35] :
[36] : (dbaadececb -> [Materie: ELTH, Ore_curs: 2, Ore_lab: 3, Credit: 2, Teme: 1])
[37] : (ebecdedbbd -> [Materie: CN1, Ore_curs: 3, Ore_lab: 3, Credit: 3, Teme: 3])
[38] : (dabeafcdfd -> [Materie: ELTH, Ore_curs: 4, Ore_lab: 3, Credit: 3, Teme: 5])
[39] :
[40] : (febfdcbade -> [Nume: Leora, Grupa: 315cd, Medie: 9.60, Varsta: 22])
[41] :
[42] : (bdbeccdbbd -> [Nume: Raylene, Grupa: 318cf, Medie: 6.60, Varsta: 30]) (daefdfffbe -> [Materie: PL, Ore_curs: 3, Ore_lab: 5, Credit: 3, Teme: 1])
[43] : (cddfecdadc -> [Nume: Celestine, Grupa: 313ca, Medie: 8.50, Varsta: 25])
[44] : (bebabeeeda -> [Materie: EComm, Ore_curs: 1, Ore_lab: 5, Credit: 2, Teme: 1]) (fcfecfdcab -> [Materie: CN1, Ore_curs: 1, Ore_lab: 5, Credit: 3, Teme: 5])
[45] : (edbcbcaded -> [Materie: Mizerie, Ore_curs: 3, Ore_lab: 2, Credit: 2, Teme: 5]) (adcafdafef -> [Materie: IOC, Ore_curs: 2, Ore_lab: 6, Credit: 3, Teme: 3])
[46] : (dedbbefeae -> [Nume: Oneida, Grupa: 320cd, Medie: 6.00, Varsta: 24]) (fbabaeecaa -> [Nume: Felicita, Grupa: 318cf, Medie: 6.90, Varsta: 20]) (fbcadfcfcb -> [Nume: Leola, Grupa: 320ce, Medie: 7.10, Varsta: 21])
[47] :
[48] : (ddabbcbcce -> [Materie: IOC, Ore_curs: 4, Ore_lab: 4, Credit: 2, Teme: 3])
[49] :
[50] : (bbaaafcefd -> [Materie: PL, Ore_curs: 2, Ore_lab: 6, Credit: 2, Teme: 5])
[51] :
[52] :
[53] : (cefdbbfffa -> [Materie: PA, Ore_curs: 2, Ore_lab: 1, Credit: 2, Teme: 6])
[54] : (ffccefdcca -> [Nume: Oneida, Grupa: 319cd, Medie: 7.90, Varsta: 28])
[55] : (eafedabebe -> [Nume: Erwin, Grupa: 319cb, Medie: 6.30, Varsta: 23]) (eabebcbbbd -> [Nume: Roxanne, Grupa: 315cf, Medie: 7.00, Varsta: 24])
[56] :
[57] :
[58] :
[59] :
[60] : (badefaaeee -> [Nume: Sonia, Grupa: 319cf, Medie: 7.30, Varsta: 20])
[61] : (caffcbdcba -> [Materie: Mizerie, Ore_curs: 4, Ore_lab: 4, Credit: 2, Teme: 1]) (edbecdeaaa -> [Nume: Erwin, Grupa: 320ce, Medie: 10.00, Varsta: 30])
[62] :
[63] :
[64] :
[65] :
[66] : (deadeddcfb -> [Nume: Leola, Grupa: 320cd, Medie: 8.50, Varsta: 20]) (fbffcaaeef -> [Nume: Sonia, Grupa: 311cc, Medie: 9.30, Varsta: 25])
[67] : (aedcddcdbe -> [Materie: SPG, Ore_curs: 3, Ore_lab: 2, Credit: 3, Teme: 4])
[68] : (dfcabbbdce -> [Nume: Elvira, Grupa: 316cd, Medie: 9.90, Varsta: 24])
[69] :
[70] : (bfdebabdfa -> [Materie: CN1, Ore_curs: 3, Ore_lab: 4, Credit: 3, Teme: 6])
[71] : (eedaedbcad -> [Nume: Denna, Grupa: 311cf, Medie: 7.20, Varsta: 20])
[72] :
[73] : (afaefaebde -> [Materie: EComm, Ore_curs: 4, Ore_lab: 4, Credit: 3, Teme: 4])
[74] :
[75] :
[76] :
[77] : (cafdfcdeee -> [Materie: EGC, Ore_curs: 4, Ore_lab: 4, Credit: 2, Teme: 1])
[78] : (fdfcecdfed -> [Materie: Ghinion, Ore_curs: 3, Ore_lab: 3, Credit: 3, Teme: 4])
[79] : (eadefccbff -> [Materie: IOC, Ore_curs: 2, Ore_lab: 3, Credit: 3, Teme: 6])
Nu exista
[0] : (fccecbdcdf -> [Materie: ML, Ore_curs: 3, Ore_lab: 1, Credit: 3, Teme: 1])
[1] :
[2] : (bbecdcfaef -> [Nume: Sonia, Grupa: 311ca, Medie: 7.20, Varsta: 22])
[3] : (cdbfdfdaff -> [Materie: EComm, Ore_curs: 3, Ore_lab: 4, Credit: 2, Teme: 2])
[4] :
[5] :
[6] :
[7] :
[8] :
[9] :
[10] : (decbcdfbcc -> [Materie: SO, Ore_curs: 3, Ore_lab: 4, Credit: 3, Teme: 5])
[11] :
[12] : (fcbcccedad -> [Nume: Cassie, Grupa: 318cd, Medie: 6.00, Varsta: 22])
[13] :
[14] : (fbefeddbbc -> [Nume: Johnette, Grupa: 313ce, Medie: 9.80, Varsta: 19])
[15] :
[16] :
[17] :
[18] :
[19] :
[20] :
[21] : (cadfbadbbc -> [Materie: Matematica3, Ore_curs: 3, Ore_lab: 5, Credit: 3, Teme: 5])
[22] :
[23] : (cdcfbbdffd -> [Nume: Bryce, Grupa: 313cd, Medie: 6.40, Varsta: 30]) (aeacfacfaa -> [Nume: Roxanne, Grupa: 313cb, Medie: 8.00, Varsta: 25])
[24] :
[25] :
[26] : (fbddfcdaeb -> [Materie: IOC, Ore_curs: 2, Ore_lab: 4, Credit: 2, Teme: 6])
[27] :
[28] : (dbabfeffad -> [Materie: ML, Ore_curs: 1, Ore_lab: 1, Credit: 3, Teme: 2]) (dbccffaadf -> [Nume: Usha, Grupa: 314ca, Medie: 6.50, Varsta: 20])
[29] :
[30] : (fdfcfdddbc -> [Nume: Jama, Grupa: 319cc, Medie: 7.40, Varsta: 28])
[31] :
[32] :
[33] : (caeceeddaa -> [Nume: Roxanne, Grupa: 317ca, Medie: 9.90, Varsta: 21])
[34] :
[35] :
[36] : (dbaadececb -> [Materie: ELTH, Ore_curs: 2, Ore_lab: 3, Credit: 2, Teme: 1])
[37] : (ebecdedbbd -> [Materie: CN1, Ore_curs: 3, Ore_lab: 3, Credit: 3, Teme: 3])
[38] : (dabeafcdfd -> [Materie: ELTH, Ore_curs: 4, Ore_lab: 3, Credit: 3, Teme: 5])
[39] :
[40] : (febfdcbade -> [Nume: Leora, Grupa: 315cd, Medie: 9.60, Varsta: 22])
[41] :
[42] : (bdbeccdbbd -> [Nume: Raylene, Grupa: 318cf, Medie: 6.60, Varsta: 30]) (daefdfffbe -> [Materie: PL, Ore_curs: 3, Ore_lab: 5, Credit: 3, Teme: 1])
[43] : (cddfecdadc -> [Nume: Celestine, Grupa: 313ca, Medie: 8.50, Varsta: 25])
[44] : (bebabeeeda -> [Materie: EComm, Ore_curs: 1, Ore_lab: 5, Credit: 2, Teme: 1]) (fcfecfdcab -> [Materie: CN1, Ore_curs: 1, Ore_lab: 5, Credit: 3, Teme: 5])
[45] : (edbcbcaded -> [Materie: Mizerie, Ore_curs: 3, Ore_lab: 2, Credit: 2, Teme: 5]) (adcafdafef -> [Materie: IOC, Ore_curs: 2, Ore_lab: 6, Credit: 3, Teme: 3])
[46] : (dedbbefeae -> [Nume: Oneida, Grupa: 320cd, Medie: 6.00, Varsta: 24]) (fbabaeecaa -> [Nume: Felicita, Grupa: 318cf, Medie: 6.90, Varsta: 20]) (fbcadfcfcb -> [Nume: Leola, Grupa: 320ce, Medie: 7.10, Varsta: 21])
[47] :
[48] : (ddabbcbcce -> [Materie: IOC, Ore_curs: 4, Ore_lab: 4, Credit: 2, Teme: 3])
[49] :
[50] : (bbaaafcefd -> [Materie: PL, Ore_curs: 2, Ore_lab: 6, Credit: 2, Teme: 5])
[51] :
[52] :
[53] : (cefdbbfffa -> [Materie: PA, Ore_curs: 2, Ore_lab: 1, Credit: 2, Teme: 6])
[54] : (ffccefdcca -> [Nume: Oneida, Grupa: 319cd, Medie: 7.90, Varsta: 28])
[55] : (eafedabebe -> [Nume: Erwin, Grupa: 319cb, Medie: 6.30, Varsta: 23]) (eabebcbbbd -> [Nume: Roxanne, Grupa: 315cf, Medie: 7.00, Varsta: 24])
[56] :
[57] :
[58] :
[59] :
[60] : (badefaaeee -> [Nume: Sonia, Grupa: 319cf, Medie: 7.30, Varsta: 20])
[61] : (caffcbdcba -> [Materie: Mizerie, Ore_curs: 4, Ore_lab: 4, Credit: 2, Teme: 1]) (edbecdeaaa -> [Nume: Erwin, Grupa: 320ce, Medie: 10.00, Varsta: 30])
[62] :
[63] :
[64] :
[65] :
[66] : (deadeddcfb -> [Nume: Leola, Grupa: 320cd, Medie: 8.50, Varsta: 20]) (fbffcaaeef -> [Nume: Sonia, Grupa: 311cc, Medie: 9.30, Varsta: 25])
[67] : (aedcddcdbe -> [Materie: SPG, Ore_curs: 3, Ore_lab: 2, Credit: 3, Teme: 4])
[68] : (dfcabbbdce -> [Nume: Elvira, Grupa: 316cd, Medie: 9.90, Varsta: 24])
[69] :
[70] : (bfdebabdfa -> [Materie: CN1, Ore_curs: 3, Ore_lab: 4, Credit: 3, Teme: 6])
[71] : (eedaedbcad -> [Nume: Denna, Grupa: 311cf, Medie: 7.20, Varsta: 20])
[72] :
[73] : (afaefaebde -> [Materie: EComm, Ore_curs: 4, Ore_lab: 4, Credit: 3, Teme: 4])
[74] :
[75] :
[76] :
[77] : (cafdfcdeee -> [Materie: EGC, Ore_curs: 4, Ore_lab: 4, Credit: 2, Teme: 1])
[78] : (fdfcecdfed -> [Materie: Ghinion, Ore_curs: 3, Ore_lab: 3, Credit: 3, Teme: 4])
[79] : (eadefccbff -> [Materie: IOC, Ore_curs: 2, Ore_lab: 3, Credit: 3, Teme: 6])
Nu exista
Nu exista
[Materie: EComm, Ore_curs: 3, Ore_lab: 4, Credit: 2, Teme: 2]
Nu exista
[0] : (fccecbdcdf -> [Materie: ML, Ore_curs: 3, Ore_lab: 1, Credit: 3, Teme: 1])
[1] :
[2] : (bbecdcfaef -> [Nume: Sonia, Grupa: 311ca, Medie: 7.20, Varsta: 22])
[3] : (cdbfdfdaff -> [Materie: EComm, Ore_curs: 3, Ore_lab: 4, Credit: 2, Teme: 2])
[4] :
[5] :
[6] :
[7] :
[8] :
[9] :
[10] : (decbcdfbcc -> [Materie: SO, Ore_curs: 3, Ore_lab: 4, Credit: 3, Teme: 5])
[11] :
[12] : (fcbcccedad -> [Nume: Cassie, Grupa: 318cd, Medie: 6.00, Varsta: 22])
[13] :
[14] : (fbefeddbbc -> [Nume: Johnette, Grupa: 313ce, Medie: 9.80, Varsta: 19])
[15] :
[16] : (fabdafdbab -> [Nume: Sierra, Grupa: 312ce, Medie: 9.20, Varsta: 18])
[17] : (cecaeeabda -> [Materie: Ghinion, Ore_curs: 4, Ore_lab: 3, Credit: 2, Teme: 2])
[18] :
[19] :
[20] :
[21] : (cadfbadbbc -> [Materie: Matematica3, Ore_curs: 3, Ore_lab: 5, Credit: 3, Teme: 5])
[22] :
[23] : (cdcfbbdffd -> [Nume: Bryce, Grupa: 313cd, Medie: 6.40, Varsta: 30]) (aeacfacfaa -> [Nume: Roxanne, Grupa: 313cb, Medie: 8.00, Varsta: 25])
[24] :
[25] :
[26] : (fbddfcdaeb -> [Materie: IOC, Ore_curs: 2, Ore_lab: 4, Credit: 2, Teme: 6])
[27] :
[28] : (dbabfeffad -> [Materie: ML, Ore_curs: 1, Ore_lab: 1, Credit: 3, Teme: 2]) (dbccffaadf -> [Nume: Usha, Grupa: 314ca, Medie: 6.50, Varsta: 20])
[29] : (afbafbefba -> [Nume: Felicita, Grupa: 312cb, Medie: 8.60, Varsta: 20])
[30] : (fdfcfdddbc -> [Nume: Jama, Grupa: 319cc, Medie: 7.40, Varsta: 28])
[31] : (cfdfdeecec -> [Materie: CPL, Ore_curs: 3, Ore_lab: 2, Credit: 2, Teme: 5])
[32] :
[33] : (caeceeddaa -> [Nume: Roxanne, Grupa: 317ca, Medie: 9.90, Varsta: 21])
[34] :
[35] :
[36] : (dbaadececb -> [Materie: ELTH, Ore_curs: 2, Ore_lab: 3, Credit: 2, Teme: 1])
[37] : (ebecdedbbd -> [Materie: CN1, Ore_curs: 3, Ore_lab: 3, Credit: 3, Teme: 3])
[38] : (dabeafcdfd -> [Materie: ELTH, Ore_curs: 4, Ore_lab: 3, Credit: 3, Teme: 5])
[39] :
[40] : (febfdcbade -> [Nume: Leora, Grupa: 315cd, Medie: 9.60, Varsta: 22])
[41] :
[42] : (bdbeccdbbd -> [Nume: Raylene, Grupa: 318cf, Medie: 6.60, Varsta: 30]) (daefdfffbe -> [Materie: PL, Ore_curs: 3, Ore_lab: 5, Credit: 3, Teme: 1])
[43] : (cddfecdadc -> [Nume: Celestine, Grupa: 313ca, Medie: 8.50, Varsta: 25])
[44] : (bebabeeeda -> [Materie: EComm, Ore_curs: 1, Ore_lab: 5, Credit: 2, Teme: 1]) (fcfecfdcab -> [Materie: CN1, Ore_curs: 1, Ore_lab: 5, Credit: 3, Teme: 5])
[45] : (edbcbcaded -> [Materie: Mizerie, Ore_curs: 3, Ore_lab: 2, Credit: 2, Teme: 5]) (adcafdafef -> [Materie: IOC, Ore_curs: 2, Ore_lab: 6, Credit: 3, Teme: 3])
[46] : (dedbbefeae -> [Nume: Oneida, Grupa: 320cd, Medie: 6.00, Varsta: 24]) (fbabaeecaa -> [Nume: Felicita, Grupa: 318cf, Medie: 6.90, Varsta: 20]) (fbcadfcfcb -> [Nume: Leola, Grupa: 320ce, Medie: 7.10, Varsta: 21])
[47] :
[48] : (ddabbcbcce -> [Materie: IOC, Ore_curs: 4, Ore_lab: 4, Credit: 2, Teme: 3]) (dfdbcdcdbe -> [Nume: Linda, Grupa: 313ca, Medie: 7.90, Varsta: 23])
[49] :
[50] : (bbaaafcefd -> [Materie: PL, Ore_curs: 2, Ore_lab: 6, Credit: 2, Teme: 5])
[51] :
[52] :
[53] : (cefdbbfffa -> [Materie: PA, Ore_curs: 2, Ore_lab: 1, Credit: 2, Teme: 6])
[54] : (ffccefdcca -> [Nume: Oneida, Grupa: 319cd, Medie: 7.90, Varsta: 28])
[55] : (eafedabebe -> [Nume: Erwin, Grupa: 319cb, Medie: 6.30, Varsta: 23]) (eabebcbbbd -> [Nume: Roxanne, Grupa: 315cf, Medie: 7.00, Varsta: 24])
[56] :
[57] :
[58] :
[59] :
[60] : (badefaaeee -> [Nume: Sonia, Grupa: 319cf, Medie: 7.30, Varsta: 20])
[61] : (caffcbdcba -> [Materie: Mizerie, Ore_curs: 4, Ore_lab: 4, Credit: 2, Teme: 1]) (edbecdeaaa -> [Nume: Erwin, Grupa: 320ce, Medie: 10.00, Varsta: 30])
[62] :
[63] :
[64] :
[65] :
[66] : (deadeddcfb -> [Nume: Leola, Grupa: 320cd, Medie: 8.50, Varsta: 20]) (fbffcaaeef -> [Nume: Sonia, Grupa: 311cc, Medie: 9.30, Varsta: 25])
[67] : (aedcddcdbe -> [Materie: SPG, Ore_curs: 3, Ore_lab: 2, Credit: 3, Teme: 4])
[68] : (dfcabbbdce -> [Nume: Elvira, Grupa: 316cd, Medie: 9.90, Varsta: 24])
[69] :
[70] : (bfdebabdfa -> [Materie: CN1, Ore_curs: 3, Ore_lab: 4, Credit: 3, Teme: 6]) (dafcccbfdb -> [Nume: Oneida, Grupa: 313ca, Medie: 6.70, Varsta: 29])
[71] : (eedaedbcad -> [Nume: Denna, Grupa: 311cf, Medie: 7.20, Varsta: 20])
[72] :
[73] : (afaefaebde -> [Materie: EComm, Ore_curs: 4, Ore_lab: 4, Credit: 3, Teme: 4])
[74] :
[75] :
[76] :
[77] : (cafdfcdeee -> [Materie: EGC, Ore_curs: 4, Ore_lab: 4, Credit: 2, Teme: 1])
[78] : (fdfcecdfed -> [Materie: Ghinion, Ore_curs: 3, Ore_lab: 3, Credit: 3, Teme: 4])
[79] : (eadefccbff -> [Materie: IOC, Ore_curs: 2, Ore_lab: 3, Credit: 3, Teme: 6])
Nu exista
[0] : (fccecbdcdf -> [Materie: ML, Ore_curs: 3, Ore_lab: 1, Credit: 3, Teme: 1]) (beabbfecbe -> [Materie: IOC, Ore_curs: 3, Ore_lab: 1, Credit: 2, Teme: 4])
[1] :
[2] : (bbecdcfaef -> [Nume: Sonia, Grupa: 311ca, Medie: 7.20, Varsta: 22])
[3] : (cdbfdfdaff -> [Materie: EComm, Ore_curs: 3, Ore_lab: 4, Credit: 2, Teme: 2])
[4] :
[5] :
[6] :
[7] :
[8] :
[9] :
[10] : (decbcdfbcc -> [Materie: SO, Ore_curs: 3, Ore_lab: 4, Credit: 3, Teme: 5])
[11] :
[12] : (fcbcccedad -> [Nume: Cassie, Grupa: 318cd, Medie: 6.00, Varsta: 22])
[13] :
[14] : (fbefeddbbc -> [Nume: Johnette, Grupa: 313ce, Medie: 9.80, Varsta: 19])
[15] :
[16] : (fabdafdbab -> [Nume: Sierra, Grupa: 312ce, Medie: 9.20, Varsta: 18])
[17] : (cecaeeabda -> [Materie: Ghinion, Ore_curs: 4, Ore_lab: 3, Credit: 2, Teme: 2])
[18] :
[19] :
[20] :
[21] : (cadfbadbbc -> [Materie: Matematica3, Ore_curs: 3, Ore_lab: 5, Credit: 3, Teme: 5])
[22] :
[23] : (cdcfbbdffd -> [Nume: Bryce, Grupa: 313cd, Medie: 6.40, Varsta: 30]) (aeacfacfaa -> [Nume: Roxanne, Grupa: 313cb, Medie: 8.00, Varsta: 25])
[24] :
[25] :
[26] : (fbddfcdaeb -> [Materie: IOC, Ore_curs: 2, Ore_lab: 4, Credit: 2, Teme: 6])
[27] :
[28] : (dbabfeffad -> [Materie: ML, Ore_curs: 1, Ore_lab: 1, Credit: 3, Teme: 2]) (dbccffaadf -> [Nume: Usha, Grupa: 314ca, Medie: 6.50, Varsta: 20])
[29] : (afbafbefba -> [Nume: Felicita, Grupa: 312cb, Medie: 8.60, Varsta: 20])
[30] : (fdfcfdddbc -> [Nume: Jama, Grupa: 319cc, Medie: 7.40, Varsta: 28])
[31] : (cfdfdeecec -> [Materie: CPL, Ore_curs: 3, Ore_lab: 2, Credit: 2, Teme: 5])
[32] :
[33] : (caeceeddaa -> [Nume: Roxanne, Grupa: 317ca, Medie: 9.90, Varsta: 21])
[34] :
[35] :
[36] : (dbaadececb -> [Materie: ELTH, Ore_curs: 2, Ore_lab: 3, Credit: 2, Teme: 1])
[37] : (ebecdedbbd -> [Materie: CN1, Ore_curs: 3, Ore_lab: 3, Credit: 3, Teme: 3])
[38] : (dabeafcdfd -> [Materie: ELTH, Ore_curs: 4, Ore_lab: 3, Credit: 3, Teme: 5])
[39] :
[40] : (febfdcbade -> [Nume: Leora, Grupa: 315cd, Medie: 9.60, Varsta: 22])
[41] :
[42] : (bdbeccdbbd -> [Nume: Raylene, Grupa: 318cf, Medie: 6.60, Varsta: 30]) (daefdfffbe -> [Materie: PL, Ore_curs: 3, Ore_lab: 5, Credit: 3, Teme: 1])
[43] : (cddfecdadc -> [Nume: Celestine, Grupa: 313ca, Medie: 8.50, Varsta: 25])
[44] : (bebabeeeda -> [Materie: EComm, Ore_curs: 1, Ore_lab: 5, Credit: 2, Teme: 1]) (fcfecfdcab -> [Materie: CN1, Ore_curs: 1, Ore_lab: 5, Credit: 3, Teme: 5])
[45] : (edbcbcaded -> [Materie: Mizerie, Ore_curs: 3, Ore_lab: 2, Credit: 2, Teme: 5]) (adcafdafef -> [Materie: IOC, Ore_curs: 2, Ore_lab: 6, Credit: 3, Teme: 3]) (adabbdcdde -> [Materie: TS, Ore_curs: 2, Ore_lab: 4, Credit: 3, Teme: 3])
[46] : (dedbbefeae -> [Nume: Oneida, Grupa: 320cd, Medie: 6.00, Varsta: 24]) (fbabaeecaa -> [Nume: Felicita, Grupa: 318cf, Medie: 6.90, Varsta: 20]) (fbcadfcfcb -> [Nume: Leola, Grupa: 320ce, Medie: 7.10, Varsta: 21])
[47] :
[48] : (ddabbcbcce -> [Materie: IOC, Ore_curs: 4, Ore_lab: 4, Credit: 2, Teme: 3]) (dfdbcdcdbe -> [Nume: Linda, Grupa: 313ca, Medie: 7.90, Varsta: 23])
[49] :
[50] : (bbaaafcefd -> [Materie: PL, Ore_curs: 2, Ore_lab: 6, Credit: 2, Teme: 5])
[51] :
[52] :
[53] : (cefdbbfffa -> [Materie: PA, Ore_curs: 2, Ore_lab: 1, Credit: 2, Teme: 6])
[54] : (ffccefdcca -> [Nume: Oneida, Grupa: 319cd, Medie: 7.90, Varsta: 28])
[55] : (eafedabebe -> [Nume: Erwin, Grupa: 319cb, Medie: 6.30, Varsta: 23]) (eabebcbbbd -> [Nume: Roxanne, Grupa: 315cf, Medie: 7.00, Varsta: 24])
[56] :
[57] :
[58] :
[59] :
[60] : (badefaaeee -> [Nume: Sonia, Grupa: 319cf, Medie: 7.30, Varsta: 20])
[61] : (caffcbdcba -> [Materie: Mizerie, Ore_curs: 4, Ore_lab: 4, Credit: 2, Teme: 1]) (edbecdeaaa -> [Nume: Erwin, Grupa: 320ce, Medie: 10.00, Varsta: 30])
[62] :
[63] :
[64] :
[65] :
[66] : (deadeddcfb -> [Nume: Leola, Grupa: 320cd, Medie: 8.50, Varsta: 20]) (fbffcaaeef -> [Nume: Sonia, Grupa: 311cc, Medie: 9.30, Varsta: 25])
[67] : (aedcddcdbe -> [Materie: SPG, Ore_curs: 3, Ore_lab: 2, Credit: 3, Teme: 4])
[68] : (dfcabbbdce -> [Nume: Elvira, Grupa: 316cd, Medie: 9.90, Varsta: 24])
[69] :
[70] : (bfdebabdfa -> [Materie: CN1, Ore_curs: 3, Ore_lab: 4, Credit: 3, Teme: 6]) (dafcccbfdb -> [Nume: Oneida, Grupa: 313ca, Medie: 6.70, Varsta: 29])
[71] : (eedaedbcad -> [Nume: Denna, Grupa: 311cf, Medie: 7.20, Varsta: 20])
[72] :
[73] : (afaefaebde -> [Materie: EComm, Ore_curs: 4, Ore_lab: 4, Credit: 3, Teme: 4])
[74] :
[75] :
[76] :
[77] : (cafdfcdeee -> [Materie: EGC, Ore_curs: 4, Ore_lab: 4, Credit: 2, Teme: 1])
[78] : (fdfcecdfed -> [Materie: Ghinion, Ore_curs: 3, Ore_lab: 3, Credit: 3, Teme: 4])
[79] : (eadefccbff -> [Materie: IOC, Ore_curs: 2, Ore_lab: 3, Credit: 3, Teme: 6])
Nu exista
[Nume: Linda, Grupa: 313ca, Medie: 7.90, Varsta: 23]
Nu exista
[0] : (fccecbdcdf -> [Materie: ML, Ore_curs: 3, Ore_lab: 1, Credit: 3, Teme: 1]) (beabbfecbe -> [Materie: IOC, Ore_curs: 3, Ore_lab: 1, Credit: 2, Teme: 4])
[1] :
[2] : (bbecdcfaef -> [Nume: Sonia, Grupa: 311ca, Medie: 7.20, Varsta: 22])
[3] : (cdbfdfdaff -> [Materie: EComm, Ore_curs: 3, Ore_lab: 4, Credit: 2, Teme: 2])
[4] :
[5] :
[6] :
[7] :
[8] : (bcbedacaff -> [Nume: Malena, Grupa: 314ce, Medie: 8.10, Varsta: 26])
[9] :
[10] : (decbcdfbcc -> [Materie: SO, Ore_curs: 3, Ore_lab: 4, Credit: 3, Teme: 5])
[11] :
[12] : (fcbcccedad -> [Nume: Cassie, Grupa: 318cd, Medie: 6.00, Varsta: 22])
[13] :
[14] : (fbefeddbbc -> [Nume: Johnette, Grupa: 313ce, Medie: 9.80, Varsta: 19])
[15] :
[16] : (fabdafdbab -> [Nume: Sierra, Grupa: 312ce, Medie: 9.20, Varsta: 18])
[17] : (cecaeeabda -> [Materie: Ghinion, Ore_curs: 4, Ore_lab: 3, Credit: 2, Teme: 2])
[18] :
[19] :
[20] :
[21] : (cadfbadbbc -> [Materie: Matematica3, Ore_curs: 3, Ore_lab: 5, Credit: 3, Teme: 5])
[22] :
[23] : (cdcfbbdffd -> [Nume: Bryce, Grupa: 313cd, Medie: 6.40, Varsta: 30]) (aeacfacfaa -> [Nume: Roxanne, Grupa: 313cb, Medie: 8.00, Varsta: 25])
[24] :
[25] :
[26] : (fbddfcdaeb -> [Materie: IOC, Ore_curs: 2, Ore_lab: 4, Credit: 2, Teme: 6])
[27] :
[28] : (dbabfeffad -> [Materie: ML, Ore_curs: 1, Ore_lab: 1, Credit: 3, Teme: 2]) (dbccffaadf -> [Nume: Usha, Grupa: 314ca, Medie: 6.50, Varsta: 20])
[29] : (afbafbefba -> [Nume: Felicita, Grupa: 312cb, Medie: 8.60, Varsta: 20])
[30] : (fdfcfdddbc -> [Nume: Jama, Grupa: 319cc, Medie: 7.40, Varsta: 28])
[31] : (cfdfdeecec -> [Materie: CPL, Ore_curs: 3, Ore_lab: 2, Credit: 2, Teme: 5])
[32] :
[33] : (caeceeddaa -> [Nume: Roxanne, Grupa: 317ca, Medie: 9.90, Varsta: 21])
[34] :
[35] :
[36] : (dbaadececb -> [Materie: ELTH, Ore_curs: 2, Ore_lab: 3, Credit: 2, Teme: 1])
[37] : (ebecdedbbd -> [Materie: CN1, Ore_curs: 3, Ore_lab: 3, Credit: 3, Teme: 3])
[38] : (dabeafcdfd -> [Materie: ELTH, Ore_curs: 4, Ore_lab: 3, Credit: 3, Teme: 5])
[39] :
[40] : (febfdcbade -> [Nume: Leora, Grupa: 315cd, Medie: 9.60, Varsta: 22])
[41] :
[42] : (bdbeccdbbd -> [Nume: Raylene, Grupa: 318cf, Medie: 6.60, Varsta: 30]) (daefdfffbe -> [Materie: PL, Ore_curs: 3, Ore_lab: 5, Credit: 3, Teme: 1])
[43] : (cddfecdadc -> [Nume: Celestine, Grupa: 313ca, Medie: 8.50, Varsta: 25])
[44] : (bebabeeeda -> [Materie: EComm, Ore_curs: 1, Ore_lab: 5, Credit: 2, Teme: 1]) (fcfecfdcab -> [Materie: CN1, Ore_curs: 1, Ore_lab: 5, Credit: 3, Teme: 5])
[45] : (edbcbcaded -> [Materie: Mizerie, Ore_curs: 3, Ore_lab: 2, Credit: 2, Teme: 5]) (adcafdafef -> [Materie: IOC, Ore_curs: 2, Ore_lab: 6, Credit: 3, Teme: 3]) (adabbdcdde -> [Materie: TS, Ore_curs: 2, Ore_lab: 4, Credit: 3, Teme: 3])
[46] : (dedbbefeae -> [Nume: Oneida, Grupa: 320cd, Medie: 6.00, Varsta: 24]) (fbabaeecaa -> [Nume: Felicita, Grupa: 318cf, Medie: 6.90, Varsta: 20]) (fbcadfcfcb -> [Nume: Leola, Grupa: 320ce, Medie: 7.10, Varsta: 21])
[47] :
[48] : (ddabbcbcce -> [Materie: IOC, Ore_curs: 4, Ore_lab: 4, Credit: 2, Teme: 3]) (dfdbcdcdbe -> [Nume: Linda, Grupa: 313ca, Medie: 7.90, Varsta: 23])
[49] :
[50] : (bbaaafcefd -> [Materie: PL, Ore_curs: 2, Ore_lab: 6, Credit: 2, Teme: 5])
[51] :
[52] :
[53] : (cefdbbfffa -> [Materie: PA, Ore_curs: 2, Ore_lab: 1, Credit: 2, Teme: 6])
[54] : (ffccefdcca -> [Nume: Oneida, Grupa: 319cd, Medie: 7.90, Varsta: 28])
[55] : (eafedabebe -> [Nume: Erwin, Grupa: 319cb, Medie: 6.30, Varsta: 23]) (eabebcbbbd -> [Nume: Roxanne, Grupa: 315cf, Medie: 7.00, Varsta: 24])
[56] :
[57] :
[58] :
[59] :
[60] : (badefaaeee -> [Nume: Sonia, Grupa: 319cf, Medie: 7.30, Varsta: 20])
[61] : (caffcbdcba -> [Materie: Mizerie, Ore_curs: 4, Ore_lab: 4, Credit: 2, Teme: 1]) (edbecdeaaa -> [Nume: Erwin, Grupa: 320ce, Medie: 10.00, Varsta: 30])
[62] :
[63] :
[64] :
[65] :
[66] : (deadeddcfb -> [Nume: Leola, Grupa: 320cd, Medie: 8.50, Varsta: 20]) (fbffcaaeef -> [Nume: Sonia, Grupa: 311cc, Medie: 9.30, Varsta: 25])
[67] : (aedcddcdbe -> [Materie: SPG, Ore_curs: 3, Ore_lab: 2, Credit: 3, Teme: 4])
[68] : (dfcabbbdce -> [Nume: Elvira, Grupa: 316cd, Medie: 9.90, Varsta: 24])
[69] :
[70] : (bfdebabdfa -> [Materie: CN1, Ore_curs: 3, Ore_lab: 4, Credit: 3, Teme: 6]) (dafcccbfdb -> [Nume: Oneida, Grupa: 313ca, Medie: 6.70, Varsta: 29])
[71] : (eedaedbcad -> [Nume: Denna, Grupa: 311cf, Medie: 7.20, Varsta: 20])
[72] :
[73] : (afaefaebde -> [Materie: EComm, Ore_curs: 4, Ore_lab: 4, Credit: 3, Teme: 4])
[74] :
[75] :
[76] :
[77] : (cafdfcdeee -> [Materie: EGC, Ore_curs: 4, Ore_lab: 4, Credit: 2, Teme: 1])
[78] : (fdfcecdfed -> [Materie: Ghinion, Ore_curs: 3, Ore_lab: 3, Credit: 3, Teme: 4])
[79] : (eadefccbff -> [Materie: IOC, Ore_curs: 2, Ore_lab: 3, Credit: 3, Teme: 6])
[0] : (fccecbdcdf -> [Materie: ML, Ore_curs: 3, Ore_lab: 1, Credit: 3, Teme: 1]) (beabbfecbe -> [Materie: IOC, Ore_curs: 3, Ore_lab: 1, Credit: 2, Teme: 4])
[1] :
[2] : (bbecdcfaef -> [Nume: Sonia, Grupa: 311ca, Medie: 7.20, Varsta: 22])
[3] : (cdbfdfdaff -> [Materie: EComm, Ore_curs: 3, Ore_lab: 4, Credit: 2, Teme: 2])
[4] :
[5] :
[6] :
[7] :
[8] : (bcbedacaff -> [Nume: Malena, Grupa: 314ce, Medie: 8.10, Varsta: 26])
[9] :
[10] : (decbcdfbcc -> [Materie: SO, Ore_curs: 3, Ore_lab: 4, Credit: 3, Teme: 5])
[11] :
[12] : (fcbcccedad -> [Nume: Cassie, Grupa: 318cd, Medie: 6.00, Varsta: 22])
[13] :
[14] : (fbefeddbbc -> [Nume: Johnette, Grupa: 313ce, Medie: 9.80, Varsta: 19])
[15] :
[16] : (fabdafdbab -> [Nume: Sierra, Grupa: 312ce, Medie: 9.20, Varsta: 18])
[17] : (cecaeeabda -> [Materie: Ghinion, Ore_curs: 4, Ore_lab: 3, Credit: 2, Teme: 2])
[18] :
[19] :
[20] :
[21] : (cadfbadbbc -> [Materie: Matematica3, Ore_curs: 3, Ore_lab: 5, Credit: 3, Teme: 5])
[22] :
[23] : (cdcfbbdffd -> [Nume: Bryce, Grupa: 313cd, Medie: 6.40, Varsta: 30]) (aeacfacfaa -> [Nume: Roxanne, Grupa: 313cb, Medie: 8.00, Varsta: 25])
[24] :
[25] :
[26] : (fbddfcdaeb -> [Materie: IOC, Ore_curs: 2, Ore_lab: 4, Credit: 2, Teme: 6])
[27] :
[28] : (dbabfeffad -> [Materie: ML, Ore_curs: 1, Ore_lab: 1, Credit: 3, Teme: 2]) (dbccffaadf -> [Nume: Usha, Grupa: 314ca, Medie: 6.50, Varsta: 20])
[29] : (afbafbefba -> [Nume: Felicita, Grupa: 312cb, Medie: 8.60, Varsta: 20])
[30] : (fdfcfdddbc -> [Nume: Jama, Grupa: 319cc, Medie: 7.40, Varsta: 28])
[31] : (cfdfdeecec -> [Materie: CPL, Ore_curs: 3, Ore_lab: 2, Credit: 2, Teme: 5])
[32] :
[33] : (caeceeddaa -> [Nume: Roxanne, Grupa: 317ca, Medie: 9.90, Varsta: 21])
[34] :
[35] :
[36] : (dbaadececb -> [Materie: ELTH, Ore_curs: 2, Ore_lab: 3, Credit: 2, Teme: 1])
[37] : (ebecdedbbd -> [Materie: CN1, Ore_curs: 3, Ore_lab: 3, Credit: 3, Teme: 3])
[38] : (dabeafcdfd -> [Materie: ELTH, Ore_curs: 4, Ore_lab: 3, Credit: 3, Teme: 5])
[39] :
[40] : (febfdcbade -> [Nume: Leora, Grupa: 315cd, Medie: 9.60, Varsta: 22])
[41] :
[42] : (bdbeccdbbd -> [Nume: Raylene, Grupa: 318cf, Medie: 6.60, Varsta: 30]) (daefdfffbe -> [Materie: PL, Ore_curs: 3, Ore_lab: 5, Credit: 3, Teme: 1])
[43] : (cddfecdadc -> [Nume: Celestine, Grupa: 313ca, Medie: 8.50, Varsta: 25])
[44] : (bebabeeeda -> [Materie: EComm, Ore_curs: 1, Ore_lab: 5, Credit: 2, Teme: 1]) (fcfecfdcab -> [Materie: CN1, Ore_curs: 1, Ore_lab: 5, Credit: 3, Teme: 5])
[45] : (edbcbcaded -> [Materie: Mizerie, Ore_curs: 3, Ore_lab: 2, Credit: 2, Teme: 5]) (adcafdafef -> [Materie: IOC, Ore_curs: 2, Ore_lab: 6, Credit: 3, Teme: 3]) (adabbdcdde -> [Materie: TS, Ore_curs: 2, Ore_lab: 4, Credit: 3, Teme: 3])
[46] : (dedbbefeae -> [Nume: Oneida, Grupa: 320cd, Medie: 6.00, Varsta: 24]) (fbabaeecaa -> [Nume: Felicita, Grupa: 318cf, Medie: 6.90, Varsta: 20]) (fbcadfcfcb -> [Nume: Leola, Grupa: 320ce, Medie: 7.10, Varsta: 21])
[47] :
[48] : (ddabbcbcce -> [Materie: IOC, Ore_curs: 4, Ore_lab: 4, Credit: 2, Teme: 3]) (dfdbcdcdbe -> [Nume: Linda, Grupa: 313ca, Medie: 7.90, Varsta: 23])
[49] :
[50] : (bbaaafcefd -> [Materie: PL, Ore_curs: 2, Ore_lab: 6, Credit: 2, Teme: 5])
[51] :
[52] :
[53] : (cefdbbfffa -> [Materie: PA, Ore_curs: 2, Ore_lab: 1, Credit: 2, Teme: 6])
[54] : (ffccefdcca -> [Nume: Oneida, Grupa: 319cd, Medie: 7.90, Varsta: 28])
[55] : (eafedabebe -> [Nume: Erwin, Grupa: 319cb, Medie: 6.30, Varsta: 23]) (eabebcbbbd -> [Nume: Roxanne, Grupa: 315cf, Medie: 7.00, Varsta: 24])
[56] :
[57] :
[58] :
[59] :
[60] : (badefaaeee -> [Nume: Sonia, Grupa: 319cf, Medie: 7.30, Varsta: 20])
[61] : (caffcbdcba -> [Materie: Mizerie, Ore_curs: 4, Ore_lab: 4, Credit: 2, Teme: 1]) (edbecdeaaa -> [Nume: Erwin, Grupa: 320ce, Medie: 10.00, Varsta: 30])
[62] :
[63] :
[64] :
[65] :
[66] : (deadeddcfb -> [Nume: Leola, Grupa: 320cd, Medie: 8.50, Varsta: 20]) (fbffcaaeef -> [Nume: Sonia, Grupa: 311cc, Medie: 9.30, Varsta: 25])
[67] : (aedcddcdbe -> [Materie: SPG, Ore_curs: 3, Ore_lab: 2, Credit: 3, Teme: 4])
[68] : (dfcabbbdce -> [Nume: Elvira, Grupa: 316cd, Medie: 9.90, Varsta: 24])
[69] :
[70] : (bfdebabdfa -> [Materie: CN1, Ore_curs: 3, Ore_lab: 4, Credit: 3, Teme: 6]) (dafcccbfdb -> [Nume: Oneida, Grupa: 313ca, Medie: 6.70, Varsta: 29])
[71] : (eedaedbcad -> [Nume: Denna, Grupa: 311cf, Medie: 7.20, Varsta: 20])
[72] :
[73] : (afaefaebde -> [Materie: EComm, Ore_curs: 4, Ore_lab: 4, Credit: 3, Teme: 4])
[74] :
[75] :
[76] :
[77] : (cafdfcdeee -> [Materie: EGC, Ore_curs: 4, Ore_lab: 4, Credit: 2, Teme: 1])
[78] : (fdfcecdfed -> [Materie: Ghinion, Ore_curs: 3, Ore_lab: 3, Credit: 3, Teme: 4])
[79] : (eadefccbff -> [Materie: IOC, Ore_curs: 2, Ore_lab: 3, Credit: 3, Teme: 6])
Nu exista
[0] : (fccecbdcdf -> [Materie: ML, Ore_curs: 3, Ore_lab: 1, Credit: 3, Teme: 1]) (beabbfecbe -> [Materie: IOC, Ore_curs: 3, Ore_lab: 1, Credit: 2, Teme: 4])
[1] :
[2] : (bbecdcfaef -> [Nume: Sonia, Grupa: 311ca, Medie: 7.20, Varsta: 22])
[3] : (cdbfdfdaff -> [Materie: EComm, Ore_curs: 3, Ore_lab: 4, Credit: 2, Teme: 2])
[4] :
[5] :
[6] :
[7] :
[8] : (bcbedacaff -> [Nume: Malena, Grupa: 314ce, Medie: 8.10, Varsta: 26])
[9] :
[10] : (decbcdfbcc -> [Materie: SO, Ore_curs: 3, Ore_lab: 4, Credit: 3, Teme: 5])
[11] :
[12] : (fcbcccedad -> [Nume: Cassie, Grupa: 318cd, Medie: 6.00, Varsta: 22])
[13] :
[14] : (fbefeddbbc -> [Nume: Johnette, Grupa: 313ce, Medie: 9.80, Varsta: 19])
[15] :
[16] : (fabdafdbab -> [Nume: Sierra, Grupa: 312ce, Medie: 9.20, Varsta: 18])
[17] : (cecaeeabda -> [Materie: Ghinion, Ore_curs: 4, Ore_lab: 3, Credit: 2, Teme: 2])
[18] :
[19] :
[20] :
[21] : (cadfbadbbc -> [Materie: Matematica3, Ore_curs: 3, Ore_lab: 5, Credit: 3, Teme: 5])
[22] :
[23] : (cdcfbbdffd -> [Nume: Bryce, Grupa: 313cd, Medie: 6.40, Varsta: 30]) (aeacfacfaa -> [Nume: Roxanne, Grupa: 313cb, Medie: 8.00, Varsta: 25])
[24] :
[25] :
[26] : (fbddfcdaeb -> [Materie: IOC, Ore_curs: 2, Ore_lab: 4, Credit: 2, Teme: 6])
[27] :
[28] : (dbabfeffad -> [Materie: ML, Ore_curs: 1, Ore_lab: 1, Credit: 3, Teme: 2]) (dbccffaadf -> [Nume: Usha, Grupa: 314ca, Medie: 6.50, Varsta: 20])
[29] : (afbafbefba -> [Nume: Felicita, Grupa: 312cb, Medie: 8.60, Varsta: 20])
[30] : (fdfcfdddbc -> [Nume: Jama, Grupa: 319cc, Medie: 7.40, Varsta: 28])
[31] : (cfdfdeecec -> [Materie: CPL, Ore_curs: 3, Ore_lab: 2, Credit: 2, Teme: 5])
[32] :
[33] : (caeceeddaa -> [Nume: Roxanne, Grupa: 317ca, Medie: 9.90, Varsta: 21])
[34] :
[35] :
[36] : (dbaadececb -> [Materie: ELTH, Ore_curs: 2, Ore_lab: 3, Credit: 2, Teme: 1])
[37] : (ebecdedbbd -> [Materie: CN1, Ore_curs: 3, Ore_lab: 3, Credit: 3, Teme: 3])
[38] : (dabeafcdfd -> [Materie: ELTH, Ore_curs: 4, Ore_lab: 3, Credit: 3, Teme: 5])
[39] :
[40] : (febfdcbade -> [Nume: Leora, Grupa: 315cd, Medie: 9.60, Varsta: 22]) (ddcbdcffee -> [Materie: EGC, Ore_curs: 4, Ore_lab: 5, Credit: 2, Teme: 5])
[41] :
[42] : (bdbeccdbbd -> [Nume: Raylene, Grupa: 318cf, Medie: 6.60, Varsta: 30]) (daefdfffbe -> [Materie: PL, Ore_curs: 3, Ore_lab: 5, Credit: 3, Teme: 1])
[43] : (cddfecdadc -> [Nume: Celestine, Grupa: 313ca, Medie: 8.50, Varsta: 25])
[44] : (bebabeeeda -> [Materie: EComm, Ore_curs: 1, Ore_lab: 5, Credit: 2, Teme: 1]) (fcfecfdcab -> [Materie: CN1, Ore_curs: 1, Ore_lab: 5, Credit: 3, Teme: 5])
[45] : (edbcbcaded -> [Materie: Mizerie, Ore_curs: 3, Ore_lab: 2, Credit: 2, Teme: 5]) (adcafdafef -> [Materie: IOC, Ore_curs: 2, Ore_lab: 6, Credit: 3, Teme: 3]) (adabbdcdde -> [Materie: TS, Ore_curs: 2, Ore_lab: 4, Credit: 3, Teme: 3])
[46] : (dedbbefeae -> [Nume: Oneida, Grupa: 320cd, Medie: 6.00, Varsta: 24]) (fbabaeecaa -> [Nume: Felicita, Grupa: 318cf, Medie: 6.90, Varsta: 20]) (fbcadfcfcb -> [Nume: Leola, Grupa: 320ce, Medie: 7.10, Varsta: 21])
[47] :
[48] : (ddabbcbcce -> [Materie: IOC, Ore_curs: 4, Ore_lab: 4, Credit: 2, Teme: 3]) (dfdbcdcdbe -> [Nume: Linda, Grupa: 313ca, Medie: 7.90, Varsta: 23])
[49] :
[50] : (bbaaafcefd -> [Materie: PL, Ore_curs: 2, Ore_lab: 6, Credit: 2, Teme: 5])
[51] :
[52] :
[53] : (cefdbbfffa -> [Materie: PA, Ore_curs: 2, Ore_lab: 1, Credit: 2, Teme: 6])
[54] : (ffccefdcca -> [Nume: Oneida, Grupa: 319cd, Medie: 7.90, Varsta: 28])
[55] : (eafedabebe -> [Nume: Erwin, Grupa: 319cb, Medie: 6.30, Varsta: 23]) (eabebcbbbd -> [Nume: Roxanne, Grupa: 315cf, Medie: 7.00, Varsta: 24])
[56] :
[57] :
[58] :
[59] :
[60] : (badefaaeee -> [Nume: Sonia, Grupa: 319cf, Medie: 7.30, Varsta: 20])
[61] : (caffcbdcba -> [Materie: Mizerie, Ore_curs: 4, Ore_lab: 4, Credit: 2, Teme: 1]) (edbecdeaaa -> [Nume: Erwin, Grupa: 320ce, Medie: 10.00, Varsta: 30])
[62] :
[63] :
[64] :
[65] :
[66] : (deadeddcfb -> [Nume: Leola, Grupa: 320cd, Medie: 8.50, Varsta: 20]) (fbffcaaeef -> [Nume: Sonia, Grupa: 311cc, Medie: 9.30, Varsta: 25])
[67] : (aedcddcdbe -> [Materie: SPG, Ore_curs: 3, Ore_lab: 2, Credit: 3, Teme: 4])
[68] : (dfcabbbdce -> [Nume: Elvira, Grupa: 316cd, Medie: 9.90, Varsta: 24])
[69] :
[70] : (bfdebabdfa -> [Materie: CN1, Ore_curs: 3, Ore_lab: 4, Credit: 3, Teme: 6]) (dafcccbfdb -> [Nume: Oneida, Grupa: 313ca, Medie: 6.70, Varsta: 29])
[71] : (eedaedbcad -> [Nume: Denna, Grupa: 311cf, Medie: 7.20, Varsta: 20])
[72] :
[73] : (afaefaebde -> [Materie: EComm, Ore_curs: 4, Ore_lab: 4, Credit: 3, Teme: 4])
[74] :
[75] :
[76] :
[77] : (cafdfcdeee -> [Materie: EGC, Ore_curs: 4, Ore_lab: 4, Credit: 2, Teme: 1])
[78] : (fdfcecdfed -> [Materie: Ghinion, Ore_curs: 3, Ore_lab: 3, Credit: 3, Teme: 4])
[79] : (eadefccbff -> [Materie: IOC, Ore_curs: 2, Ore_lab: 3, Credit: 3, Teme: 6])
Nu exista
[Nume: Leola, Grupa: 320cd, Medie: 8.50, Varsta: 20]
[Nume: Bryce, Grupa: 313cd, Medie: 6.40, Varsta: 30]
[Materie: EComm, Ore_curs: 4, Ore_lab: 4, Credit: 3, Teme: 4]
[Nume: Denna, Grupa: 311cf, Medie: 7.20, Varsta: 20]
Nu exista
Nu exista
[0] : (fccecbdcdf -> [Materie: ML, Ore_curs: 3, Ore_lab: 1, Credit: 3, Teme: 1]) (beabbfecbe -> [Materie: IOC, Ore_curs: 3, Ore_lab: 1, Credit: 2, Teme: 4])
[1] : (ceadbbedfe -> [Nume: Angelique, Grupa: 317cc, Medie: 8.60, Varsta: 28])
[2] : (bbecdcfaef -> [Nume: Sonia, Grupa: 311ca, Medie: 7.20, Varsta: 22])
[3] : (cdbfdfdaff -> [Materie: EComm, Ore_curs: 3, Ore_lab: 4, Credit: 2, Teme: 2])
[4] :
[5] :
[6] :
[7] :
[8] : (bcbedacaff -> [Nume: Malena, Grupa: 314ce, Medie: 8.10, Varsta: 26])
[9] :
[10] : (decbcdfbcc -> [Materie: SO, Ore_curs: 3, Ore_lab: 4, Credit: 3, Teme: 5])
[11] : (acafbfdeba -> [Materie: MN, Ore_curs: 2, Ore_lab: 4, Credit: 3, Teme: 2])
[12] : (fcbcccedad -> [Nume: Cassie, Grupa: 318cd, Medie: 6.00, Varsta: 22])
[13] :
[14] : (dedddaedda -> [Materie: CN1, Ore_curs: 4, Ore_lab: 5, Credit: 2, Teme: 2])
[15] :
[16] : (fabdafdbab -> [Nume: Sierra, Grupa: 312ce, Medie: 9.20, Varsta: 18]) (baecfbfaed -> [Materie: FIZICA, Ore_curs: 3, Ore_lab: 6, Credit: 3, Teme: 3])
[17] : (cecaeeabda -> [Materie: Ghinion, Ore_curs: 4, Ore_lab: 3, Credit: 2, Teme: 2])
[18] :
[19] :
[20] :
[21] : (cadfbadbbc -> [Materie: Matematica3, Ore_curs: 3, Ore_lab: 5, Credit: 3, Teme: 5])
[22] :
[23] : (cdcfbbdffd -> [Nume: Bryce, Grupa: 313cd, Medie: 6.40, Varsta: 30]) (aeacfacfaa -> [Nume: Roxanne, Grupa: 313cb, Medie: 8.00, Varsta: 25])
[24] :
[25] :
[26] : (fbddfcdaeb -> [Materie: IOC, Ore_curs: 2, Ore_lab: 4, Credit: 2, Teme: 6])
[27] :
[28] : (dbccffaadf -> [Nume: Usha, Grupa: 314ca, Medie: 6.50, Varsta: 20])
[29] : (afbafbefba -> [Nume: Felicita, Grupa: 312cb, Medie: 8.60, Varsta: 20])
[30] : (fdfcfdddbc -> [Nume: Jama, Grupa: 319cc, Medie: 7.40, Varsta: 28])
[31] : (cfdfdeecec -> [Materie: CPL, Ore_curs: 3, Ore_lab: 2, Credit: 2, Teme: 5])
[32] :
[33] : (caeceeddaa -> [Nume: Roxanne, Grupa: 317ca, Medie: 9.90, Varsta: 21])
[34] :
[35] :
[36] : (dbaadececb -> [Materie: ELTH, Ore_curs: 2, Ore_lab: 3, Credit: 2, Teme: 1])
[37] : (ebecdedbbd -> [Materie: CN1, Ore_curs: 3, Ore_lab: 3, Credit: 3, Teme: 3])
[38] : (dabeafcdfd -> [Materie: ELTH, Ore_curs: 4, Ore_lab: 3, Credit: 3, Teme: 5])
[39] :
[40] : (febfdcbade -> [Nume: Leora, Grupa: 315cd, Medie: 9.60, Varsta: 22]) (ddcbdcffee -> [Materie: EGC, Ore_curs: 4, Ore_lab: 5, Credit: 2, Teme: 5])
[41] :
[42] : (bdbeccdbbd -> [Nume: Raylene, Grupa: 318cf, Medie: 6.60, Varsta: 30]) (daefdfffbe -> [Materie: PL, Ore_curs: 3, Ore_lab: 5, Credit: 3, Teme: 1])
[43] : (cddfecdadc -> [Nume: Celestine, Grupa: 313ca, Medie: 8.50, Varsta: 25])
[44] : (bebabeeeda -> [Materie: EComm, Ore_curs: 1, Ore_lab: 5, Credit: 2, Teme: 1]) (fcfecfdcab -> [Materie: CN1, Ore_curs: 1, Ore_lab: 5, Credit: 3, Teme: 5])
[45] : (edbcbcaded -> [Materie: Mizerie, Ore_curs: 3, Ore_lab: 2, Credit: 2, Teme: 5]) (adcafdafef -> [Materie: IOC, Ore_curs: 2, Ore_lab: 6, Credit: 3, Teme: 3]) (adabbdcdde -> [Materie: TS, Ore_curs: 2, Ore_lab: 4, Credit: 3, Teme: 3])
[46] : (dedbbefeae -> [Nume: Oneida, Grupa: 320cd, Medie: 6.00, Varsta: 24]) (fbabaeecaa -> [Nume: Felicita, Grupa: 318cf, Medie: 6.90, Varsta: 20]) (fbcadfcfcb -> [Nume: Leola, Grupa: 320ce, Medie: 7.10, Varsta: 21])
[47] :
[48] : (ddabbcbcce -> [Materie: IOC, Ore_curs: 4, Ore_lab: 4, Credit: 2, Teme: 3]) (dfdbcdcdbe -> [Nume: Linda, Grupa: 313ca, Medie: 7.90, Varsta: 23])
[49] :
[50] :
[51] :
[52] :
[53] : (cefdbbfffa -> [Materie: PA, Ore_curs: 2, Ore_lab: 1, Credit: 2, Teme: 6])
[54] : (ffccefdcca -> [Nume: Oneida, Grupa: 319cd, Medie: 7.90, Varsta: 28])
[55] : (eafedabebe -> [Nume: Erwin, Grupa: 319cb, Medie: 6.30, Varsta: 23]) (eabebcbbbd -> [Nume: Roxanne, Grupa: 315cf, Medie: 7.00, Varsta: 24])
[56] :
[57] :
[58] :
[59] :
[60] : (badefaaeee -> [Nume: Sonia, Grupa: 319cf, Medie: 7.30, Varsta: 20])
[61] : (caffcbdcba -> [Materie: Mizerie, Ore_curs: 4, Ore_lab: 4, Credit: 2, Teme: 1]) (edbecdeaaa -> [Nume: Erwin, Grupa: 320ce, Medie: 10.00, Varsta: 30])
[62] :
[63] :
[64] :
[65] :
[66] : (deadeddcfb -> [Nume: Leola, Grupa: 320cd, Medie: 8.50, Varsta: 20]) (fbffcaaeef -> [Nume: Sonia, Grupa: 311cc, Medie: 9.30, Varsta: 25])
[67] : (aedcddcdbe -> [Materie: SPG, Ore_curs: 3, Ore_lab: 2, Credit: 3, Teme: 4])
[68] : (dfcabbbdce -> [Nume: Elvira, Grupa: 316cd, Medie: 9.90, Varsta: 24])
[69] :
[70] : (bfdebabdfa -> [Materie: CN1, Ore_curs: 3, Ore_lab: 4, Credit: 3, Teme: 6]) (dafcccbfdb -> [Nume: Oneida, Grupa: 313ca, Medie: 6.70, Varsta: 29])
[71] : (eedaedbcad -> [Nume: Denna, Grupa: 311cf, Medie: 7.20, Varsta: 20])
[72] :
[73] : (afaefaebde -> [Materie: EComm, Ore_curs: 4, Ore_lab: 4, Credit: 3, Teme: 4])
[74] :
[75] :
[76] :
[77] : (cafdfcdeee -> [Materie: EGC, Ore_curs: 4, Ore_lab: 4, Credit: 2, Teme: 1])
[78] :
[79] : (eadefccbff -> [Materie: IOC, Ore_curs: 2, Ore_lab: 3, Credit: 3, Teme: 6])
Nu exista
[0] : (fccecbdcdf -> [Materie: ML, Ore_curs: 3, Ore_lab: 1, Credit: 3, Teme: 1]) (beabbfecbe -> [Materie: IOC, Ore_curs: 3, Ore_lab: 1, Credit: 2, Teme: 4])
[1] : (ceadbbedfe -> [Nume: Angelique, Grupa: 317cc, Medie: 8.60, Varsta: 28])
[2] : (bbecdcfaef -> [Nume: Sonia, Grupa: 311ca, Medie: 7.20, Varsta: 22])
[3] : (cdbfdfdaff -> [Materie: EComm, Ore_curs: 3, Ore_lab: 4, Credit: 2, Teme: 2])
[4] :
[5] :
[6] :
[7] :
[8] : (bcbedacaff -> [Nume: Malena, Grupa: 314ce, Medie: 8.10, Varsta: 26])
[9] :
[10] : (decbcdfbcc -> [Materie: SO, Ore_curs: 3, Ore_lab: 4, Credit: 3, Teme: 5])
[11] : (acafbfdeba -> [Materie: MN, Ore_curs: 2, Ore_lab: 4, Credit: 3, Teme: 2])
[12] : (fcbcccedad -> [Nume: Cassie, Grupa: 318cd, Medie: 6.00, Varsta: 22])
[13] :
[14] : (dedddaedda -> [Materie: CN1, Ore_curs: 4, Ore_lab: 5, Credit: 2, Teme: 2])
[15] :
[16] : (fabdafdbab -> [Nume: Sierra, Grupa: 312ce, Medie: 9.20, Varsta: 18]) (baecfbfaed -> [Materie: FIZICA, Ore_curs: 3, Ore_lab: 6, Credit: 3, Teme: 3])
[17] : (cecaeeabda -> [Materie: Ghinion, Ore_curs: 4, Ore_lab: 3, Credit: 2, Teme: 2])
[18] :
[19] :
[20] :
[21] : (cadfbadbbc -> [Materie: Matematica3, Ore_curs: 3, Ore_lab: 5, Credit: 3, Teme: 5])
[22] :
[23] : (cdcfbbdffd -> [Nume: Bryce, Grupa: 313cd, Medie: 6.40, Varsta: 30]) (aeacfacfaa -> [Nume: Roxanne, Grupa: 313cb, Medie: 8.00, Varsta: 25])
[24] :
[25] :
[26] : (fbddfcdaeb -> [Materie: IOC, Ore_curs: 2, Ore_lab: 4, Credit: 2, Teme: 6])
[27] :
[28] : (dbccffaadf -> [Nume: Usha, Grupa: 314ca, Medie: 6.50, Varsta: 20])
[29] : (afbafbefba -> [Nume: Felicita, Grupa: 312cb, Medie: 8.60, Varsta: 20])
[30] : (fdfcfdddbc -> [Nume: Jama, Grupa: 319cc, Medie: 7.40, Varsta: 28])
[31] : (cfdfdeecec -> [Materie: CPL, Ore_curs: 3, Ore_lab: 2, Credit: 2, Teme: 5])
[32] :
[33] : (caeceeddaa -> [Nume: Roxanne, Grupa: 317ca, Medie: 9.90, Varsta: 21])
[34] :
[35] :
[36] : (dbaadececb -> [Materie: ELTH, Ore_curs: 2, Ore_lab: 3, Credit: 2, Teme: 1])
[37] : (ebecdedbbd -> [Materie: CN1, Ore_curs: 3, Ore_lab: 3, Credit: 3, Teme: 3])
[38] : (dabeafcdfd -> [Materie: ELTH, Ore_curs: 4, Ore_lab: 3, Credit: 3, Teme: 5])
[39] :
[40] : (febfdcbade -> [Nume: Leora, Grupa: 315cd, Medie: 9.60, Varsta: 22]) (ddcbdcffee -> [Materie: EGC, Ore_curs: 4, Ore_lab: 5, Credit: 2, Teme: 5])
[41] :
[42] : (bdbeccdbbd -> [Nume: Raylene, Grupa: 318cf, Medie: 6.60, Varsta: 30]) (daefdfffbe -> [Materie: PL, Ore_curs: 3, Ore_lab: 5, Credit: 3, Teme: 1])
[43] : (cddfecdadc -> [Nume: Celestine, Grupa: 313ca, Medie: 8.50, Varsta: 25])
[44] : (bebabeeeda -> [Materie: EComm, Ore_curs: 1, Ore_lab: 5, Credit: 2, Teme: 1]) (fcfecfdcab -> [Materie: CN1, Ore_curs: 1, Ore_lab: 5, Credit: 3, Teme: 5])
[45] : (edbcbcaded -> [Materie: Mizerie, Ore_curs: 3, Ore_lab: 2, Credit: 2, Teme: 5]) (adcafdafef -> [Materie: IOC, Ore_curs: 2, Ore_lab: 6, Credit: 3, Teme: 3]) (adabbdcdde -> [Materie: TS, Ore_curs: 2, Ore_lab: 4, Credit: 3, Teme: 3])
[46] : (dedbbefeae -> [Nume: Oneida, Grupa: 320cd, Medie: 6.00, Varsta: 24]) (fbabaeecaa -> [Nume: Felicita, Grupa: 318cf, Medie: 6.90, Varsta: 20]) (fbcadfcfcb -> [Nume: Leola, Grupa: 320ce, Medie: 7.10, Varsta: 21])
[47] :
[48] : (ddabbcbcce -> [Materie: IOC, Ore_curs: 4, Ore_lab: 4, Credit: 2, Teme: 3]) (dfdbcdcdbe -> [Nume: Linda, Grupa: 313ca, Medie: 7.90, Varsta: 23])
[49] :
[50] :
[51] :
[52] :
[53] : (cefdbbfffa -> [Materie: PA, Ore_curs: 2, Ore_lab: 1, Credit: 2, Teme: 6])
[54] : (ffccefdcca -> [Nume: Oneida, Grupa: 319cd, Medie: 7.90, Varsta: 28])
[55] : (eafedabebe -> [Nume: Erwin, Grupa: 319cb, Medie: 6.30, Varsta: 23]) (eabebcbbbd -> [Nume: Roxanne, Grupa: 315cf, Medie: 7.00, Varsta: 24])
[56] :
[57] :
[58] :
[59] :
[60] : (badefaaeee -> [Nume: Sonia, Grupa: 319cf, Medie: 7.30, Varsta: 20])
[61] : (caffcbdcba -> [Materie: Mizerie, Ore_curs: 4, Ore_lab: 4, Credit: 2, Teme: 1]) (edbecdeaaa -> [Nume: Erwin, Grupa: 320ce, Medie: 10.00, Varsta: 30])
[62] :
[63] :
[64] :
[65] :
[66] : (deadeddcfb -> [Nume: Leola, Grupa: 320cd, Medie: 8.50, Varsta: 20]) (fbffcaaeef -> [Nume: Sonia, Grupa: 311cc, Medie: 9.30, Varsta: 25])
[67] : (aedcddcdbe -> [Materie: SPG, Ore_curs: 3, Ore_lab: 2, Credit: 3, Teme: 4])
[68] : (dfcabbbdce -> [Nume: Elvira, Grupa: 316cd, Medie: 9.90, Varsta: 24])
[69] :
[70] : (bfdebabdfa -> [Materie: CN1, Ore_curs: 3, Ore_lab: 4, Credit: 3, Teme: 6]) (dafcccbfdb -> [Nume: Oneida, Grupa: 313ca, Medie: 6.70, Varsta: 29])
[71] : (eedaedbcad -> [Nume: Denna, Grupa: 311cf, Medie: 7.20, Varsta: 20])
[72] :
[73] : (afaefaebde -> [Materie: EComm, Ore_curs: 4, Ore_lab: 4, Credit: 3, Teme: 4])
[74] :
[75] :
[76] :
[77] : (cafdfcdeee -> [Materie: EGC, Ore_curs: 4, Ore_lab: 4, Credit: 2, Teme: 1])
[78] :
[79] : (eadefccbff -> [Materie: IOC, Ore_curs: 2, Ore_lab: 3, Credit: 3, Teme: 6])
[Nume: Sonia, Grupa: 311cc, Medie: 9.30, Varsta: 25]
[0] : (fccecbdcdf -> [Materie: ML, Ore_curs: 3, Ore_lab: 1, Credit: 3, Teme: 1]) (beabbfecbe -> [Materie: IOC, Ore_curs: 3, Ore_lab: 1, Credit: 2, Teme: 4])
[1] : (ceadbbedfe -> [Nume: Angelique, Grupa: 317cc, Medie: 8.60, Varsta: 28])
[2] : (bbecdcfaef -> [Nume: Sonia, Grupa: 311ca, Medie: 7.20, Varsta: 22])
[3] : (cdbfdfdaff -> [Materie: EComm, Ore_curs: 3, Ore_lab: 4, Credit: 2, Teme: 2])
[4] :
[5] :
[6] :
[7] :
[8] : (bcbedacaff -> [Nume: Malena, Grupa: 314ce, Medie: 8.10, Varsta: 26])
[9] :
[10] : (decbcdfbcc -> [Materie: SO, Ore_curs: 3, Ore_lab: 4, Credit: 3, Teme: 5])
[11] : (acafbfdeba -> [Materie: MN, Ore_curs: 2, Ore_lab: 4, Credit: 3, Teme: 2])
[12] : (fcbcccedad -> [Nume: Cassie, Grupa: 318cd, Medie: 6.00, Varsta: 22])
[13] :
[14] : (dedddaedda -> [Materie: CN1, Ore_curs: 4, Ore_lab: 5, Credit: 2, Teme: 2])
[15] :
[16] : (fabdafdbab -> [Nume: Sierra, Grupa: 312ce, Medie: 9.20, Varsta: 18]) (baecfbfaed -> [Materie: FIZICA, Ore_curs: 3, Ore_lab: 6, Credit: 3, Teme: 3])
[17] : (cecaeeabda -> [Materie: Ghinion, Ore_curs: 4, Ore_lab: 3, Credit: 2, Teme: 2])
[18] :
[19] :
[20] :
[21] : (cadfbadbbc -> [Materie: Matematica3, Ore_curs: 3, Ore_lab: 5, Credit: 3, Teme: 5])
[22] :
[23] : (cdcfbbdffd -> [Nume: Bryce, Grupa: 313cd, Medie: 6.40, Varsta: 30]) (aeacfacfaa -> [Nume: Roxanne, Grupa: 313cb, Medie: 8.00, Varsta: 25])
[24] :
[25] :
[26] : (fbddfcdaeb -> [Materie: IOC, Ore_curs: 2, Ore_lab: 4, Credit: 2, Teme: 6])
[27] :
[28] : (dbccffaadf -> [Nume: Usha, Grupa: 314ca, Medie: 6.50, Varsta: 20])
[29] : (afbafbefba -> [Nume: Felicita, Grupa: 312cb, Medie: 8.60, Varsta: 20])
[30] : (fdfcfdddbc -> [Nume: Jama, Grupa: 319cc, Medie: 7.40, Varsta: 28])
[31] : (cfdfdeecec -> [Materie: CPL, Ore_curs: 3, Ore_lab: 2, Credit: 2, Teme: 5])
[32] :
[33] : (caeceeddaa -> [Nume: Roxanne, Grupa: 317ca, Medie: 9.90, Varsta: 21])
[34] :
[35] :
[36] : (dbaadececb -> [Materie: ELTH, Ore_curs: 2, Ore_lab: 3, Credit: 2, Teme: 1])
[37] : (ebecdedbbd -> [Materie: CN1, Ore_curs: 3, Ore_lab: 3, Credit: 3, Teme: 3])
[38] : (dabeafcdfd -> [Materie: ELTH, Ore_curs: 4, Ore_lab: 3, Credit: 3, Teme: 5])
[39] :
[40] : (febfdcbade -> [Nume: Leora, Grupa: 315cd, Medie: 9.60, Varsta: 22]) (ddcbdcffee -> [Materie: EGC, Ore_curs: 4, Ore_lab: 5, Credit: 2, Teme: 5])
[41] :
[42] : (bdbeccdbbd -> [Nume: Raylene, Grupa: 318cf, Medie: 6.60, Varsta: 30]) (daefdfffbe -> [Materie: PL, Ore_curs: 3, Ore_lab: 5, Credit: 3, Teme: 1])
[43] : (cddfecdadc -> [Nume: Celestine, Grupa: 313ca, Medie: 8.50, Varsta: 25])
[44] : (bebabeeeda -> [Materie: EComm, Ore_curs: 1, Ore_lab: 5, Credit: 2, Teme: 1]) (fcfecfdcab -> [Materie: CN1, Ore_curs: 1, Ore_lab: 5, Credit: 3, Teme: 5])
[45] : (edbcbcaded -> [Materie: Mizerie, Ore_curs: 3, Ore_lab: 2, Credit: 2, Teme: 5]) (adcafdafef -> [Materie: IOC, Ore_curs: 2, Ore_lab: 6, Credit: 3, Teme: 3]) (adabbdcdde -> [Materie: TS, Ore_curs: 2, Ore_lab: 4, Credit: 3, Teme: 3])
[46] : (dedbbefeae -> [Nume: Oneida, Grupa: 320cd, Medie: 6.00, Varsta: 24]) (fbabaeecaa -> [Nume: Felicita, Grupa: 318cf, Medie: 6.90, Varsta: 20]) (fbcadfcfcb -> [Nume: Leola, Grupa: 320ce, Medie: 7.10, Varsta: 21])
[47] :
[48] : (ddabbcbcce -> [Materie: IOC, Ore_curs: 4, Ore_lab: 4, Credit: 2, Teme: 3]) (dfdbcdcdbe -> [Nume: Linda, Grupa: 313ca, Medie: 7.90, Varsta: 23])
[49] :
[50] :
[51] : (aedcdeecba -> [Materie: MN, Ore_curs: 2, Ore_lab: 6, Credit: 3, Teme: 1])
[52] :
[53] : (cefdbbfffa -> [Materie: PA, Ore_curs: 2, Ore_lab: 1, Credit: 2, Teme: 6])
[54] : (ffccefdcca -> [Nume: Oneida, Grupa: 319cd, Medie: 7.90, Varsta: 28])
[55] : (eafedabebe -> [Nume: Erwin, Grupa: 319cb, Medie: 6.30, Varsta: 23]) (eabebcbbbd -> [Nume: Roxanne, Grupa: 315cf, Medie: 7.00, Varsta: 24])
[56] :
[57] :
[58] :
[59] :
[60] : (badefaaeee -> [Nume: Sonia, Grupa: 319cf, Medie: 7.30, Varsta: 20])
[61] : (caffcbdcba -> [Materie: Mizerie, Ore_curs: 4, Ore_lab: 4, Credit: 2, Teme: 1]) (edbecdeaaa -> [Nume: Erwin, Grupa: 320ce, Medie: 10.00, Varsta: 30])
[62] :
[63] :
[64] :
[65] :
[66] : (deadeddcfb -> [Nume: Leola, Grupa: 320cd, Medie: 8.50, Varsta: 20]) (fbffcaaeef -> [Nume: Sonia, Grupa: 311cc, Medie: 9.30, Varsta: 25])
[67] : (aedcddcdbe -> [Materie: SPG, Ore_curs: 3, Ore_lab: 2, Credit: 3, Teme: 4])
[68] : (dfcabbbdce -> [Nume: Elvira, Grupa: 316cd, Medie: 9.90, Varsta: 24])
[69] :
[70] : (bfdebabdfa -> [Materie: CN1, Ore_curs: 3, Ore_lab: 4, Credit: 3, Teme: 6]) (dafcccbfdb -> [Nume: Oneida, Grupa: 313ca, Medie: 6.70, Varsta: 29])
[71] : (eedaedbcad -> [Nume: Denna, Grupa: 311cf, Medie: 7.20, Varsta: 20])
[72] :
[73] : (afaefaebde -> [Materie: EComm, Ore_curs: 4, Ore_lab: 4, Credit: 3, Teme: 4])
[74] :
[75] :
[76] :
[77] : (cafdfcdeee -> [Materie: EGC, Ore_curs: 4, Ore_lab: 4, Credit: 2, Teme: 1])
[78] :
[79] : (eadefccbff -> [Materie: IOC, Ore_curs: 2, Ore_lab: 3, Credit: 3, Teme: 6])
